0	nmt	echo "nmt"	612.2563746005238	200
2038	inception3	echo "inception3"	1077.7059699766023	200
4081	lm_large	echo "lm_large"	1.3051774099893065	200
6142	lm_large	echo "lm_large"	21.324693678912194	200
8163	vgg16	echo "vgg16"	109.22937405439725	200
10190	inception3	echo "inception3"	58.43137404387878	200
12137	lm_large	echo "lm_large"	411.6569750391627	200
14137	resnet50	echo "resnet50"	330.3820041370528	200
16244	vae	echo "vae"	0.4974412638513229	200
18307	vgg16	echo "vgg16"	1565.046988509513	200
20351	vae	echo "vae"	1423.793681808952	200
22476	resnet50	echo "resnet50"	1426.809782025443	200
24483	resnet50	echo "resnet50"	1.0618964546311815	200
26436	vae	echo "vae"	0.9759870552684312	200
28419	resnet50	echo "resnet50"	116.36018582992385	200
30445	vae	echo "vae"	39.326151726096086	200
32475	vae	echo "vae"	18.028594837757133	200
34494	vgg16	echo "vgg16"	16.654667764877196	200
36503	nmt	echo "nmt"	1521.6498338213091	200
38619	vgg16	echo "vgg16"	965.4371722528078	200
40567	resnet50	echo "resnet50"	32.488524181228975	200
42595	vae	echo "vae"	64.85036302054232	200
44567	vgg16	echo "vgg16"	3.0298743431793427	200
46561	lm_large	echo "lm_large"	6.582143248672005	200
48556	vgg16	echo "vgg16"	1.258022192236567	200
50502	inception3	echo "inception3"	1.2713898192780824	200
52503	resnet50	echo "resnet50"	287.48444329882665	200
54516	lm_large	echo "lm_large"	98.80218193421257	200
56552	inception3	echo "inception3"	2466.0160523248337	200
58559	resnet50	echo "resnet50"	951.324784740812	200
60569	resnet50	echo "resnet50"	0.5041208030826652	200
62515	nmt	echo "nmt"	120.22176981271424	200
64510	inception3	echo "inception3"	1071.0433687943712	200
66539	vgg16	echo "vgg16"	54.33229832746952	200
68548	lm_large	echo "lm_large"	3.8332019588177917	200
70563	vgg16	echo "vgg16"	29.632994973414306	200
72542	vae	echo "vae"	7.6282394714145	200
74573	inception3	echo "inception3"	1.450872141755173	200
76550	nmt	echo "nmt"	13.20630166739389	200
78541	nmt	echo "nmt"	1746.059105026955	200
80587	vgg16	echo "vgg16"	28.730266513845876	200
82581	vgg16	echo "vgg16"	2.896146624628727	200
84542	resnet50	echo "resnet50"	90.48068849234643	200
86539	lm_large	echo "lm_large"	4.419994045650075	200
88467	vgg16	echo "vgg16"	213.8858135708996	200
90493	lm_large	echo "lm_large"	372.9016256089493	200
92553	resnet50	echo "resnet50"	515.4544776185447	200
94495	nmt	echo "nmt"	1456.6991163192242	200
96532	vgg16	echo "vgg16"	134.00501384121776	200
98640	vgg16	echo "vgg16"	752.5922160041274	200
