0	nmt	echo "nmt"	17.368752474830643	200
29685	resnet50	echo "resnet50"	192.91771379163276	200
59787	resnet50	echo "resnet50"	0.39201301913616293	200
89664	vae	echo "vae"	21.324830513379364	200
119757	resnet50	echo "resnet50"	1.3851228291764275	200
149976	resnet50	echo "resnet50"	24.855704228183704	200
180055	vae	echo "vae"	1.9853167734781036	200
210066	resnet50	echo "resnet50"	243.47300893047588	200
240229	lm_large	echo "lm_large"	1013.1133637203918	200
270319	vgg16	echo "vgg16"	2.8138440336815593	200
300706	vae	echo "vae"	8.855582642803476	200
330795	nmt	echo "nmt"	0.6754686766451786	200
360877	resnet50	echo "resnet50"	0.4867750818246028	200
390758	vgg16	echo "vgg16"	1.632787853415416	200
420946	resnet50	echo "resnet50"	1.346899686207436	200
450827	vae	echo "vae"	1402.5521346860928	200
480789	nmt	echo "nmt"	0.5660618063180397	200
510562	resnet50	echo "resnet50"	403.93422651224444	200
540600	nmt	echo "nmt"	47.81599547067364	200
570464	vae	echo "vae"	143.74421189840638	200
600433	resnet50	echo "resnet50"	20.987420413644188	200
630551	inception3	echo "inception3"	6.479699577214592	200
660323	inception3	echo "inception3"	217.78463930048358	200
690421	resnet50	echo "resnet50"	104.2091913369414	200
720334	lm_large	echo "lm_large"	4.412670734794333	200
750409	vgg16	echo "vgg16"	2787.868405715098	200
780282	lm_large	echo "lm_large"	5.779547782142747	200
810318	inception3	echo "inception3"	3.6383855145152917	200
840445	vae	echo "vae"	11.503441042904193	200
870531	lm_large	echo "lm_large"	8.19001953522688	200
900492	resnet50	echo "resnet50"	38.76921939070956	200
930262	lm_large	echo "lm_large"	23.76910308199003	200
960145	inception3	echo "inception3"	185.94588070015132	200
989932	inception3	echo "inception3"	1172.1365273054619	200
1020297	inception3	echo "inception3"	36.4357609019051	200
1050419	nmt	echo "nmt"	8.213245452696313	200
1080584	nmt	echo "nmt"	921.8700305396707	200
1110448	vgg16	echo "vgg16"	1.3499766679603034	200
1140346	lm_large	echo "lm_large"	1358.7261404027863	200
1170569	inception3	echo "inception3"	15.358856421021976	200
1200664	nmt	echo "nmt"	8.922356649813125	200
1230960	resnet50	echo "resnet50"	773.7981892767666	200
1260992	vgg16	echo "vgg16"	2.2215021489347175	200
1290950	inception3	echo "inception3"	186.66060304842344	200
1320846	inception3	echo "inception3"	15.121632607548845	200
1350814	resnet50	echo "resnet50"	1045.5587304252902	200
1380954	nmt	echo "nmt"	2.0143175017280224	200
1410878	vae	echo "vae"	191.55426686045558	200
1441066	lm_large	echo "lm_large"	0.4972754271597801	200
1471298	vgg16	echo "vgg16"	0.5798237739588046	200
