0	vae	echo "vae"	177.84955564384072	200
9877	inception3	echo "inception3"	49.44767378821027	200
19943	nmt	echo "nmt"	3.9357057566975073	200
30050	resnet50	echo "resnet50"	2368.421286987417	200
40155	nmt	echo "nmt"	42.03952535191122	200
50261	vae	echo "vae"	0.8130396609262022	200
60212	resnet50	echo "resnet50"	789.7217008474383	200
70186	lm_large	echo "lm_large"	1.3466010929265573	200
80067	resnet50	echo "resnet50"	6.656011131460225	200
90185	inception3	echo "inception3"	21.47207453272305	200
100149	vae	echo "vae"	1211.842938965097	200
110109	lm_large	echo "lm_large"	1.4118861681367587	200
120047	vae	echo "vae"	15.895823556657867	200
129937	resnet50	echo "resnet50"	4.938474689490244	200
139838	vgg16	echo "vgg16"	7.053468907637945	200
149804	nmt	echo "nmt"	1.9548097305730385	200
159734	resnet50	echo "resnet50"	103.07172121678084	200
169675	lm_large	echo "lm_large"	216.21727863454444	200
179640	resnet50	echo "resnet50"	0.5255842910511206	200
189605	inception3	echo "inception3"	63.28238143544819	200
199657	vgg16	echo "vgg16"	293.60684185130106	200
209656	vae	echo "vae"	413.72239063894483	200
219657	vgg16	echo "vgg16"	6.387595849873477	200
229568	inception3	echo "inception3"	1.3981390217969036	200
239389	lm_large	echo "lm_large"	6.2678888997553495	200
249436	resnet50	echo "resnet50"	33.21774404406361	200
259499	lm_large	echo "lm_large"	1974.3411187273136	200
269464	vae	echo "vae"	3.744136403723457	200
279434	vgg16	echo "vgg16"	5.692367022565826	200
289409	inception3	echo "inception3"	48.61154044242574	200
299336	lm_large	echo "lm_large"	237.44422345965202	200
309229	lm_large	echo "lm_large"	8.083490719705317	200
319297	nmt	echo "nmt"	2.9114411697909572	200
329272	vgg16	echo "vgg16"	20.565861321792887	200
339253	inception3	echo "inception3"	1500.3040695837885	200
349398	lm_large	echo "lm_large"	36.652644931825684	200
359552	vae	echo "vae"	1.2723285861981788	200
369470	lm_large	echo "lm_large"	65.14016659326066	200
379553	lm_large	echo "lm_large"	0.31728230778820155	200
389445	vae	echo "vae"	143.97179494144194	200
399540	inception3	echo "inception3"	185.42658183412266	200
409391	vae	echo "vae"	0.7658267028914575	200
419458	vgg16	echo "vgg16"	2.1266438689921565	200
429399	lm_large	echo "lm_large"	127.70923917082115	200
439464	lm_large	echo "lm_large"	1.5321807426718725	200
449429	inception3	echo "inception3"	2.0162265395538674	200
459451	inception3	echo "inception3"	5.852217289309835	200
469477	inception3	echo "inception3"	400.8939793002635	200
479509	vae	echo "vae"	2.185027651204272	200
489602	nmt	echo "nmt"	805.1216031190409	200
