ResNet-50	cd /home/keshavsanthanam/gpusched/workloads/pytorch/image_classification/imagenet && python3 main.py -j 4 -a resnet50 -b 64 /home/deepakn94/imagenet/	--num_minibatches	147	0	1
A3C	cd /home/keshavsanthanam/gpusched/workloads/pytorch/rl && python3 main.py --env PongDeterministic-v4 --workers 4 --amsgrad True	--max-steps	307	55	1
LM	cd /home/keshavsanthanam/gpusched/workloads/pytorch/language_modeling && python main.py --cuda --data /home/keshavsanthanam/data/wikitext-2	--steps	6791	179	1
Recommendation	cd /home/keshavsanthanam/gpusched/workloads/pytorch/recommendation/scripts/ml-20m && python3 train.py	-n	29	779	1
ResNet-18	cd /home/keshavsanthanam/gpusched/workloads/pytorch/image_classification/cifar10 && python3 main.py --data_dir=/home/keshavsanthanam/data/cifar10	--num_steps	3228	1379	1
Transformer	cd /home/keshavsanthanam/gpusched/workloads/pytorch/translation/ && python3 train.py -data /home/keshavsanthanam/data/translation/multi30k.atok.low.pt -proj_share_weight	-step	143	1662	1
CycleGAN	cd /home/keshavsanthanam/gpusched/workloads/pytorch/cyclegan && python3 cyclegan.py --dataset_path /home/keshavsanthanam/data/monet2photo --decay_epoch 0	--n_steps	253	1979	1
ResNet-50	cd /home/keshavsanthanam/gpusched/workloads/pytorch/image_classification/imagenet && python3 main.py -j 4 -a resnet50 -b 64 /home/deepakn94/imagenet/	--num_minibatches	87	2579	1
A3C	cd /home/keshavsanthanam/gpusched/workloads/pytorch/rl && python3 main.py --env PongDeterministic-v4 --workers 4 --amsgrad True	--max-steps	532	3179	1
LM	cd /home/keshavsanthanam/gpusched/workloads/pytorch/language_modeling && python main.py --cuda --data /home/keshavsanthanam/data/wikitext-2	--steps	6692	3779	1
Recommendation	cd /home/keshavsanthanam/gpusched/workloads/pytorch/recommendation/scripts/ml-20m && python3 train.py	-n	27	4379	1
ResNet-18	cd /home/keshavsanthanam/gpusched/workloads/pytorch/image_classification/cifar10 && python3 main.py --data_dir=/home/keshavsanthanam/data/cifar10	--num_steps	4794	4666	1
Transformer	cd /home/keshavsanthanam/gpusched/workloads/pytorch/translation/ && python3 train.py -data /home/keshavsanthanam/data/translation/multi30k.atok.low.pt -proj_share_weight	-step	1055	4893	1
CycleGAN	cd /home/keshavsanthanam/gpusched/workloads/pytorch/cyclegan && python3 cyclegan.py --dataset_path /home/keshavsanthanam/data/monet2photo --decay_epoch 0	--n_steps	33824	4979	1
ResNet-50	cd /home/keshavsanthanam/gpusched/workloads/pytorch/image_classification/imagenet && python3 main.py -j 4 -a resnet50 -b 64 /home/deepakn94/imagenet/	--num_minibatches	262047	5577	1
A3C	cd /home/keshavsanthanam/gpusched/workloads/pytorch/rl && python3 main.py --env PongDeterministic-v4 --workers 4 --amsgrad True	--max-steps	517	5579	1
LM	cd /home/keshavsanthanam/gpusched/workloads/pytorch/language_modeling && python main.py --cuda --data /home/keshavsanthanam/data/wikitext-2	--steps	6496	5581	1
Recommendation	cd /home/keshavsanthanam/gpusched/workloads/pytorch/recommendation/scripts/ml-20m && python3 train.py	-n	98335	5585	1
ResNet-18	cd /home/keshavsanthanam/gpusched/workloads/pytorch/image_classification/cifar10 && python3 main.py --data_dir=/home/keshavsanthanam/data/cifar10	--num_steps	5473253	5589	1
Transformer	cd /home/keshavsanthanam/gpusched/workloads/pytorch/translation/ && python3 train.py -data /home/keshavsanthanam/data/translation/multi30k.atok.low.pt -proj_share_weight	-step	3684	5592	1
CycleGAN	cd /home/keshavsanthanam/gpusched/workloads/pytorch/cyclegan && python3 cyclegan.py --dataset_path /home/keshavsanthanam/data/monet2photo --decay_epoch 0	--n_steps	1313	5596	1
ResNet-50	cd /home/keshavsanthanam/gpusched/workloads/pytorch/image_classification/imagenet && python3 main.py -j 4 -a resnet50 -b 64 /home/deepakn94/imagenet/	--num_minibatches	616550	5600	1
A3C	cd /home/keshavsanthanam/gpusched/workloads/pytorch/rl && python3 main.py --env PongDeterministic-v4 --workers 4 --amsgrad True	--max-steps	184476	5604	1
LM	cd /home/keshavsanthanam/gpusched/workloads/pytorch/language_modeling && python main.py --cuda --data /home/keshavsanthanam/data/wikitext-2	--steps	4411417	5611	1
Recommendation	cd /home/keshavsanthanam/gpusched/workloads/pytorch/recommendation/scripts/ml-20m && python3 train.py	-n	26	5615	1
ResNet-18	cd /home/keshavsanthanam/gpusched/workloads/pytorch/image_classification/cifar10 && python3 main.py --data_dir=/home/keshavsanthanam/data/cifar10	--num_steps	1124980	5619	1
Transformer	cd /home/keshavsanthanam/gpusched/workloads/pytorch/translation/ && python3 train.py -data /home/keshavsanthanam/data/translation/multi30k.atok.low.pt -proj_share_weight	-step	460835	5627	1
