ResNet-50	cd /home/keshavsanthanam/gpusched/workloads/pytorch/image_classification/imagenet && python3 main.py -j 4 -a resnet50 -b 64 /home/deepakn94/imagenet/	--num_minibatches	147	0	1
A3C	cd /home/keshavsanthanam/gpusched/workloads/pytorch/rl && python3 main.py --env PongDeterministic-v4 --workers 4 --amsgrad True	--max-steps	307	55	1
LM	cd /home/keshavsanthanam/gpusched/workloads/pytorch/language_modeling && python main.py --cuda --data /home/keshavsanthanam/data/wikitext-2	--steps	6791	179	1
Recommendation	cd /home/keshavsanthanam/gpusched/workloads/pytorch/recommendation/scripts/ml-20m && python3 train.py	-n	29	779	1
ResNet-18	cd /home/keshavsanthanam/gpusched/workloads/pytorch/image_classification/cifar10 && python3 main.py --data_dir=/home/keshavsanthanam/data/cifar10	--num_steps	3228	1379	1
Transformer	cd /home/keshavsanthanam/gpusched/workloads/pytorch/translation/ && python3 train.py -data /home/keshavsanthanam/data/translation/multi30k.atok.low.pt -proj_share_weight	-step	143	1662	1
CycleGAN	cd /home/keshavsanthanam/gpusched/workloads/pytorch/cyclegan && python3 cyclegan.py --dataset_path /home/keshavsanthanam/data/monet2photo --decay_epoch 0	--n_steps	253	1979	1
ResNet-50	cd /home/keshavsanthanam/gpusched/workloads/pytorch/image_classification/imagenet && python3 main.py -j 4 -a resnet50 -b 64 /home/deepakn94/imagenet/	--num_minibatches	87	2579	1
A3C	cd /home/keshavsanthanam/gpusched/workloads/pytorch/rl && python3 main.py --env PongDeterministic-v4 --workers 4 --amsgrad True	--max-steps	532	3179	1
LM	cd /home/keshavsanthanam/gpusched/workloads/pytorch/language_modeling && python main.py --cuda --data /home/keshavsanthanam/data/wikitext-2	--steps	6692	3779	1
Recommendation	cd /home/keshavsanthanam/gpusched/workloads/pytorch/recommendation/scripts/ml-20m && python3 train.py	-n	27	4379	1
ResNet-18	cd /home/keshavsanthanam/gpusched/workloads/pytorch/image_classification/cifar10 && python3 main.py --data_dir=/home/keshavsanthanam/data/cifar10	--num_steps	4794	4666	1
Transformer	cd /home/keshavsanthanam/gpusched/workloads/pytorch/translation/ && python3 train.py -data /home/keshavsanthanam/data/translation/multi30k.atok.low.pt -proj_share_weight	-step	1055	4893	1
CycleGAN	cd /home/keshavsanthanam/gpusched/workloads/pytorch/cyclegan && python3 cyclegan.py --dataset_path /home/keshavsanthanam/data/monet2photo --decay_epoch 0	--n_steps	33824	4979	1
ResNet-50	cd /home/keshavsanthanam/gpusched/workloads/pytorch/image_classification/imagenet && python3 main.py -j 4 -a resnet50 -b 64 /home/deepakn94/imagenet/	--num_minibatches	262047	5577	1
A3C	cd /home/keshavsanthanam/gpusched/workloads/pytorch/rl && python3 main.py --env PongDeterministic-v4 --workers 4 --amsgrad True	--max-steps	517	5579	1
LM	cd /home/keshavsanthanam/gpusched/workloads/pytorch/language_modeling && python main.py --cuda --data /home/keshavsanthanam/data/wikitext-2	--steps	6496	5581	1
Recommendation	cd /home/keshavsanthanam/gpusched/workloads/pytorch/recommendation/scripts/ml-20m && python3 train.py	-n	98335	5585	1
ResNet-18	cd /home/keshavsanthanam/gpusched/workloads/pytorch/image_classification/cifar10 && python3 main.py --data_dir=/home/keshavsanthanam/data/cifar10	--num_steps	5473253	5589	1
Transformer	cd /home/keshavsanthanam/gpusched/workloads/pytorch/translation/ && python3 train.py -data /home/keshavsanthanam/data/translation/multi30k.atok.low.pt -proj_share_weight	-step	3684	5592	1
CycleGAN	cd /home/keshavsanthanam/gpusched/workloads/pytorch/cyclegan && python3 cyclegan.py --dataset_path /home/keshavsanthanam/data/monet2photo --decay_epoch 0	--n_steps	1313	5596	1
ResNet-50	cd /home/keshavsanthanam/gpusched/workloads/pytorch/image_classification/imagenet && python3 main.py -j 4 -a resnet50 -b 64 /home/deepakn94/imagenet/	--num_minibatches	616550	5600	1
A3C	cd /home/keshavsanthanam/gpusched/workloads/pytorch/rl && python3 main.py --env PongDeterministic-v4 --workers 4 --amsgrad True	--max-steps	184476	5604	1
LM	cd /home/keshavsanthanam/gpusched/workloads/pytorch/language_modeling && python main.py --cuda --data /home/keshavsanthanam/data/wikitext-2	--steps	4411417	5611	1
Recommendation	cd /home/keshavsanthanam/gpusched/workloads/pytorch/recommendation/scripts/ml-20m && python3 train.py	-n	26	5615	1
ResNet-18	cd /home/keshavsanthanam/gpusched/workloads/pytorch/image_classification/cifar10 && python3 main.py --data_dir=/home/keshavsanthanam/data/cifar10	--num_steps	1124980	5619	1
Transformer	cd /home/keshavsanthanam/gpusched/workloads/pytorch/translation/ && python3 train.py -data /home/keshavsanthanam/data/translation/multi30k.atok.low.pt -proj_share_weight	-step	460835	5627	1
CycleGAN	cd /home/keshavsanthanam/gpusched/workloads/pytorch/cyclegan && python3 cyclegan.py --dataset_path /home/keshavsanthanam/data/monet2photo --decay_epoch 0	--n_steps	838167	5631	1
ResNet-50	cd /home/keshavsanthanam/gpusched/workloads/pytorch/image_classification/imagenet && python3 main.py -j 4 -a resnet50 -b 64 /home/deepakn94/imagenet/	--num_minibatches	114321	5635	1
A3C	cd /home/keshavsanthanam/gpusched/workloads/pytorch/rl && python3 main.py --env PongDeterministic-v4 --workers 4 --amsgrad True	--max-steps	1615520	5639	1
LM	cd /home/keshavsanthanam/gpusched/workloads/pytorch/language_modeling && python main.py --cuda --data /home/keshavsanthanam/data/wikitext-2	--steps	23114665	5643	1
Recommendation	cd /home/keshavsanthanam/gpusched/workloads/pytorch/recommendation/scripts/ml-20m && python3 train.py	-n	27411	5647	1
ResNet-18	cd /home/keshavsanthanam/gpusched/workloads/pytorch/image_classification/cifar10 && python3 main.py --data_dir=/home/keshavsanthanam/data/cifar10	--num_steps	2823873	5650	1
Transformer	cd /home/keshavsanthanam/gpusched/workloads/pytorch/translation/ && python3 train.py -data /home/keshavsanthanam/data/translation/multi30k.atok.low.pt -proj_share_weight	-step	859190	5654	1
CycleGAN	cd /home/keshavsanthanam/gpusched/workloads/pytorch/cyclegan && python3 cyclegan.py --dataset_path /home/keshavsanthanam/data/monet2photo --decay_epoch 0	--n_steps	241	5658	1
ResNet-50	cd /home/keshavsanthanam/gpusched/workloads/pytorch/image_classification/imagenet && python3 main.py -j 4 -a resnet50 -b 64 /home/deepakn94/imagenet/	--num_minibatches	270296	5662	1
A3C	cd /home/keshavsanthanam/gpusched/workloads/pytorch/rl && python3 main.py --env PongDeterministic-v4 --workers 4 --amsgrad True	--max-steps	3581693	5666	1
LM	cd /home/keshavsanthanam/gpusched/workloads/pytorch/language_modeling && python main.py --cuda --data /home/keshavsanthanam/data/wikitext-2	--steps	5905	5671	1
Recommendation	cd /home/keshavsanthanam/gpusched/workloads/pytorch/recommendation/scripts/ml-20m && python3 train.py	-n	167650	5675	1
ResNet-18	cd /home/keshavsanthanam/gpusched/workloads/pytorch/image_classification/cifar10 && python3 main.py --data_dir=/home/keshavsanthanam/data/cifar10	--num_steps	7081598	5679	1
Transformer	cd /home/keshavsanthanam/gpusched/workloads/pytorch/translation/ && python3 train.py -data /home/keshavsanthanam/data/translation/multi30k.atok.low.pt -proj_share_weight	-step	470591	5683	1
CycleGAN	cd /home/keshavsanthanam/gpusched/workloads/pytorch/cyclegan && python3 cyclegan.py --dataset_path /home/keshavsanthanam/data/monet2photo --decay_epoch 0	--n_steps	121552	5687	1
ResNet-50	cd /home/keshavsanthanam/gpusched/workloads/pytorch/image_classification/imagenet && python3 main.py -j 4 -a resnet50 -b 64 /home/deepakn94/imagenet/	--num_minibatches	40	5689	1
A3C	cd /home/keshavsanthanam/gpusched/workloads/pytorch/rl && python3 main.py --env PongDeterministic-v4 --workers 4 --amsgrad True	--max-steps	1931938	5690	1
LM	cd /home/keshavsanthanam/gpusched/workloads/pytorch/language_modeling && python main.py --cuda --data /home/keshavsanthanam/data/wikitext-2	--steps	5946161	5698	1
Recommendation	cd /home/keshavsanthanam/gpusched/workloads/pytorch/recommendation/scripts/ml-20m && python3 train.py	-n	73042	5702	1
ResNet-18	cd /home/keshavsanthanam/gpusched/workloads/pytorch/image_classification/cifar10 && python3 main.py --data_dir=/home/keshavsanthanam/data/cifar10	--num_steps	17855	5706	1
Transformer	cd /home/keshavsanthanam/gpusched/workloads/pytorch/translation/ && python3 train.py -data /home/keshavsanthanam/data/translation/multi30k.atok.low.pt -proj_share_weight	-step	2140040	5710	1
CycleGAN	cd /home/keshavsanthanam/gpusched/workloads/pytorch/cyclegan && python3 cyclegan.py --dataset_path /home/keshavsanthanam/data/monet2photo --decay_epoch 0	--n_steps	1414	5713	1
ResNet-50	cd /home/keshavsanthanam/gpusched/workloads/pytorch/image_classification/imagenet && python3 main.py -j 4 -a resnet50 -b 64 /home/deepakn94/imagenet/	--num_minibatches	442761	5717	1
A3C	cd /home/keshavsanthanam/gpusched/workloads/pytorch/rl && python3 main.py --env PongDeterministic-v4 --workers 4 --amsgrad True	--max-steps	2076206	5721	1
LM	cd /home/keshavsanthanam/gpusched/workloads/pytorch/language_modeling && python main.py --cuda --data /home/keshavsanthanam/data/wikitext-2	--steps	25755216	5725	1
Recommendation	cd /home/keshavsanthanam/gpusched/workloads/pytorch/recommendation/scripts/ml-20m && python3 train.py	-n	11171	5729	1
ResNet-18	cd /home/keshavsanthanam/gpusched/workloads/pytorch/image_classification/cifar10 && python3 main.py --data_dir=/home/keshavsanthanam/data/cifar10	--num_steps	12552845	5732	1
Transformer	cd /home/keshavsanthanam/gpusched/workloads/pytorch/translation/ && python3 train.py -data /home/keshavsanthanam/data/translation/multi30k.atok.low.pt -proj_share_weight	-step	436780	5736	1
CycleGAN	cd /home/keshavsanthanam/gpusched/workloads/pytorch/cyclegan && python3 cyclegan.py --dataset_path /home/keshavsanthanam/data/monet2photo --decay_epoch 0	--n_steps	424069	5740	1
ResNet-50	cd /home/keshavsanthanam/gpusched/workloads/pytorch/image_classification/imagenet && python3 main.py -j 4 -a resnet50 -b 64 /home/deepakn94/imagenet/	--num_minibatches	59396	5744	1
A3C	cd /home/keshavsanthanam/gpusched/workloads/pytorch/rl && python3 main.py --env PongDeterministic-v4 --workers 4 --amsgrad True	--max-steps	3004451	5748	1
LM	cd /home/keshavsanthanam/gpusched/workloads/pytorch/language_modeling && python main.py --cuda --data /home/keshavsanthanam/data/wikitext-2	--steps	13327657	5752	1
Recommendation	cd /home/keshavsanthanam/gpusched/workloads/pytorch/recommendation/scripts/ml-20m && python3 train.py	-n	161	5756	1
ResNet-18	cd /home/keshavsanthanam/gpusched/workloads/pytorch/image_classification/cifar10 && python3 main.py --data_dir=/home/keshavsanthanam/data/cifar10	--num_steps	2024983	5760	1
Transformer	cd /home/keshavsanthanam/gpusched/workloads/pytorch/translation/ && python3 train.py -data /home/keshavsanthanam/data/translation/multi30k.atok.low.pt -proj_share_weight	-step	3031	5764	1
CycleGAN	cd /home/keshavsanthanam/gpusched/workloads/pytorch/cyclegan && python3 cyclegan.py --dataset_path /home/keshavsanthanam/data/monet2photo --decay_epoch 0	--n_steps	1419672	5768	1
ResNet-50	cd /home/keshavsanthanam/gpusched/workloads/pytorch/image_classification/imagenet && python3 main.py -j 4 -a resnet50 -b 64 /home/deepakn94/imagenet/	--num_minibatches	365161	5771	1
A3C	cd /home/keshavsanthanam/gpusched/workloads/pytorch/rl && python3 main.py --env PongDeterministic-v4 --workers 4 --amsgrad True	--max-steps	1067062	5775	1
LM	cd /home/keshavsanthanam/gpusched/workloads/pytorch/language_modeling && python main.py --cuda --data /home/keshavsanthanam/data/wikitext-2	--steps	20633464	5779	1
Recommendation	cd /home/keshavsanthanam/gpusched/workloads/pytorch/recommendation/scripts/ml-20m && python3 train.py	-n	85756	5783	1
ResNet-18	cd /home/keshavsanthanam/gpusched/workloads/pytorch/image_classification/cifar10 && python3 main.py --data_dir=/home/keshavsanthanam/data/cifar10	--num_steps	1391146	5790	1
Transformer	cd /home/keshavsanthanam/gpusched/workloads/pytorch/translation/ && python3 train.py -data /home/keshavsanthanam/data/translation/multi30k.atok.low.pt -proj_share_weight	-step	2606357	5794	1
CycleGAN	cd /home/keshavsanthanam/gpusched/workloads/pytorch/cyclegan && python3 cyclegan.py --dataset_path /home/keshavsanthanam/data/monet2photo --decay_epoch 0	--n_steps	1076637	5798	1
ResNet-50	cd /home/keshavsanthanam/gpusched/workloads/pytorch/image_classification/imagenet && python3 main.py -j 4 -a resnet50 -b 64 /home/deepakn94/imagenet/	--num_minibatches	59236	5802	1
A3C	cd /home/keshavsanthanam/gpusched/workloads/pytorch/rl && python3 main.py --env PongDeterministic-v4 --workers 4 --amsgrad True	--max-steps	1488392	5806	1
LM	cd /home/keshavsanthanam/gpusched/workloads/pytorch/language_modeling && python main.py --cuda --data /home/keshavsanthanam/data/wikitext-2	--steps	32991928	5810	1
Recommendation	cd /home/keshavsanthanam/gpusched/workloads/pytorch/recommendation/scripts/ml-20m && python3 train.py	-n	160961	5813	1
ResNet-18	cd /home/keshavsanthanam/gpusched/workloads/pytorch/image_classification/cifar10 && python3 main.py --data_dir=/home/keshavsanthanam/data/cifar10	--num_steps	17199767	5817	1
Transformer	cd /home/keshavsanthanam/gpusched/workloads/pytorch/translation/ && python3 train.py -data /home/keshavsanthanam/data/translation/multi30k.atok.low.pt -proj_share_weight	-step	933072	5821	1
CycleGAN	cd /home/keshavsanthanam/gpusched/workloads/pytorch/cyclegan && python3 cyclegan.py --dataset_path /home/keshavsanthanam/data/monet2photo --decay_epoch 0	--n_steps	109287	5825	1
ResNet-50	cd /home/keshavsanthanam/gpusched/workloads/pytorch/image_classification/imagenet && python3 main.py -j 4 -a resnet50 -b 64 /home/deepakn94/imagenet/	--num_minibatches	270297	5829	1
A3C	cd /home/keshavsanthanam/gpusched/workloads/pytorch/rl && python3 main.py --env PongDeterministic-v4 --workers 4 --amsgrad True	--max-steps	256715	5833	1
LM	cd /home/keshavsanthanam/gpusched/workloads/pytorch/language_modeling && python main.py --cuda --data /home/keshavsanthanam/data/wikitext-2	--steps	5694881	5837	1
Recommendation	cd /home/keshavsanthanam/gpusched/workloads/pytorch/recommendation/scripts/ml-20m && python3 train.py	-n	42305	5841	1
ResNet-18	cd /home/keshavsanthanam/gpusched/workloads/pytorch/image_classification/cifar10 && python3 main.py --data_dir=/home/keshavsanthanam/data/cifar10	--num_steps	2254852	5846	1
Transformer	cd /home/keshavsanthanam/gpusched/workloads/pytorch/translation/ && python3 train.py -data /home/keshavsanthanam/data/translation/multi30k.atok.low.pt -proj_share_weight	-step	3147	5850	1
CycleGAN	cd /home/keshavsanthanam/gpusched/workloads/pytorch/cyclegan && python3 cyclegan.py --dataset_path /home/keshavsanthanam/data/monet2photo --decay_epoch 0	--n_steps	1494182	5854	1
ResNet-50	cd /home/keshavsanthanam/gpusched/workloads/pytorch/image_classification/imagenet && python3 main.py -j 4 -a resnet50 -b 64 /home/deepakn94/imagenet/	--num_minibatches	29176	5858	1
A3C	cd /home/keshavsanthanam/gpusched/workloads/pytorch/rl && python3 main.py --env PongDeterministic-v4 --workers 4 --amsgrad True	--max-steps	3358	5862	1
LM	cd /home/keshavsanthanam/gpusched/workloads/pytorch/language_modeling && python main.py --cuda --data /home/keshavsanthanam/data/wikitext-2	--steps	23207676	5866	1
Recommendation	cd /home/keshavsanthanam/gpusched/workloads/pytorch/recommendation/scripts/ml-20m && python3 train.py	-n	155	5869	1
ResNet-18	cd /home/keshavsanthanam/gpusched/workloads/pytorch/image_classification/cifar10 && python3 main.py --data_dir=/home/keshavsanthanam/data/cifar10	--num_steps	3739041	5874	1
Transformer	cd /home/keshavsanthanam/gpusched/workloads/pytorch/translation/ && python3 train.py -data /home/keshavsanthanam/data/translation/multi30k.atok.low.pt -proj_share_weight	-step	2432661	5878	1
CycleGAN	cd /home/keshavsanthanam/gpusched/workloads/pytorch/cyclegan && python3 cyclegan.py --dataset_path /home/keshavsanthanam/data/monet2photo --decay_epoch 0	--n_steps	1279456	5882	1
ResNet-50	cd /home/keshavsanthanam/gpusched/workloads/pytorch/image_classification/imagenet && python3 main.py -j 4 -a resnet50 -b 64 /home/deepakn94/imagenet/	--num_minibatches	33149	5886	1
A3C	cd /home/keshavsanthanam/gpusched/workloads/pytorch/rl && python3 main.py --env PongDeterministic-v4 --workers 4 --amsgrad True	--max-steps	1744095	5890	1
LM	cd /home/keshavsanthanam/gpusched/workloads/pytorch/language_modeling && python main.py --cuda --data /home/keshavsanthanam/data/wikitext-2	--steps	34547	5894	1
Recommendation	cd /home/keshavsanthanam/gpusched/workloads/pytorch/recommendation/scripts/ml-20m && python3 train.py	-n	114814	5898	1
ResNet-18	cd /home/keshavsanthanam/gpusched/workloads/pytorch/image_classification/cifar10 && python3 main.py --data_dir=/home/keshavsanthanam/data/cifar10	--num_steps	12324738	5903	1
Transformer	cd /home/keshavsanthanam/gpusched/workloads/pytorch/translation/ && python3 train.py -data /home/keshavsanthanam/data/translation/multi30k.atok.low.pt -proj_share_weight	-step	4014949	5906	1
CycleGAN	cd /home/keshavsanthanam/gpusched/workloads/pytorch/cyclegan && python3 cyclegan.py --dataset_path /home/keshavsanthanam/data/monet2photo --decay_epoch 0	--n_steps	611324	5911	1
ResNet-50	cd /home/keshavsanthanam/gpusched/workloads/pytorch/image_classification/imagenet && python3 main.py -j 4 -a resnet50 -b 64 /home/deepakn94/imagenet/	--num_minibatches	678134	5914	1
A3C	cd /home/keshavsanthanam/gpusched/workloads/pytorch/rl && python3 main.py --env PongDeterministic-v4 --workers 4 --amsgrad True	--max-steps	3435761	5918	1
