ResNet-50 (batch size 64)	cd %s/gpusched/workloads/pytorch/image_classification/imagenet && python3 main.py -j 4 -a resnet50 -b 64 %s/data/imagenet/pytorch --checkpoint_dir=%s/checkpoints/job_id=0	--num_minibatches	1	7005	0.000000	1	1.000000
Recommendation (batch size 4096)	cd %s/gpusched/workloads/pytorch/recommendation/scripts/ml-20m && python3 train.py --data_dir %s/data/ml-20m/pro_sg/ --batch_size 4096 --checkpoint_dir=%s/checkpoints/job_id=1	-n	1	1007	0.000000	1	1.000000
ResNet-18 (batch size 256)	cd %s/gpusched/workloads/pytorch/image_classification/cifar10 && python3 main.py --data_dir=%s/data/cifar10 --batch_size 256  --checkpoint_dir=%s/checkpoints/job_id=2	--num_steps	1	22731	0.000000	1	1.000000
ResNet-18 (batch size 16)	cd %s/gpusched/workloads/pytorch/image_classification/cifar10 && python3 main.py --data_dir=%s/data/cifar10 --batch_size 16  --checkpoint_dir=%s/checkpoints/job_id=3	--num_steps	1	182705	0.000000	1	1.000000
Transformer (batch size 16)	cd %s/gpusched/workloads/pytorch/translation && python3 train.py -data %s/data/translation/multi30k.atok.low.pt -batch_size 16 -proj_share_weight --checkpoint_dir=%s/checkpoints/job_id=4	-step	1	33744	0.000000	1	1.000000
Recommendation (batch size 8192)	cd %s/gpusched/workloads/pytorch/recommendation/scripts/ml-20m && python3 train.py --data_dir %s/data/ml-20m/pro_sg/ --batch_size 8192 --checkpoint_dir=%s/checkpoints/job_id=5	-n	1	585	0.000000	1	1.000000
LM (batch size 10)	cd %s/gpusched/workloads/pytorch/language_modeling && python main.py --cuda --data %s/data/wikitext2 --batch_size 10 --checkpoint_dir=%s/checkpoints/job_id=6	--steps	1	486551	0.000000	1	1.000000
ResNet-50 (batch size 128)	cd %s/gpusched/workloads/pytorch/image_classification/imagenet && python3 main.py -j 4 -a resnet50 -b 128 %s/data/imagenet/pytorch --checkpoint_dir=%s/checkpoints/job_id=7	--num_minibatches	1	6505	0.000000	1	1.000000
ResNet-18 (batch size 128)	cd %s/gpusched/workloads/pytorch/image_classification/cifar10 && python3 main.py --data_dir=%s/data/cifar10 --batch_size 128  --checkpoint_dir=%s/checkpoints/job_id=8	--num_steps	1	56025	0.000000	1	1.000000
ResNet-18 (batch size 16)	cd %s/gpusched/workloads/pytorch/image_classification/cifar10 && python3 main.py --data_dir=%s/data/cifar10 --batch_size 16  --checkpoint_dir=%s/checkpoints/job_id=9	--num_steps	1	288941	0.000000	1	1.000000
CycleGAN	cd %s/gpusched/workloads/pytorch/cyclegan && python3 cyclegan.py --dataset_path %s/data/monet2photo --decay_epoch 0 --checkpoint_dir=%s/checkpoints/job_id=10	--n_steps	1	7843	0.000000	1	1.000000
ResNet-50 (batch size 128)	cd %s/gpusched/workloads/pytorch/image_classification/imagenet && python3 main.py -j 4 -a resnet50 -b 128 %s/data/imagenet/pytorch --checkpoint_dir=%s/checkpoints/job_id=11	--num_minibatches	1	3078	0.000000	1	1.000000
Transformer (batch size 16)	cd %s/gpusched/workloads/pytorch/translation && python3 train.py -data %s/data/translation/multi30k.atok.low.pt -batch_size 16 -proj_share_weight --checkpoint_dir=%s/checkpoints/job_id=12	-step	1	18541	0.000000	1	1.000000
Recommendation (batch size 4096)	cd %s/gpusched/workloads/pytorch/recommendation/scripts/ml-20m && python3 train.py --data_dir %s/data/ml-20m/pro_sg/ --batch_size 4096 --checkpoint_dir=%s/checkpoints/job_id=13	-n	1	1788	0.000000	1	1.000000
Transformer (batch size 64)	cd %s/gpusched/workloads/pytorch/translation && python3 train.py -data %s/data/translation/multi30k.atok.low.pt -batch_size 64 -proj_share_weight --checkpoint_dir=%s/checkpoints/job_id=14	-step	1	11505	0.000000	1	1.000000
LM (batch size 80)	cd %s/gpusched/workloads/pytorch/language_modeling && python main.py --cuda --data %s/data/wikitext2 --batch_size 80 --checkpoint_dir=%s/checkpoints/job_id=15	--steps	1	95476	0.000000	1	1.000000
Transformer (batch size 128)	cd %s/gpusched/workloads/pytorch/translation && python3 train.py -data %s/data/translation/multi30k.atok.low.pt -batch_size 128 -proj_share_weight --checkpoint_dir=%s/checkpoints/job_id=16	-step	1	13730	0.000000	1	1.000000
ResNet-50 (batch size 16)	cd %s/gpusched/workloads/pytorch/image_classification/imagenet && python3 main.py -j 4 -a resnet50 -b 16 %s/data/imagenet/pytorch --checkpoint_dir=%s/checkpoints/job_id=17	--num_minibatches	1	25424	0.000000	1	1.000000
ResNet-50 (batch size 128)	cd %s/gpusched/workloads/pytorch/image_classification/imagenet && python3 main.py -j 4 -a resnet50 -b 128 %s/data/imagenet/pytorch --checkpoint_dir=%s/checkpoints/job_id=18	--num_minibatches	1	2470	0.000000	1	1.000000
LM (batch size 20)	cd %s/gpusched/workloads/pytorch/language_modeling && python main.py --cuda --data %s/data/wikitext2 --batch_size 20 --checkpoint_dir=%s/checkpoints/job_id=19	--steps	1	491661	0.000000	1	1.000000
ResNet-18 (batch size 16)	cd %s/gpusched/workloads/pytorch/image_classification/cifar10 && python3 main.py --data_dir=%s/data/cifar10 --batch_size 16  --checkpoint_dir=%s/checkpoints/job_id=20	--num_steps	1	308817	0.000000	1	1.000000
LM (batch size 40)	cd %s/gpusched/workloads/pytorch/language_modeling && python main.py --cuda --data %s/data/wikitext2 --batch_size 40 --checkpoint_dir=%s/checkpoints/job_id=21	--steps	1	239691	0.000000	1	1.000000
Transformer (batch size 16)	cd %s/gpusched/workloads/pytorch/translation && python3 train.py -data %s/data/translation/multi30k.atok.low.pt -batch_size 16 -proj_share_weight --checkpoint_dir=%s/checkpoints/job_id=22	-step	1	35160	0.000000	1	1.000000
LM (batch size 10)	cd %s/gpusched/workloads/pytorch/language_modeling && python main.py --cuda --data %s/data/wikitext2 --batch_size 10 --checkpoint_dir=%s/checkpoints/job_id=23	--steps	1	295538	0.000000	1	1.000000
Transformer (batch size 256)	cd %s/gpusched/workloads/pytorch/translation && python3 train.py -data %s/data/translation/multi30k.atok.low.pt -batch_size 256 -proj_share_weight --checkpoint_dir=%s/checkpoints/job_id=24	-step	1	8593	0.000000	1	1.000000
Transformer (batch size 256)	cd %s/gpusched/workloads/pytorch/translation && python3 train.py -data %s/data/translation/multi30k.atok.low.pt -batch_size 256 -proj_share_weight --checkpoint_dir=%s/checkpoints/job_id=25	-step	1	7233	0.000000	1	1.000000
ResNet-50 (batch size 64)	cd %s/gpusched/workloads/pytorch/image_classification/imagenet && python3 main.py -j 4 -a resnet50 -b 64 %s/data/imagenet/pytorch --checkpoint_dir=%s/checkpoints/job_id=26	--num_minibatches	1	7025	0.000000	1	1.000000
CycleGAN	cd %s/gpusched/workloads/pytorch/cyclegan && python3 cyclegan.py --dataset_path %s/data/monet2photo --decay_epoch 0 --checkpoint_dir=%s/checkpoints/job_id=27	--n_steps	1	4976	0.000000	1	1.000000
ResNet-18 (batch size 32)	cd %s/gpusched/workloads/pytorch/image_classification/cifar10 && python3 main.py --data_dir=%s/data/cifar10 --batch_size 32  --checkpoint_dir=%s/checkpoints/job_id=28	--num_steps	1	171909	0.000000	1	1.000000
ResNet-50 (batch size 128)	cd %s/gpusched/workloads/pytorch/image_classification/imagenet && python3 main.py -j 4 -a resnet50 -b 128 %s/data/imagenet/pytorch --checkpoint_dir=%s/checkpoints/job_id=29	--num_minibatches	1	4981	0.000000	1	1.000000
Recommendation (batch size 512)	cd %s/gpusched/workloads/pytorch/recommendation/scripts/ml-20m && python3 train.py --data_dir %s/data/ml-20m/pro_sg/ --batch_size 512 --checkpoint_dir=%s/checkpoints/job_id=30	-n	1	949	0.000000	1	1.000000
Transformer (batch size 32)	cd %s/gpusched/workloads/pytorch/translation && python3 train.py -data %s/data/translation/multi30k.atok.low.pt -batch_size 32 -proj_share_weight --checkpoint_dir=%s/checkpoints/job_id=31	-step	1	13924	0.000000	1	1.000000
Recommendation (batch size 1024)	cd %s/gpusched/workloads/pytorch/recommendation/scripts/ml-20m && python3 train.py --data_dir %s/data/ml-20m/pro_sg/ --batch_size 1024 --checkpoint_dir=%s/checkpoints/job_id=32	-n	1	847	0.000000	1	1.000000
Transformer (batch size 256)	cd %s/gpusched/workloads/pytorch/translation && python3 train.py -data %s/data/translation/multi30k.atok.low.pt -batch_size 256 -proj_share_weight --checkpoint_dir=%s/checkpoints/job_id=33	-step	1	11493	0.000000	1	1.000000
Recommendation (batch size 512)	cd %s/gpusched/workloads/pytorch/recommendation/scripts/ml-20m && python3 train.py --data_dir %s/data/ml-20m/pro_sg/ --batch_size 512 --checkpoint_dir=%s/checkpoints/job_id=34	-n	1	1139	0.000000	1	1.000000
ResNet-50 (batch size 128)	cd %s/gpusched/workloads/pytorch/image_classification/imagenet && python3 main.py -j 4 -a resnet50 -b 128 %s/data/imagenet/pytorch --checkpoint_dir=%s/checkpoints/job_id=35	--num_minibatches	1	3022	0.000000	1	1.000000
Transformer (batch size 256)	cd %s/gpusched/workloads/pytorch/translation && python3 train.py -data %s/data/translation/multi30k.atok.low.pt -batch_size 256 -proj_share_weight --checkpoint_dir=%s/checkpoints/job_id=36	-step	1	9957	0.000000	1	1.000000
Transformer (batch size 32)	cd %s/gpusched/workloads/pytorch/translation && python3 train.py -data %s/data/translation/multi30k.atok.low.pt -batch_size 32 -proj_share_weight --checkpoint_dir=%s/checkpoints/job_id=37	-step	1	28169	0.000000	1	1.000000
ResNet-50 (batch size 32)	cd %s/gpusched/workloads/pytorch/image_classification/imagenet && python3 main.py -j 4 -a resnet50 -b 32 %s/data/imagenet/pytorch --checkpoint_dir=%s/checkpoints/job_id=38	--num_minibatches	1	29668	0.000000	1	1.000000
ResNet-18 (batch size 128)	cd %s/gpusched/workloads/pytorch/image_classification/cifar10 && python3 main.py --data_dir=%s/data/cifar10 --batch_size 128  --checkpoint_dir=%s/checkpoints/job_id=39	--num_steps	1	110417	0.000000	1	1.000000
Recommendation (batch size 2048)	cd %s/gpusched/workloads/pytorch/recommendation/scripts/ml-20m && python3 train.py --data_dir %s/data/ml-20m/pro_sg/ --batch_size 2048 --checkpoint_dir=%s/checkpoints/job_id=40	-n	1	802	0.000000	1	1.000000
Recommendation (batch size 8192)	cd %s/gpusched/workloads/pytorch/recommendation/scripts/ml-20m && python3 train.py --data_dir %s/data/ml-20m/pro_sg/ --batch_size 8192 --checkpoint_dir=%s/checkpoints/job_id=41	-n	1	1367	0.000000	1	1.000000
ResNet-50 (batch size 64)	cd %s/gpusched/workloads/pytorch/image_classification/imagenet && python3 main.py -j 4 -a resnet50 -b 64 %s/data/imagenet/pytorch --checkpoint_dir=%s/checkpoints/job_id=42	--num_minibatches	1	5011	0.000000	1	1.000000
ResNet-50 (batch size 16)	cd %s/gpusched/workloads/pytorch/image_classification/imagenet && python3 main.py -j 4 -a resnet50 -b 16 %s/data/imagenet/pytorch --checkpoint_dir=%s/checkpoints/job_id=43	--num_minibatches	1	27333	0.000000	1	1.000000
ResNet-18 (batch size 16)	cd %s/gpusched/workloads/pytorch/image_classification/cifar10 && python3 main.py --data_dir=%s/data/cifar10 --batch_size 16  --checkpoint_dir=%s/checkpoints/job_id=44	--num_steps	1	93511	0.000000	1	1.000000
Recommendation (batch size 2048)	cd %s/gpusched/workloads/pytorch/recommendation/scripts/ml-20m && python3 train.py --data_dir %s/data/ml-20m/pro_sg/ --batch_size 2048 --checkpoint_dir=%s/checkpoints/job_id=45	-n	1	593	0.000000	1	1.000000
Transformer (batch size 16)	cd %s/gpusched/workloads/pytorch/translation && python3 train.py -data %s/data/translation/multi30k.atok.low.pt -batch_size 16 -proj_share_weight --checkpoint_dir=%s/checkpoints/job_id=46	-step	1	31792	0.000000	1	1.000000
Transformer (batch size 32)	cd %s/gpusched/workloads/pytorch/translation && python3 train.py -data %s/data/translation/multi30k.atok.low.pt -batch_size 32 -proj_share_weight --checkpoint_dir=%s/checkpoints/job_id=47	-step	1	10231	0.000000	1	1.000000
