ResNet-18 (batch size 256)	cd %s/gpusched/workloads/pytorch/image_classification/cifar10 && python3 main.py --data_dir=%s/data/cifar10 --batch_size 256  --checkpoint_dir=%s/checkpoints/job_id=0	--num_steps	1	48452	0.000000	1	1.000000
CycleGAN	cd %s/gpusched/workloads/pytorch/cyclegan && python3 cyclegan.py --dataset_path %s/data/monet2photo --decay_epoch 0 --checkpoint_dir=%s/checkpoints/job_id=1	--n_steps	1	5238	0.000000	1	1.000000
ResNet-18 (batch size 128)	cd %s/gpusched/workloads/pytorch/image_classification/cifar10 && python3 main.py --data_dir=%s/data/cifar10 --batch_size 128  --checkpoint_dir=%s/checkpoints/job_id=2	--num_steps	1	78029	0.000000	1	1.000000
LM (batch size 5)	cd %s/gpusched/workloads/pytorch/language_modeling && python main.py --cuda --data %s/data/wikitext2 --batch_size 5 --checkpoint_dir=%s/checkpoints/job_id=3	--steps	1	530544	0.000000	1	1.000000
Transformer (batch size 256)	cd %s/gpusched/workloads/pytorch/translation && python3 train.py -data %s/data/translation/multi30k.atok.low.pt -batch_size 256 -proj_share_weight --checkpoint_dir=%s/checkpoints/job_id=4	-step	1	10343	0.000000	1	1.000000
ResNet-18 (batch size 128)	cd %s/gpusched/workloads/pytorch/image_classification/cifar10 && python3 main.py --data_dir=%s/data/cifar10 --batch_size 128  --checkpoint_dir=%s/checkpoints/job_id=5	--num_steps	1	77316	0.000000	1	1.000000
Transformer (batch size 256)	cd %s/gpusched/workloads/pytorch/translation && python3 train.py -data %s/data/translation/multi30k.atok.low.pt -batch_size 256 -proj_share_weight --checkpoint_dir=%s/checkpoints/job_id=6	-step	1	7061	0.000000	1	1.000000
CycleGAN	cd %s/gpusched/workloads/pytorch/cyclegan && python3 cyclegan.py --dataset_path %s/data/monet2photo --decay_epoch 0 --checkpoint_dir=%s/checkpoints/job_id=7	--n_steps	1	14542	0.000000	1	1.000000
Recommendation (batch size 4096)	cd %s/gpusched/workloads/pytorch/recommendation/scripts/ml-20m && python3 train.py --data_dir %s/data/ml-20m/pro_sg/ --batch_size 4096 --checkpoint_dir=%s/checkpoints/job_id=8	-n	1	1075	0.000000	1	1.000000
Recommendation (batch size 8192)	cd %s/gpusched/workloads/pytorch/recommendation/scripts/ml-20m && python3 train.py --data_dir %s/data/ml-20m/pro_sg/ --batch_size 8192 --checkpoint_dir=%s/checkpoints/job_id=9	-n	1	1695	0.000000	1	1.000000
LM (batch size 80)	cd %s/gpusched/workloads/pytorch/language_modeling && python main.py --cuda --data %s/data/wikitext2 --batch_size 80 --checkpoint_dir=%s/checkpoints/job_id=10	--steps	1	182004	0.000000	1	1.000000
Transformer (batch size 64)	cd %s/gpusched/workloads/pytorch/translation && python3 train.py -data %s/data/translation/multi30k.atok.low.pt -batch_size 64 -proj_share_weight --checkpoint_dir=%s/checkpoints/job_id=11	-step	1	9968	0.000000	1	1.000000
ResNet-18 (batch size 16)	cd %s/gpusched/workloads/pytorch/image_classification/cifar10 && python3 main.py --data_dir=%s/data/cifar10 --batch_size 16  --checkpoint_dir=%s/checkpoints/job_id=12	--num_steps	1	244348	0.000000	1	1.000000
ResNet-18 (batch size 16)	cd %s/gpusched/workloads/pytorch/image_classification/cifar10 && python3 main.py --data_dir=%s/data/cifar10 --batch_size 16  --checkpoint_dir=%s/checkpoints/job_id=13	--num_steps	1	316344	0.000000	1	1.000000
Transformer (batch size 256)	cd %s/gpusched/workloads/pytorch/translation && python3 train.py -data %s/data/translation/multi30k.atok.low.pt -batch_size 256 -proj_share_weight --checkpoint_dir=%s/checkpoints/job_id=14	-step	1	9400	0.000000	1	1.000000
A3C	cd %s/gpusched/workloads/pytorch/rl && python3 main.py --env PongDeterministic-v4 --workers 4 --amsgrad True --checkpoint_dir=%s/checkpoints/job_id=15	--max-steps	0	27194	0.000000	1	1.000000
LM (batch size 20)	cd %s/gpusched/workloads/pytorch/language_modeling && python main.py --cuda --data %s/data/wikitext2 --batch_size 20 --checkpoint_dir=%s/checkpoints/job_id=16	--steps	1	232480	0.000000	1	1.000000
LM (batch size 5)	cd %s/gpusched/workloads/pytorch/language_modeling && python main.py --cuda --data %s/data/wikitext2 --batch_size 5 --checkpoint_dir=%s/checkpoints/job_id=17	--steps	1	838053	0.000000	1	1.000000
LM (batch size 40)	cd %s/gpusched/workloads/pytorch/language_modeling && python main.py --cuda --data %s/data/wikitext2 --batch_size 40 --checkpoint_dir=%s/checkpoints/job_id=18	--steps	1	130765	0.000000	1	1.000000
ResNet-50 (batch size 64)	cd %s/gpusched/workloads/pytorch/image_classification/imagenet && python3 main.py -j 4 -a resnet50 -b 64 %s/data/imagenet/pytorch --checkpoint_dir=%s/checkpoints/job_id=19	--num_minibatches	1	11115	0.000000	1	1.000000
CycleGAN	cd %s/gpusched/workloads/pytorch/cyclegan && python3 cyclegan.py --dataset_path %s/data/monet2photo --decay_epoch 0 --checkpoint_dir=%s/checkpoints/job_id=20	--n_steps	1	10478	0.000000	1	1.000000
Transformer (batch size 32)	cd %s/gpusched/workloads/pytorch/translation && python3 train.py -data %s/data/translation/multi30k.atok.low.pt -batch_size 32 -proj_share_weight --checkpoint_dir=%s/checkpoints/job_id=21	-step	1	36670	0.000000	1	1.000000
A3C	cd %s/gpusched/workloads/pytorch/rl && python3 main.py --env PongDeterministic-v4 --workers 4 --amsgrad True --checkpoint_dir=%s/checkpoints/job_id=22	--max-steps	0	30063	0.000000	1	1.000000
LM (batch size 40)	cd %s/gpusched/workloads/pytorch/language_modeling && python main.py --cuda --data %s/data/wikitext2 --batch_size 40 --checkpoint_dir=%s/checkpoints/job_id=23	--steps	1	289853	0.000000	1	1.000000
ResNet-18 (batch size 128)	cd %s/gpusched/workloads/pytorch/image_classification/cifar10 && python3 main.py --data_dir=%s/data/cifar10 --batch_size 128  --checkpoint_dir=%s/checkpoints/job_id=24	--num_steps	1	48887	0.000000	1	1.000000
Recommendation (batch size 8192)	cd %s/gpusched/workloads/pytorch/recommendation/scripts/ml-20m && python3 train.py --data_dir %s/data/ml-20m/pro_sg/ --batch_size 8192 --checkpoint_dir=%s/checkpoints/job_id=25	-n	1	1782	0.000000	1	1.000000
ResNet-18 (batch size 128)	cd %s/gpusched/workloads/pytorch/image_classification/cifar10 && python3 main.py --data_dir=%s/data/cifar10 --batch_size 128  --checkpoint_dir=%s/checkpoints/job_id=26	--num_steps	1	101352	0.000000	1	1.000000
Recommendation (batch size 8192)	cd %s/gpusched/workloads/pytorch/recommendation/scripts/ml-20m && python3 train.py --data_dir %s/data/ml-20m/pro_sg/ --batch_size 8192 --checkpoint_dir=%s/checkpoints/job_id=27	-n	1	1951	0.000000	1	1.000000
LM (batch size 20)	cd %s/gpusched/workloads/pytorch/language_modeling && python main.py --cuda --data %s/data/wikitext2 --batch_size 20 --checkpoint_dir=%s/checkpoints/job_id=28	--steps	1	531862	0.000000	1	1.000000
A3C	cd %s/gpusched/workloads/pytorch/rl && python3 main.py --env PongDeterministic-v4 --workers 4 --amsgrad True --checkpoint_dir=%s/checkpoints/job_id=29	--max-steps	0	21594	0.000000	1	1.000000
Recommendation (batch size 2048)	cd %s/gpusched/workloads/pytorch/recommendation/scripts/ml-20m && python3 train.py --data_dir %s/data/ml-20m/pro_sg/ --batch_size 2048 --checkpoint_dir=%s/checkpoints/job_id=30	-n	1	746	0.000000	1	1.000000
Transformer (batch size 32)	cd %s/gpusched/workloads/pytorch/translation && python3 train.py -data %s/data/translation/multi30k.atok.low.pt -batch_size 32 -proj_share_weight --checkpoint_dir=%s/checkpoints/job_id=31	-step	1	26805	0.000000	1	1.000000
LM (batch size 10)	cd %s/gpusched/workloads/pytorch/language_modeling && python main.py --cuda --data %s/data/wikitext2 --batch_size 10 --checkpoint_dir=%s/checkpoints/job_id=32	--steps	1	659648	0.000000	1	1.000000
LM (batch size 20)	cd %s/gpusched/workloads/pytorch/language_modeling && python main.py --cuda --data %s/data/wikitext2 --batch_size 20 --checkpoint_dir=%s/checkpoints/job_id=33	--steps	1	304383	0.000000	1	1.000000
ResNet-18 (batch size 32)	cd %s/gpusched/workloads/pytorch/image_classification/cifar10 && python3 main.py --data_dir=%s/data/cifar10 --batch_size 32  --checkpoint_dir=%s/checkpoints/job_id=34	--num_steps	1	175701	0.000000	1	1.000000
Recommendation (batch size 8192)	cd %s/gpusched/workloads/pytorch/recommendation/scripts/ml-20m && python3 train.py --data_dir %s/data/ml-20m/pro_sg/ --batch_size 8192 --checkpoint_dir=%s/checkpoints/job_id=35	-n	1	1688	0.000000	1	1.000000
A3C	cd %s/gpusched/workloads/pytorch/rl && python3 main.py --env PongDeterministic-v4 --workers 4 --amsgrad True --checkpoint_dir=%s/checkpoints/job_id=36	--max-steps	0	25625	0.000000	1	1.000000
Transformer (batch size 128)	cd %s/gpusched/workloads/pytorch/translation && python3 train.py -data %s/data/translation/multi30k.atok.low.pt -batch_size 128 -proj_share_weight --checkpoint_dir=%s/checkpoints/job_id=37	-step	1	14431	0.000000	1	1.000000
Recommendation (batch size 4096)	cd %s/gpusched/workloads/pytorch/recommendation/scripts/ml-20m && python3 train.py --data_dir %s/data/ml-20m/pro_sg/ --batch_size 4096 --checkpoint_dir=%s/checkpoints/job_id=38	-n	1	1532	0.000000	1	1.000000
Recommendation (batch size 8192)	cd %s/gpusched/workloads/pytorch/recommendation/scripts/ml-20m && python3 train.py --data_dir %s/data/ml-20m/pro_sg/ --batch_size 8192 --checkpoint_dir=%s/checkpoints/job_id=39	-n	1	1057	0.000000	1	1.000000
LM (batch size 5)	cd %s/gpusched/workloads/pytorch/language_modeling && python main.py --cuda --data %s/data/wikitext2 --batch_size 5 --checkpoint_dir=%s/checkpoints/job_id=40	--steps	1	656672	0.000000	1	1.000000
ResNet-18 (batch size 128)	cd %s/gpusched/workloads/pytorch/image_classification/cifar10 && python3 main.py --data_dir=%s/data/cifar10 --batch_size 128  --checkpoint_dir=%s/checkpoints/job_id=41	--num_steps	1	104675	0.000000	1	1.000000
LM (batch size 20)	cd %s/gpusched/workloads/pytorch/language_modeling && python main.py --cuda --data %s/data/wikitext2 --batch_size 20 --checkpoint_dir=%s/checkpoints/job_id=42	--steps	1	491446	0.000000	1	1.000000
Transformer (batch size 128)	cd %s/gpusched/workloads/pytorch/translation && python3 train.py -data %s/data/translation/multi30k.atok.low.pt -batch_size 128 -proj_share_weight --checkpoint_dir=%s/checkpoints/job_id=43	-step	1	13464	0.000000	1	1.000000
ResNet-18 (batch size 16)	cd %s/gpusched/workloads/pytorch/image_classification/cifar10 && python3 main.py --data_dir=%s/data/cifar10 --batch_size 16  --checkpoint_dir=%s/checkpoints/job_id=44	--num_steps	1	199543	0.000000	1	1.000000
Transformer (batch size 32)	cd %s/gpusched/workloads/pytorch/translation && python3 train.py -data %s/data/translation/multi30k.atok.low.pt -batch_size 32 -proj_share_weight --checkpoint_dir=%s/checkpoints/job_id=45	-step	1	30176	0.000000	1	1.000000
Recommendation (batch size 512)	cd %s/gpusched/workloads/pytorch/recommendation/scripts/ml-20m && python3 train.py --data_dir %s/data/ml-20m/pro_sg/ --batch_size 512 --checkpoint_dir=%s/checkpoints/job_id=46	-n	1	1093	0.000000	1	1.000000
Transformer (batch size 256)	cd %s/gpusched/workloads/pytorch/translation && python3 train.py -data %s/data/translation/multi30k.atok.low.pt -batch_size 256 -proj_share_weight --checkpoint_dir=%s/checkpoints/job_id=47	-step	1	9038	0.000000	1	1.000000
