Transformer (batch size 128)	cd %s/gpusched/workloads/pytorch/translation && python3 train.py -data %s/data/translation/multi30k.atok.low.pt -batch_size 128 -proj_share_weight --checkpoint_dir=%s/checkpoints/job_id=0	-step	1	17852	0.000000	1	1.000000
Transformer (batch size 256)	cd %s/gpusched/workloads/pytorch/translation && python3 train.py -data %s/data/translation/multi30k.atok.low.pt -batch_size 256 -proj_share_weight --checkpoint_dir=%s/checkpoints/job_id=1	-step	1	3445	0.000000	1	1.000000
LM (batch size 10)	cd %s/gpusched/workloads/pytorch/language_modeling && python main.py --cuda --data %s/data/wikitext2 --batch_size 10 --checkpoint_dir=%s/checkpoints/job_id=2	--steps	1	458168	0.000000	1	1.000000
CycleGAN	cd %s/gpusched/workloads/pytorch/cyclegan && python3 cyclegan.py --dataset_path %s/data/monet2photo --decay_epoch 0 --checkpoint_dir=%s/checkpoints/job_id=3	--n_steps	1	15370	0.000000	1	1.000000
LM (batch size 5)	cd %s/gpusched/workloads/pytorch/language_modeling && python main.py --cuda --data %s/data/wikitext2 --batch_size 5 --checkpoint_dir=%s/checkpoints/job_id=4	--steps	1	455336	0.000000	1	1.000000
ResNet-50 (batch size 32)	cd %s/gpusched/workloads/pytorch/image_classification/imagenet && python3 main.py -j 4 -a resnet50 -b 32 %s/data/imagenet/pytorch --checkpoint_dir=%s/checkpoints/job_id=5	--num_minibatches	1	20088	0.000000	1	1.000000
Transformer (batch size 16)	cd %s/gpusched/workloads/pytorch/translation && python3 train.py -data %s/data/translation/multi30k.atok.low.pt -batch_size 16 -proj_share_weight --checkpoint_dir=%s/checkpoints/job_id=6	-step	1	14080	0.000000	1	1.000000
ResNet-18 (batch size 128)	cd %s/gpusched/workloads/pytorch/image_classification/cifar10 && python3 main.py --data_dir=%s/data/cifar10 --batch_size 128  --checkpoint_dir=%s/checkpoints/job_id=7	--num_steps	1	89604	0.000000	1	1.000000
ResNet-50 (batch size 128)	cd %s/gpusched/workloads/pytorch/image_classification/imagenet && python3 main.py -j 4 -a resnet50 -b 128 %s/data/imagenet/pytorch --checkpoint_dir=%s/checkpoints/job_id=8	--num_minibatches	1	7718	0.000000	1	1.000000
LM (batch size 20)	cd %s/gpusched/workloads/pytorch/language_modeling && python main.py --cuda --data %s/data/wikitext2 --batch_size 20 --checkpoint_dir=%s/checkpoints/job_id=9	--steps	1	551274	0.000000	1	1.000000
CycleGAN	cd %s/gpusched/workloads/pytorch/cyclegan && python3 cyclegan.py --dataset_path %s/data/monet2photo --decay_epoch 0 --checkpoint_dir=%s/checkpoints/job_id=10	--n_steps	1	12358	0.000000	1	1.000000
ResNet-18 (batch size 256)	cd %s/gpusched/workloads/pytorch/image_classification/cifar10 && python3 main.py --data_dir=%s/data/cifar10 --batch_size 256  --checkpoint_dir=%s/checkpoints/job_id=11	--num_steps	1	34544	0.000000	1	1.000000
Recommendation (batch size 4096)	cd %s/gpusched/workloads/pytorch/recommendation/scripts/ml-20m && python3 train.py --data_dir %s/data/ml-20m/pro_sg/ --batch_size 4096 --checkpoint_dir=%s/checkpoints/job_id=12	-n	1	562	0.000000	1	1.000000
Recommendation (batch size 1024)	cd %s/gpusched/workloads/pytorch/recommendation/scripts/ml-20m && python3 train.py --data_dir %s/data/ml-20m/pro_sg/ --batch_size 1024 --checkpoint_dir=%s/checkpoints/job_id=13	-n	1	1062	0.000000	1	1.000000
LM (batch size 20)	cd %s/gpusched/workloads/pytorch/language_modeling && python main.py --cuda --data %s/data/wikitext2 --batch_size 20 --checkpoint_dir=%s/checkpoints/job_id=14	--steps	1	181801	0.000000	1	1.000000
Transformer (batch size 256)	cd %s/gpusched/workloads/pytorch/translation && python3 train.py -data %s/data/translation/multi30k.atok.low.pt -batch_size 256 -proj_share_weight --checkpoint_dir=%s/checkpoints/job_id=15	-step	1	5987	0.000000	1	1.000000
Recommendation (batch size 512)	cd %s/gpusched/workloads/pytorch/recommendation/scripts/ml-20m && python3 train.py --data_dir %s/data/ml-20m/pro_sg/ --batch_size 512 --checkpoint_dir=%s/checkpoints/job_id=16	-n	1	1470	0.000000	1	1.000000
LM (batch size 20)	cd %s/gpusched/workloads/pytorch/language_modeling && python main.py --cuda --data %s/data/wikitext2 --batch_size 20 --checkpoint_dir=%s/checkpoints/job_id=17	--steps	1	339423	0.000000	1	1.000000
LM (batch size 10)	cd %s/gpusched/workloads/pytorch/language_modeling && python main.py --cuda --data %s/data/wikitext2 --batch_size 10 --checkpoint_dir=%s/checkpoints/job_id=18	--steps	1	332094	0.000000	1	1.000000
CycleGAN	cd %s/gpusched/workloads/pytorch/cyclegan && python3 cyclegan.py --dataset_path %s/data/monet2photo --decay_epoch 0 --checkpoint_dir=%s/checkpoints/job_id=19	--n_steps	1	16541	0.000000	1	1.000000
ResNet-18 (batch size 16)	cd %s/gpusched/workloads/pytorch/image_classification/cifar10 && python3 main.py --data_dir=%s/data/cifar10 --batch_size 16  --checkpoint_dir=%s/checkpoints/job_id=20	--num_steps	1	106055	0.000000	1	1.000000
Transformer (batch size 128)	cd %s/gpusched/workloads/pytorch/translation && python3 train.py -data %s/data/translation/multi30k.atok.low.pt -batch_size 128 -proj_share_weight --checkpoint_dir=%s/checkpoints/job_id=21	-step	1	17072	0.000000	1	1.000000
CycleGAN	cd %s/gpusched/workloads/pytorch/cyclegan && python3 cyclegan.py --dataset_path %s/data/monet2photo --decay_epoch 0 --checkpoint_dir=%s/checkpoints/job_id=22	--n_steps	1	13233	0.000000	1	1.000000
ResNet-18 (batch size 16)	cd %s/gpusched/workloads/pytorch/image_classification/cifar10 && python3 main.py --data_dir=%s/data/cifar10 --batch_size 16  --checkpoint_dir=%s/checkpoints/job_id=23	--num_steps	1	234988	0.000000	1	1.000000
Transformer (batch size 32)	cd %s/gpusched/workloads/pytorch/translation && python3 train.py -data %s/data/translation/multi30k.atok.low.pt -batch_size 32 -proj_share_weight --checkpoint_dir=%s/checkpoints/job_id=24	-step	1	16802	0.000000	1	1.000000
Transformer (batch size 32)	cd %s/gpusched/workloads/pytorch/translation && python3 train.py -data %s/data/translation/multi30k.atok.low.pt -batch_size 32 -proj_share_weight --checkpoint_dir=%s/checkpoints/job_id=25	-step	1	30183	0.000000	1	1.000000
ResNet-18 (batch size 64)	cd %s/gpusched/workloads/pytorch/image_classification/cifar10 && python3 main.py --data_dir=%s/data/cifar10 --batch_size 64  --checkpoint_dir=%s/checkpoints/job_id=26	--num_steps	1	87346	0.000000	1	1.000000
LM (batch size 40)	cd %s/gpusched/workloads/pytorch/language_modeling && python main.py --cuda --data %s/data/wikitext2 --batch_size 40 --checkpoint_dir=%s/checkpoints/job_id=27	--steps	1	128137	0.000000	1	1.000000
CycleGAN	cd %s/gpusched/workloads/pytorch/cyclegan && python3 cyclegan.py --dataset_path %s/data/monet2photo --decay_epoch 0 --checkpoint_dir=%s/checkpoints/job_id=28	--n_steps	1	17189	0.000000	1	1.000000
CycleGAN	cd %s/gpusched/workloads/pytorch/cyclegan && python3 cyclegan.py --dataset_path %s/data/monet2photo --decay_epoch 0 --checkpoint_dir=%s/checkpoints/job_id=29	--n_steps	1	11579	0.000000	1	1.000000
ResNet-18 (batch size 64)	cd %s/gpusched/workloads/pytorch/image_classification/cifar10 && python3 main.py --data_dir=%s/data/cifar10 --batch_size 64  --checkpoint_dir=%s/checkpoints/job_id=30	--num_steps	1	68921	0.000000	1	1.000000
Transformer (batch size 32)	cd %s/gpusched/workloads/pytorch/translation && python3 train.py -data %s/data/translation/multi30k.atok.low.pt -batch_size 32 -proj_share_weight --checkpoint_dir=%s/checkpoints/job_id=31	-step	1	35174	0.000000	1	1.000000
LM (batch size 5)	cd %s/gpusched/workloads/pytorch/language_modeling && python main.py --cuda --data %s/data/wikitext2 --batch_size 5 --checkpoint_dir=%s/checkpoints/job_id=32	--steps	1	291353	0.000000	1	1.000000
LM (batch size 20)	cd %s/gpusched/workloads/pytorch/language_modeling && python main.py --cuda --data %s/data/wikitext2 --batch_size 20 --checkpoint_dir=%s/checkpoints/job_id=33	--steps	1	261548	0.000000	1	1.000000
ResNet-18 (batch size 128)	cd %s/gpusched/workloads/pytorch/image_classification/cifar10 && python3 main.py --data_dir=%s/data/cifar10 --batch_size 128  --checkpoint_dir=%s/checkpoints/job_id=34	--num_steps	1	82926	0.000000	1	1.000000
LM (batch size 20)	cd %s/gpusched/workloads/pytorch/language_modeling && python main.py --cuda --data %s/data/wikitext2 --batch_size 20 --checkpoint_dir=%s/checkpoints/job_id=35	--steps	1	224735	0.000000	1	1.000000
CycleGAN	cd %s/gpusched/workloads/pytorch/cyclegan && python3 cyclegan.py --dataset_path %s/data/monet2photo --decay_epoch 0 --checkpoint_dir=%s/checkpoints/job_id=36	--n_steps	1	12375	0.000000	1	1.000000
LM (batch size 40)	cd %s/gpusched/workloads/pytorch/language_modeling && python main.py --cuda --data %s/data/wikitext2 --batch_size 40 --checkpoint_dir=%s/checkpoints/job_id=37	--steps	1	143363	0.000000	1	1.000000
ResNet-18 (batch size 64)	cd %s/gpusched/workloads/pytorch/image_classification/cifar10 && python3 main.py --data_dir=%s/data/cifar10 --batch_size 64  --checkpoint_dir=%s/checkpoints/job_id=38	--num_steps	1	154841	0.000000	1	1.000000
Transformer (batch size 128)	cd %s/gpusched/workloads/pytorch/translation && python3 train.py -data %s/data/translation/multi30k.atok.low.pt -batch_size 128 -proj_share_weight --checkpoint_dir=%s/checkpoints/job_id=39	-step	1	10639	0.000000	1	1.000000
ResNet-50 (batch size 64)	cd %s/gpusched/workloads/pytorch/image_classification/imagenet && python3 main.py -j 4 -a resnet50 -b 64 %s/data/imagenet/pytorch --checkpoint_dir=%s/checkpoints/job_id=40	--num_minibatches	1	6862	0.000000	1	1.000000
ResNet-50 (batch size 32)	cd %s/gpusched/workloads/pytorch/image_classification/imagenet && python3 main.py -j 4 -a resnet50 -b 32 %s/data/imagenet/pytorch --checkpoint_dir=%s/checkpoints/job_id=41	--num_minibatches	1	27682	0.000000	1	1.000000
ResNet-18 (batch size 32)	cd %s/gpusched/workloads/pytorch/image_classification/cifar10 && python3 main.py --data_dir=%s/data/cifar10 --batch_size 32  --checkpoint_dir=%s/checkpoints/job_id=42	--num_steps	1	204326	0.000000	1	1.000000
Recommendation (batch size 1024)	cd %s/gpusched/workloads/pytorch/recommendation/scripts/ml-20m && python3 train.py --data_dir %s/data/ml-20m/pro_sg/ --batch_size 1024 --checkpoint_dir=%s/checkpoints/job_id=43	-n	1	950	0.000000	1	1.000000
ResNet-18 (batch size 64)	cd %s/gpusched/workloads/pytorch/image_classification/cifar10 && python3 main.py --data_dir=%s/data/cifar10 --batch_size 64  --checkpoint_dir=%s/checkpoints/job_id=44	--num_steps	1	70483	0.000000	1	1.000000
Recommendation (batch size 8192)	cd %s/gpusched/workloads/pytorch/recommendation/scripts/ml-20m && python3 train.py --data_dir %s/data/ml-20m/pro_sg/ --batch_size 8192 --checkpoint_dir=%s/checkpoints/job_id=45	-n	1	692	0.000000	1	1.000000
ResNet-18 (batch size 256)	cd %s/gpusched/workloads/pytorch/image_classification/cifar10 && python3 main.py --data_dir=%s/data/cifar10 --batch_size 256  --checkpoint_dir=%s/checkpoints/job_id=46	--num_steps	1	67465	0.000000	1	1.000000
ResNet-18 (batch size 64)	cd %s/gpusched/workloads/pytorch/image_classification/cifar10 && python3 main.py --data_dir=%s/data/cifar10 --batch_size 64  --checkpoint_dir=%s/checkpoints/job_id=47	--num_steps	1	205125	0.000000	1	1.000000
