ResNet-50 (batch size 64)	cd %s/gpusched/workloads/pytorch/image_classification/imagenet && python3 main.py -j 4 -a resnet50 -b 64 %s/data/imagenet/pytorch --checkpoint_dir=%s/checkpoints/job_id=0	--num_minibatches	1	10188	0.000000	1	1.000000
ResNet-18 (batch size 256)	cd %s/gpusched/workloads/pytorch/image_classification/cifar10 && python3 main.py --data_dir=%s/data/cifar10 --batch_size 256  --checkpoint_dir=%s/checkpoints/job_id=1	--num_steps	1	37755	0.000000	1	1.000000
LM (batch size 80)	cd %s/gpusched/workloads/pytorch/language_modeling && python main.py --cuda --data %s/data/wikitext2 --batch_size 80 --checkpoint_dir=%s/checkpoints/job_id=2	--steps	1	114928	0.000000	1	1.000000
LM (batch size 40)	cd %s/gpusched/workloads/pytorch/language_modeling && python main.py --cuda --data %s/data/wikitext2 --batch_size 40 --checkpoint_dir=%s/checkpoints/job_id=3	--steps	1	92082	0.000000	1	1.000000
ResNet-18 (batch size 16)	cd %s/gpusched/workloads/pytorch/image_classification/cifar10 && python3 main.py --data_dir=%s/data/cifar10 --batch_size 16  --checkpoint_dir=%s/checkpoints/job_id=4	--num_steps	1	308804	0.000000	1	1.000000
LM (batch size 5)	cd %s/gpusched/workloads/pytorch/language_modeling && python main.py --cuda --data %s/data/wikitext2 --batch_size 5 --checkpoint_dir=%s/checkpoints/job_id=5	--steps	1	390336	0.000000	1	1.000000
ResNet-50 (batch size 64)	cd %s/gpusched/workloads/pytorch/image_classification/imagenet && python3 main.py -j 4 -a resnet50 -b 64 %s/data/imagenet/pytorch --checkpoint_dir=%s/checkpoints/job_id=6	--num_minibatches	1	5777	0.000000	1	1.000000
Recommendation (batch size 2048)	cd %s/gpusched/workloads/pytorch/recommendation/scripts/ml-20m && python3 train.py --data_dir %s/data/ml-20m/pro_sg/ --batch_size 2048 --checkpoint_dir=%s/checkpoints/job_id=7	-n	1	1147	0.000000	1	1.000000
LM (batch size 20)	cd %s/gpusched/workloads/pytorch/language_modeling && python main.py --cuda --data %s/data/wikitext2 --batch_size 20 --checkpoint_dir=%s/checkpoints/job_id=8	--steps	1	339148	0.000000	1	1.000000
Recommendation (batch size 512)	cd %s/gpusched/workloads/pytorch/recommendation/scripts/ml-20m && python3 train.py --data_dir %s/data/ml-20m/pro_sg/ --batch_size 512 --checkpoint_dir=%s/checkpoints/job_id=9	-n	1	1409	0.000000	1	1.000000
ResNet-50 (batch size 64)	cd %s/gpusched/workloads/pytorch/image_classification/imagenet && python3 main.py -j 4 -a resnet50 -b 64 %s/data/imagenet/pytorch --checkpoint_dir=%s/checkpoints/job_id=10	--num_minibatches	1	10653	0.000000	1	1.000000
LM (batch size 10)	cd %s/gpusched/workloads/pytorch/language_modeling && python main.py --cuda --data %s/data/wikitext2 --batch_size 10 --checkpoint_dir=%s/checkpoints/job_id=11	--steps	1	404486	0.000000	1	1.000000
ResNet-18 (batch size 16)	cd %s/gpusched/workloads/pytorch/image_classification/cifar10 && python3 main.py --data_dir=%s/data/cifar10 --batch_size 16  --checkpoint_dir=%s/checkpoints/job_id=12	--num_steps	1	249784	0.000000	1	1.000000
ResNet-18 (batch size 64)	cd %s/gpusched/workloads/pytorch/image_classification/cifar10 && python3 main.py --data_dir=%s/data/cifar10 --batch_size 64  --checkpoint_dir=%s/checkpoints/job_id=13	--num_steps	1	82071	0.000000	1	1.000000
LM (batch size 40)	cd %s/gpusched/workloads/pytorch/language_modeling && python main.py --cuda --data %s/data/wikitext2 --batch_size 40 --checkpoint_dir=%s/checkpoints/job_id=14	--steps	1	86832	0.000000	1	1.000000
Recommendation (batch size 8192)	cd %s/gpusched/workloads/pytorch/recommendation/scripts/ml-20m && python3 train.py --data_dir %s/data/ml-20m/pro_sg/ --batch_size 8192 --checkpoint_dir=%s/checkpoints/job_id=15	-n	1	544	0.000000	1	1.000000
ResNet-50 (batch size 128)	cd %s/gpusched/workloads/pytorch/image_classification/imagenet && python3 main.py -j 4 -a resnet50 -b 128 %s/data/imagenet/pytorch --checkpoint_dir=%s/checkpoints/job_id=16	--num_minibatches	1	4711	0.000000	1	1.000000
Recommendation (batch size 4096)	cd %s/gpusched/workloads/pytorch/recommendation/scripts/ml-20m && python3 train.py --data_dir %s/data/ml-20m/pro_sg/ --batch_size 4096 --checkpoint_dir=%s/checkpoints/job_id=17	-n	1	1731	0.000000	1	1.000000
Transformer (batch size 128)	cd %s/gpusched/workloads/pytorch/translation && python3 train.py -data %s/data/translation/multi30k.atok.low.pt -batch_size 128 -proj_share_weight --checkpoint_dir=%s/checkpoints/job_id=18	-step	1	17135	0.000000	1	1.000000
Transformer (batch size 256)	cd %s/gpusched/workloads/pytorch/translation && python3 train.py -data %s/data/translation/multi30k.atok.low.pt -batch_size 256 -proj_share_weight --checkpoint_dir=%s/checkpoints/job_id=19	-step	1	6713	0.000000	1	1.000000
CycleGAN	cd %s/gpusched/workloads/pytorch/cyclegan && python3 cyclegan.py --dataset_path %s/data/monet2photo --decay_epoch 0 --checkpoint_dir=%s/checkpoints/job_id=20	--n_steps	1	12028	0.000000	1	1.000000
ResNet-18 (batch size 256)	cd %s/gpusched/workloads/pytorch/image_classification/cifar10 && python3 main.py --data_dir=%s/data/cifar10 --batch_size 256  --checkpoint_dir=%s/checkpoints/job_id=21	--num_steps	1	65076	0.000000	1	1.000000
ResNet-18 (batch size 128)	cd %s/gpusched/workloads/pytorch/image_classification/cifar10 && python3 main.py --data_dir=%s/data/cifar10 --batch_size 128  --checkpoint_dir=%s/checkpoints/job_id=22	--num_steps	1	34762	0.000000	1	1.000000
LM (batch size 5)	cd %s/gpusched/workloads/pytorch/language_modeling && python main.py --cuda --data %s/data/wikitext2 --batch_size 5 --checkpoint_dir=%s/checkpoints/job_id=23	--steps	1	362434	0.000000	1	1.000000
Recommendation (batch size 1024)	cd %s/gpusched/workloads/pytorch/recommendation/scripts/ml-20m && python3 train.py --data_dir %s/data/ml-20m/pro_sg/ --batch_size 1024 --checkpoint_dir=%s/checkpoints/job_id=24	-n	1	1232	0.000000	1	1.000000
Recommendation (batch size 512)	cd %s/gpusched/workloads/pytorch/recommendation/scripts/ml-20m && python3 train.py --data_dir %s/data/ml-20m/pro_sg/ --batch_size 512 --checkpoint_dir=%s/checkpoints/job_id=25	-n	1	1402	0.000000	1	1.000000
Transformer (batch size 256)	cd %s/gpusched/workloads/pytorch/translation && python3 train.py -data %s/data/translation/multi30k.atok.low.pt -batch_size 256 -proj_share_weight --checkpoint_dir=%s/checkpoints/job_id=26	-step	1	7748	0.000000	1	1.000000
Transformer (batch size 128)	cd %s/gpusched/workloads/pytorch/translation && python3 train.py -data %s/data/translation/multi30k.atok.low.pt -batch_size 128 -proj_share_weight --checkpoint_dir=%s/checkpoints/job_id=27	-step	1	14843	0.000000	1	1.000000
LM (batch size 20)	cd %s/gpusched/workloads/pytorch/language_modeling && python main.py --cuda --data %s/data/wikitext2 --batch_size 20 --checkpoint_dir=%s/checkpoints/job_id=28	--steps	1	384687	0.000000	1	1.000000
LM (batch size 40)	cd %s/gpusched/workloads/pytorch/language_modeling && python main.py --cuda --data %s/data/wikitext2 --batch_size 40 --checkpoint_dir=%s/checkpoints/job_id=29	--steps	1	130603	0.000000	1	1.000000
Transformer (batch size 32)	cd %s/gpusched/workloads/pytorch/translation && python3 train.py -data %s/data/translation/multi30k.atok.low.pt -batch_size 32 -proj_share_weight --checkpoint_dir=%s/checkpoints/job_id=30	-step	1	29553	0.000000	1	1.000000
ResNet-18 (batch size 16)	cd %s/gpusched/workloads/pytorch/image_classification/cifar10 && python3 main.py --data_dir=%s/data/cifar10 --batch_size 16  --checkpoint_dir=%s/checkpoints/job_id=31	--num_steps	1	295773	0.000000	1	1.000000
LM (batch size 80)	cd %s/gpusched/workloads/pytorch/language_modeling && python main.py --cuda --data %s/data/wikitext2 --batch_size 80 --checkpoint_dir=%s/checkpoints/job_id=32	--steps	1	143002	0.000000	1	1.000000
ResNet-50 (batch size 16)	cd %s/gpusched/workloads/pytorch/image_classification/imagenet && python3 main.py -j 4 -a resnet50 -b 16 %s/data/imagenet/pytorch --checkpoint_dir=%s/checkpoints/job_id=33	--num_minibatches	1	45183	0.000000	1	1.000000
Transformer (batch size 32)	cd %s/gpusched/workloads/pytorch/translation && python3 train.py -data %s/data/translation/multi30k.atok.low.pt -batch_size 32 -proj_share_weight --checkpoint_dir=%s/checkpoints/job_id=34	-step	1	37780	0.000000	1	1.000000
LM (batch size 40)	cd %s/gpusched/workloads/pytorch/language_modeling && python main.py --cuda --data %s/data/wikitext2 --batch_size 40 --checkpoint_dir=%s/checkpoints/job_id=35	--steps	1	208340	0.000000	1	1.000000
Recommendation (batch size 2048)	cd %s/gpusched/workloads/pytorch/recommendation/scripts/ml-20m && python3 train.py --data_dir %s/data/ml-20m/pro_sg/ --batch_size 2048 --checkpoint_dir=%s/checkpoints/job_id=36	-n	1	1411	0.000000	1	1.000000
Recommendation (batch size 512)	cd %s/gpusched/workloads/pytorch/recommendation/scripts/ml-20m && python3 train.py --data_dir %s/data/ml-20m/pro_sg/ --batch_size 512 --checkpoint_dir=%s/checkpoints/job_id=37	-n	1	1374	0.000000	1	1.000000
LM (batch size 40)	cd %s/gpusched/workloads/pytorch/language_modeling && python main.py --cuda --data %s/data/wikitext2 --batch_size 40 --checkpoint_dir=%s/checkpoints/job_id=38	--steps	1	138614	0.000000	1	1.000000
ResNet-18 (batch size 128)	cd %s/gpusched/workloads/pytorch/image_classification/cifar10 && python3 main.py --data_dir=%s/data/cifar10 --batch_size 128  --checkpoint_dir=%s/checkpoints/job_id=39	--num_steps	1	37358	0.000000	1	1.000000
Recommendation (batch size 512)	cd %s/gpusched/workloads/pytorch/recommendation/scripts/ml-20m && python3 train.py --data_dir %s/data/ml-20m/pro_sg/ --batch_size 512 --checkpoint_dir=%s/checkpoints/job_id=40	-n	1	1561	0.000000	1	1.000000
ResNet-18 (batch size 64)	cd %s/gpusched/workloads/pytorch/image_classification/cifar10 && python3 main.py --data_dir=%s/data/cifar10 --batch_size 64  --checkpoint_dir=%s/checkpoints/job_id=41	--num_steps	1	112833	0.000000	1	1.000000
ResNet-18 (batch size 64)	cd %s/gpusched/workloads/pytorch/image_classification/cifar10 && python3 main.py --data_dir=%s/data/cifar10 --batch_size 64  --checkpoint_dir=%s/checkpoints/job_id=42	--num_steps	1	123890	0.000000	1	1.000000
ResNet-18 (batch size 256)	cd %s/gpusched/workloads/pytorch/image_classification/cifar10 && python3 main.py --data_dir=%s/data/cifar10 --batch_size 256  --checkpoint_dir=%s/checkpoints/job_id=43	--num_steps	1	18975	0.000000	1	1.000000
Transformer (batch size 256)	cd %s/gpusched/workloads/pytorch/translation && python3 train.py -data %s/data/translation/multi30k.atok.low.pt -batch_size 256 -proj_share_weight --checkpoint_dir=%s/checkpoints/job_id=44	-step	1	10159	0.000000	1	1.000000
ResNet-18 (batch size 128)	cd %s/gpusched/workloads/pytorch/image_classification/cifar10 && python3 main.py --data_dir=%s/data/cifar10 --batch_size 128  --checkpoint_dir=%s/checkpoints/job_id=45	--num_steps	1	35544	0.000000	1	1.000000
LM (batch size 80)	cd %s/gpusched/workloads/pytorch/language_modeling && python main.py --cuda --data %s/data/wikitext2 --batch_size 80 --checkpoint_dir=%s/checkpoints/job_id=46	--steps	1	155864	0.000000	1	1.000000
Transformer (batch size 128)	cd %s/gpusched/workloads/pytorch/translation && python3 train.py -data %s/data/translation/multi30k.atok.low.pt -batch_size 128 -proj_share_weight --checkpoint_dir=%s/checkpoints/job_id=47	-step	1	17206	0.000000	1	1.000000
