ResNet-18 (batch size 32)	cd %s/gpusched/workloads/pytorch/image_classification/cifar10 && python main.py --data_dir=%s/data/cifar10 --batch_size 32  --checkpoint_dir=%s/checkpoints/job_id=0	--num_steps	1	91767	0.000000	1	1.000000
Transformer (batch size 128)	cd %s/gpusched/workloads/pytorch/translation && python train.py -data %s/data/translation/multi30k.atok.low.pt -batch_size 128 -proj_share_weight --checkpoint_dir=%s/checkpoints/job_id=1	-step	1	19121	0.000000	1	1.000000
Recommendation (batch size 8192)	cd %s/gpusched/workloads/pytorch/recommendation/scripts/ml-20m && python train.py --data_dir %s/data/ml-20m/pro_sg/ --batch_size 8192 --checkpoint_dir=%s/checkpoints/job_id=2	-n	1	1706	0.000000	1	1.000000
Transformer (batch size 32)	cd %s/gpusched/workloads/pytorch/translation && python train.py -data %s/data/translation/multi30k.atok.low.pt -batch_size 32 -proj_share_weight --checkpoint_dir=%s/checkpoints/job_id=3	-step	1	17025	0.000000	1	1.000000
ResNet-50 (batch size 32)	cd %s/gpusched/workloads/pytorch/image_classification/imagenet && python main.py -j 4 -a resnet50 -b 32 %s/data/imagenet/pytorch --checkpoint_dir=%s/checkpoints/job_id=4	--num_minibatches	1	22536	0.000000	1	1.000000
LM (batch size 80)	cd %s/gpusched/workloads/pytorch/language_modeling && python main.py --cuda --data %s/data/wikitext2 --batch_size 80 --checkpoint_dir=%s/checkpoints/job_id=5	--steps	1	144421	0.000000	1	1.000000
A3C	cd %s/gpusched/workloads/pytorch/rl && python main.py --env PongDeterministic-v4 --workers 4 --amsgrad True --checkpoint_dir=%s/checkpoints/job_id=6	--max-steps	0	24951	0.000000	1	1.000000
Recommendation (batch size 8192)	cd %s/gpusched/workloads/pytorch/recommendation/scripts/ml-20m && python train.py --data_dir %s/data/ml-20m/pro_sg/ --batch_size 8192 --checkpoint_dir=%s/checkpoints/job_id=7	-n	1	1782	0.000000	1	1.000000
LM (batch size 20)	cd %s/gpusched/workloads/pytorch/language_modeling && python main.py --cuda --data %s/data/wikitext2 --batch_size 20 --checkpoint_dir=%s/checkpoints/job_id=8	--steps	1	537289	0.000000	1	1.000000
LM (batch size 40)	cd %s/gpusched/workloads/pytorch/language_modeling && python main.py --cuda --data %s/data/wikitext2 --batch_size 40 --checkpoint_dir=%s/checkpoints/job_id=9	--steps	1	292975	0.000000	1	1.000000
LM (batch size 20)	cd %s/gpusched/workloads/pytorch/language_modeling && python main.py --cuda --data %s/data/wikitext2 --batch_size 20 --checkpoint_dir=%s/checkpoints/job_id=10	--steps	1	251977	0.000000	1	1.000000
ResNet-18 (batch size 32)	cd %s/gpusched/workloads/pytorch/image_classification/cifar10 && python main.py --data_dir=%s/data/cifar10 --batch_size 32  --checkpoint_dir=%s/checkpoints/job_id=11	--num_steps	1	260102	0.000000	1	1.000000
Transformer (batch size 128)	cd %s/gpusched/workloads/pytorch/translation && python train.py -data %s/data/translation/multi30k.atok.low.pt -batch_size 128 -proj_share_weight --checkpoint_dir=%s/checkpoints/job_id=12	-step	1	13058	0.000000	1	1.000000
Transformer (batch size 64)	cd %s/gpusched/workloads/pytorch/translation && python train.py -data %s/data/translation/multi30k.atok.low.pt -batch_size 64 -proj_share_weight --checkpoint_dir=%s/checkpoints/job_id=13	-step	1	33994	0.000000	1	1.000000
A3C	cd %s/gpusched/workloads/pytorch/rl && python main.py --env PongDeterministic-v4 --workers 4 --amsgrad True --checkpoint_dir=%s/checkpoints/job_id=14	--max-steps	0	31455	0.000000	1	1.000000
LM (batch size 20)	cd %s/gpusched/workloads/pytorch/language_modeling && python main.py --cuda --data %s/data/wikitext2 --batch_size 20 --checkpoint_dir=%s/checkpoints/job_id=15	--steps	1	208519	0.000000	1	1.000000
ResNet-50 (batch size 16)	cd %s/gpusched/workloads/pytorch/image_classification/imagenet && python main.py -j 4 -a resnet50 -b 16 %s/data/imagenet/pytorch --checkpoint_dir=%s/checkpoints/job_id=16	--num_minibatches	1	24933	0.000000	1	1.000000
ResNet-18 (batch size 16)	cd %s/gpusched/workloads/pytorch/image_classification/cifar10 && python main.py --data_dir=%s/data/cifar10 --batch_size 16  --checkpoint_dir=%s/checkpoints/job_id=17	--num_steps	1	126801	0.000000	1	1.000000
ResNet-50 (batch size 16)	cd %s/gpusched/workloads/pytorch/image_classification/imagenet && python main.py -j 4 -a resnet50 -b 16 %s/data/imagenet/pytorch --checkpoint_dir=%s/checkpoints/job_id=18	--num_minibatches	1	20580	0.000000	1	1.000000
LM (batch size 20)	cd %s/gpusched/workloads/pytorch/language_modeling && python main.py --cuda --data %s/data/wikitext2 --batch_size 20 --checkpoint_dir=%s/checkpoints/job_id=19	--steps	1	290283	0.000000	1	1.000000
LM (batch size 20)	cd %s/gpusched/workloads/pytorch/language_modeling && python main.py --cuda --data %s/data/wikitext2 --batch_size 20 --checkpoint_dir=%s/checkpoints/job_id=20	--steps	1	422136	0.000000	1	1.000000
ResNet-50 (batch size 16)	cd %s/gpusched/workloads/pytorch/image_classification/imagenet && python main.py -j 4 -a resnet50 -b 16 %s/data/imagenet/pytorch --checkpoint_dir=%s/checkpoints/job_id=21	--num_minibatches	1	58168	0.000000	1	1.000000
LM (batch size 5)	cd %s/gpusched/workloads/pytorch/language_modeling && python main.py --cuda --data %s/data/wikitext2 --batch_size 5 --checkpoint_dir=%s/checkpoints/job_id=22	--steps	1	744266	0.000000	1	1.000000
Recommendation (batch size 8192)	cd %s/gpusched/workloads/pytorch/recommendation/scripts/ml-20m && python train.py --data_dir %s/data/ml-20m/pro_sg/ --batch_size 8192 --checkpoint_dir=%s/checkpoints/job_id=23	-n	1	1282	0.000000	1	1.000000
CycleGAN	cd %s/gpusched/workloads/pytorch/cyclegan && python cyclegan.py --dataset_path %s/data/monet2photo --decay_epoch 0 --checkpoint_dir=%s/checkpoints/job_id=24	--n_steps	1	9218	0.000000	1	1.000000
LM (batch size 80)	cd %s/gpusched/workloads/pytorch/language_modeling && python main.py --cuda --data %s/data/wikitext2 --batch_size 80 --checkpoint_dir=%s/checkpoints/job_id=25	--steps	1	97809	0.000000	1	1.000000
LM (batch size 5)	cd %s/gpusched/workloads/pytorch/language_modeling && python main.py --cuda --data %s/data/wikitext2 --batch_size 5 --checkpoint_dir=%s/checkpoints/job_id=26	--steps	1	325683	0.000000	1	1.000000
CycleGAN	cd %s/gpusched/workloads/pytorch/cyclegan && python cyclegan.py --dataset_path %s/data/monet2photo --decay_epoch 0 --checkpoint_dir=%s/checkpoints/job_id=27	--n_steps	1	9688	0.000000	1	1.000000
Recommendation (batch size 8192)	cd %s/gpusched/workloads/pytorch/recommendation/scripts/ml-20m && python train.py --data_dir %s/data/ml-20m/pro_sg/ --batch_size 8192 --checkpoint_dir=%s/checkpoints/job_id=28	-n	1	1187	0.000000	1	1.000000
LM (batch size 20)	cd %s/gpusched/workloads/pytorch/language_modeling && python main.py --cuda --data %s/data/wikitext2 --batch_size 20 --checkpoint_dir=%s/checkpoints/job_id=29	--steps	1	244296	0.000000	1	1.000000
Transformer (batch size 16)	cd %s/gpusched/workloads/pytorch/translation && python train.py -data %s/data/translation/multi30k.atok.low.pt -batch_size 16 -proj_share_weight --checkpoint_dir=%s/checkpoints/job_id=30	-step	1	37446	0.000000	1	1.000000
LM (batch size 20)	cd %s/gpusched/workloads/pytorch/language_modeling && python main.py --cuda --data %s/data/wikitext2 --batch_size 20 --checkpoint_dir=%s/checkpoints/job_id=31	--steps	1	355500	0.000000	1	1.000000
Transformer (batch size 128)	cd %s/gpusched/workloads/pytorch/translation && python train.py -data %s/data/translation/multi30k.atok.low.pt -batch_size 128 -proj_share_weight --checkpoint_dir=%s/checkpoints/job_id=32	-step	1	16277	0.000000	1	1.000000
LM (batch size 5)	cd %s/gpusched/workloads/pytorch/language_modeling && python main.py --cuda --data %s/data/wikitext2 --batch_size 5 --checkpoint_dir=%s/checkpoints/job_id=33	--steps	1	812061	0.000000	1	1.000000
LM (batch size 5)	cd %s/gpusched/workloads/pytorch/language_modeling && python main.py --cuda --data %s/data/wikitext2 --batch_size 5 --checkpoint_dir=%s/checkpoints/job_id=34	--steps	1	450545	0.000000	1	1.000000
Recommendation (batch size 8192)	cd %s/gpusched/workloads/pytorch/recommendation/scripts/ml-20m && python train.py --data_dir %s/data/ml-20m/pro_sg/ --batch_size 8192 --checkpoint_dir=%s/checkpoints/job_id=35	-n	1	1872	0.000000	1	1.000000
Recommendation (batch size 8192)	cd %s/gpusched/workloads/pytorch/recommendation/scripts/ml-20m && python train.py --data_dir %s/data/ml-20m/pro_sg/ --batch_size 8192 --checkpoint_dir=%s/checkpoints/job_id=36	-n	1	1179	0.000000	1	1.000000
Recommendation (batch size 2048)	cd %s/gpusched/workloads/pytorch/recommendation/scripts/ml-20m && python train.py --data_dir %s/data/ml-20m/pro_sg/ --batch_size 2048 --checkpoint_dir=%s/checkpoints/job_id=37	-n	1	792	0.000000	1	1.000000
Transformer (batch size 64)	cd %s/gpusched/workloads/pytorch/translation && python train.py -data %s/data/translation/multi30k.atok.low.pt -batch_size 64 -proj_share_weight --checkpoint_dir=%s/checkpoints/job_id=38	-step	1	31445	0.000000	1	1.000000
ResNet-50 (batch size 16)	cd %s/gpusched/workloads/pytorch/image_classification/imagenet && python main.py -j 4 -a resnet50 -b 16 %s/data/imagenet/pytorch --checkpoint_dir=%s/checkpoints/job_id=39	--num_minibatches	1	52981	0.000000	1	1.000000
Recommendation (batch size 512)	cd %s/gpusched/workloads/pytorch/recommendation/scripts/ml-20m && python train.py --data_dir %s/data/ml-20m/pro_sg/ --batch_size 512 --checkpoint_dir=%s/checkpoints/job_id=40	-n	1	709	0.000000	1	1.000000
LM (batch size 10)	cd %s/gpusched/workloads/pytorch/language_modeling && python main.py --cuda --data %s/data/wikitext2 --batch_size 10 --checkpoint_dir=%s/checkpoints/job_id=41	--steps	1	359537	0.000000	1	1.000000
Recommendation (batch size 4096)	cd %s/gpusched/workloads/pytorch/recommendation/scripts/ml-20m && python train.py --data_dir %s/data/ml-20m/pro_sg/ --batch_size 4096 --checkpoint_dir=%s/checkpoints/job_id=42	-n	1	1608	0.000000	1	1.000000
LM (batch size 40)	cd %s/gpusched/workloads/pytorch/language_modeling && python main.py --cuda --data %s/data/wikitext2 --batch_size 40 --checkpoint_dir=%s/checkpoints/job_id=43	--steps	1	196483	0.000000	1	1.000000
Recommendation (batch size 1024)	cd %s/gpusched/workloads/pytorch/recommendation/scripts/ml-20m && python train.py --data_dir %s/data/ml-20m/pro_sg/ --batch_size 1024 --checkpoint_dir=%s/checkpoints/job_id=44	-n	1	1520	0.000000	1	1.000000
A3C	cd %s/gpusched/workloads/pytorch/rl && python main.py --env PongDeterministic-v4 --workers 4 --amsgrad True --checkpoint_dir=%s/checkpoints/job_id=45	--max-steps	0	16565	0.000000	1	1.000000
ResNet-50 (batch size 32)	cd %s/gpusched/workloads/pytorch/image_classification/imagenet && python main.py -j 4 -a resnet50 -b 32 %s/data/imagenet/pytorch --checkpoint_dir=%s/checkpoints/job_id=46	--num_minibatches	1	19710	0.000000	1	1.000000
Transformer (batch size 128)	cd %s/gpusched/workloads/pytorch/translation && python train.py -data %s/data/translation/multi30k.atok.low.pt -batch_size 128 -proj_share_weight --checkpoint_dir=%s/checkpoints/job_id=47	-step	1	20735	0.000000	1	1.000000
