ResNet-50 (batch size 64)	cd %s/gpusched/workloads/pytorch/image_classification/imagenet && python3 main.py -j 4 -a resnet50 -b 64 %s/data/imagenet/pytorch	--num_minibatches	1	4374320	0.000000	1
LM (batch size 40)	cd %s/gpusched/workloads/pytorch/language_modeling && python main.py --cuda --data %s/data/wikitext2 --batch_size 40	--steps	1	64961132	14987.000000	1
LM (batch size 20)	cd %s/gpusched/workloads/pytorch/language_modeling && python main.py --cuda --data %s/data/wikitext2 --batch_size 20	--steps	1	25742396	333610.000000	1
ResNet-18 (batch size 256)	cd %s/gpusched/workloads/pytorch/image_classification/cifar10 && python3 main.py --data_dir=%s/data/cifar10 --batch_size 256 	--num_steps	1	504473	337642.000000	1
Transformer (batch size 64)	cd %s/gpusched/workloads/pytorch/translation && python3 train.py -data %s/data/translation/multi30k.atok.low.pt -batch_size 64 -proj_share_weight	-step	1	1920847	411449.000000	1
LM (batch size 80)	cd %s/gpusched/workloads/pytorch/language_modeling && python main.py --cuda --data %s/data/wikitext2 --batch_size 80	--steps	1	99222	423176.000000	8
LM (batch size 5)	cd %s/gpusched/workloads/pytorch/language_modeling && python main.py --cuda --data %s/data/wikitext2 --batch_size 5	--steps	1	42215233	428623.000000	1
Recommendation (batch size 512)	cd %s/gpusched/workloads/pytorch/recommendation/scripts/ml-20m && python3 train.py --data_dir %s/data/ml-20m/pro_sg/ --batch_size 512	-n	1	2864	449352.000000	1
LM (batch size 40)	cd %s/gpusched/workloads/pytorch/language_modeling && python main.py --cuda --data %s/data/wikitext2 --batch_size 40	--steps	1	558722	459376.000000	1
ResNet-18 (batch size 64)	cd %s/gpusched/workloads/pytorch/image_classification/cifar10 && python3 main.py --data_dir=%s/data/cifar10 --batch_size 64 	--num_steps	1	925719	501790.000000	4
LM (batch size 80)	cd %s/gpusched/workloads/pytorch/language_modeling && python main.py --cuda --data %s/data/wikitext2 --batch_size 80	--steps	1	6429464	514234.000000	1
ResNet-18 (batch size 16)	cd %s/gpusched/workloads/pytorch/image_classification/cifar10 && python3 main.py --data_dir=%s/data/cifar10 --batch_size 16 	--num_steps	1	573153	520930.000000	1
LM (batch size 5)	cd %s/gpusched/workloads/pytorch/language_modeling && python main.py --cuda --data %s/data/wikitext2 --batch_size 5	--steps	1	2748669	528694.000000	4
ResNet-50 (batch size 128)	cd %s/gpusched/workloads/pytorch/image_classification/imagenet && python3 main.py -j 4 -a resnet50 -b 128 %s/data/imagenet/pytorch	--num_minibatches	1	11899	543023.000000	1
LM (batch size 20)	cd %s/gpusched/workloads/pytorch/language_modeling && python main.py --cuda --data %s/data/wikitext2 --batch_size 20	--steps	1	5911173	543736.000000	1
ResNet-50 (batch size 64)	cd %s/gpusched/workloads/pytorch/image_classification/imagenet && python3 main.py -j 4 -a resnet50 -b 64 %s/data/imagenet/pytorch	--num_minibatches	1	8775	543879.000000	1
ResNet-50 (batch size 32)	cd %s/gpusched/workloads/pytorch/image_classification/imagenet && python3 main.py -j 4 -a resnet50 -b 32 %s/data/imagenet/pytorch	--num_minibatches	1	257250	545712.000000	4
Recommendation (batch size 2048)	cd %s/gpusched/workloads/pytorch/recommendation/scripts/ml-20m && python3 train.py --data_dir %s/data/ml-20m/pro_sg/ --batch_size 2048	-n	1	16813	547547.000000	4
LM (batch size 5)	cd %s/gpusched/workloads/pytorch/language_modeling && python main.py --cuda --data %s/data/wikitext2 --batch_size 5	--steps	1	7991982	554770.000000	1
LM (batch size 20)	cd %s/gpusched/workloads/pytorch/language_modeling && python main.py --cuda --data %s/data/wikitext2 --batch_size 20	--steps	1	6500909	555814.000000	1
LM (batch size 20)	cd %s/gpusched/workloads/pytorch/language_modeling && python main.py --cuda --data %s/data/wikitext2 --batch_size 20	--steps	1	691317	560117.000000	1
LM (batch size 5)	cd %s/gpusched/workloads/pytorch/language_modeling && python main.py --cuda --data %s/data/wikitext2 --batch_size 5	--steps	1	15342546	560303.000000	1
Transformer (batch size 128)	cd %s/gpusched/workloads/pytorch/translation && python3 train.py -data %s/data/translation/multi30k.atok.low.pt -batch_size 128 -proj_share_weight	-step	1	1023420	564407.000000	1
Recommendation (batch size 512)	cd %s/gpusched/workloads/pytorch/recommendation/scripts/ml-20m && python3 train.py --data_dir %s/data/ml-20m/pro_sg/ --batch_size 512	-n	1	34562	566107.000000	1
ResNet-18 (batch size 256)	cd %s/gpusched/workloads/pytorch/image_classification/cifar10 && python3 main.py --data_dir=%s/data/cifar10 --batch_size 256 	--num_steps	1	312550	566704.000000	4
ResNet-50 (batch size 64)	cd %s/gpusched/workloads/pytorch/image_classification/imagenet && python3 main.py -j 4 -a resnet50 -b 64 %s/data/imagenet/pytorch	--num_minibatches	1	505341	570420.000000	1
Recommendation (batch size 512)	cd %s/gpusched/workloads/pytorch/recommendation/scripts/ml-20m && python3 train.py --data_dir %s/data/ml-20m/pro_sg/ --batch_size 512	-n	1	497	571900.000000	1
ResNet-18 (batch size 256)	cd %s/gpusched/workloads/pytorch/image_classification/cifar10 && python3 main.py --data_dir=%s/data/cifar10 --batch_size 256 	--num_steps	1	116533	573586.000000	4
LM (batch size 10)	cd %s/gpusched/workloads/pytorch/language_modeling && python main.py --cuda --data %s/data/wikitext2 --batch_size 10	--steps	1	14567005	576731.000000	1
Transformer (batch size 128)	cd %s/gpusched/workloads/pytorch/translation && python3 train.py -data %s/data/translation/multi30k.atok.low.pt -batch_size 128 -proj_share_weight	-step	1	27973	577431.000000	1
Recommendation (batch size 4096)	cd %s/gpusched/workloads/pytorch/recommendation/scripts/ml-20m && python3 train.py --data_dir %s/data/ml-20m/pro_sg/ --batch_size 4096	-n	1	86248	577612.000000	1
ResNet-18 (batch size 16)	cd %s/gpusched/workloads/pytorch/image_classification/cifar10 && python3 main.py --data_dir=%s/data/cifar10 --batch_size 16 	--num_steps	1	2317742	582485.000000	4
Recommendation (batch size 1024)	cd %s/gpusched/workloads/pytorch/recommendation/scripts/ml-20m && python3 train.py --data_dir %s/data/ml-20m/pro_sg/ --batch_size 1024	-n	1	59130	584215.000000	1
Recommendation (batch size 8192)	cd %s/gpusched/workloads/pytorch/recommendation/scripts/ml-20m && python3 train.py --data_dir %s/data/ml-20m/pro_sg/ --batch_size 8192	-n	1	3416	585265.000000	1
ResNet-18 (batch size 64)	cd %s/gpusched/workloads/pytorch/image_classification/cifar10 && python3 main.py --data_dir=%s/data/cifar10 --batch_size 64 	--num_steps	1	992055	591096.000000	4
ResNet-50 (batch size 16)	cd %s/gpusched/workloads/pytorch/image_classification/imagenet && python3 main.py -j 4 -a resnet50 -b 16 %s/data/imagenet/pytorch	--num_minibatches	1	15177137	613103.000000	1
Recommendation (batch size 8192)	cd %s/gpusched/workloads/pytorch/recommendation/scripts/ml-20m && python3 train.py --data_dir %s/data/ml-20m/pro_sg/ --batch_size 8192	-n	1	4594	614832.000000	1
LM (batch size 40)	cd %s/gpusched/workloads/pytorch/language_modeling && python main.py --cuda --data %s/data/wikitext2 --batch_size 40	--steps	1	528742	615312.000000	1
ResNet-18 (batch size 32)	cd %s/gpusched/workloads/pytorch/image_classification/cifar10 && python3 main.py --data_dir=%s/data/cifar10 --batch_size 32 	--num_steps	1	479918	616295.000000	1
Transformer (batch size 16)	cd %s/gpusched/workloads/pytorch/translation && python3 train.py -data %s/data/translation/multi30k.atok.low.pt -batch_size 16 -proj_share_weight	-step	1	251697	622648.000000	4
Recommendation (batch size 8192)	cd %s/gpusched/workloads/pytorch/recommendation/scripts/ml-20m && python3 train.py --data_dir %s/data/ml-20m/pro_sg/ --batch_size 8192	-n	1	11814	622933.000000	4
ResNet-18 (batch size 16)	cd %s/gpusched/workloads/pytorch/image_classification/cifar10 && python3 main.py --data_dir=%s/data/cifar10 --batch_size 16 	--num_steps	1	1553074	623774.000000	4
ResNet-50 (batch size 128)	cd %s/gpusched/workloads/pytorch/image_classification/imagenet && python3 main.py -j 4 -a resnet50 -b 128 %s/data/imagenet/pytorch	--num_minibatches	1	19651	650398.000000	1
LM (batch size 5)	cd %s/gpusched/workloads/pytorch/language_modeling && python main.py --cuda --data %s/data/wikitext2 --batch_size 5	--steps	1	1012430	650662.000000	1
LM (batch size 80)	cd %s/gpusched/workloads/pytorch/language_modeling && python main.py --cuda --data %s/data/wikitext2 --batch_size 80	--steps	1	306095	650712.000000	1
Recommendation (batch size 4096)	cd %s/gpusched/workloads/pytorch/recommendation/scripts/ml-20m && python3 train.py --data_dir %s/data/ml-20m/pro_sg/ --batch_size 4096	-n	1	9830	657069.000000	4
Transformer (batch size 128)	cd %s/gpusched/workloads/pytorch/translation && python3 train.py -data %s/data/translation/multi30k.atok.low.pt -batch_size 128 -proj_share_weight	-step	1	93043	657823.000000	4
Recommendation (batch size 2048)	cd %s/gpusched/workloads/pytorch/recommendation/scripts/ml-20m && python3 train.py --data_dir %s/data/ml-20m/pro_sg/ --batch_size 2048	-n	1	8920	657902.000000	4
CycleGAN	cd %s/gpusched/workloads/pytorch/cyclegan && python3 cyclegan.py --dataset_path %s/data/monet2photo --decay_epoch 0	--n_steps	1	629990	666213.000000	1
Transformer (batch size 256)	cd %s/gpusched/workloads/pytorch/translation && python3 train.py -data %s/data/translation/multi30k.atok.low.pt -batch_size 256 -proj_share_weight	-step	1	363028	670037.000000	1
Transformer (batch size 128)	cd %s/gpusched/workloads/pytorch/translation && python3 train.py -data %s/data/translation/multi30k.atok.low.pt -batch_size 128 -proj_share_weight	-step	1	538667	719168.000000	1
Recommendation (batch size 4096)	cd %s/gpusched/workloads/pytorch/recommendation/scripts/ml-20m && python3 train.py --data_dir %s/data/ml-20m/pro_sg/ --batch_size 4096	-n	1	272740	720082.000000	1
CycleGAN	cd %s/gpusched/workloads/pytorch/cyclegan && python3 cyclegan.py --dataset_path %s/data/monet2photo --decay_epoch 0	--n_steps	1	874665	769562.000000	1
LM (batch size 40)	cd %s/gpusched/workloads/pytorch/language_modeling && python main.py --cuda --data %s/data/wikitext2 --batch_size 40	--steps	1	6138200	811311.000000	1
A3C	cd %s/gpusched/workloads/pytorch/rl && python3 main.py --env PongDeterministic-v4 --workers 4 --amsgrad True	--max-steps	0	26395	832094.000000	1
ResNet-18 (batch size 256)	cd %s/gpusched/workloads/pytorch/image_classification/cifar10 && python3 main.py --data_dir=%s/data/cifar10 --batch_size 256 	--num_steps	1	419248	835575.000000	4
Transformer (batch size 64)	cd %s/gpusched/workloads/pytorch/translation && python3 train.py -data %s/data/translation/multi30k.atok.low.pt -batch_size 64 -proj_share_weight	-step	1	1224458	850218.000000	1
ResNet-18 (batch size 128)	cd %s/gpusched/workloads/pytorch/image_classification/cifar10 && python3 main.py --data_dir=%s/data/cifar10 --batch_size 128 	--num_steps	1	86561	860395.000000	1
ResNet-18 (batch size 32)	cd %s/gpusched/workloads/pytorch/image_classification/cifar10 && python3 main.py --data_dir=%s/data/cifar10 --batch_size 32 	--num_steps	1	1574789	863388.000000	4
ResNet-18 (batch size 256)	cd %s/gpusched/workloads/pytorch/image_classification/cifar10 && python3 main.py --data_dir=%s/data/cifar10 --batch_size 256 	--num_steps	1	10232122	875643.000000	1
LM (batch size 5)	cd %s/gpusched/workloads/pytorch/language_modeling && python main.py --cuda --data %s/data/wikitext2 --batch_size 5	--steps	1	1270635	905784.000000	1
ResNet-50 (batch size 32)	cd %s/gpusched/workloads/pytorch/image_classification/imagenet && python3 main.py -j 4 -a resnet50 -b 32 %s/data/imagenet/pytorch	--num_minibatches	1	348639	913581.000000	4
ResNet-50 (batch size 128)	cd %s/gpusched/workloads/pytorch/image_classification/imagenet && python3 main.py -j 4 -a resnet50 -b 128 %s/data/imagenet/pytorch	--num_minibatches	1	15425	948890.000000	1
Recommendation (batch size 1024)	cd %s/gpusched/workloads/pytorch/recommendation/scripts/ml-20m && python3 train.py --data_dir %s/data/ml-20m/pro_sg/ --batch_size 1024	-n	1	12600	954486.000000	4
Transformer (batch size 256)	cd %s/gpusched/workloads/pytorch/translation && python3 train.py -data %s/data/translation/multi30k.atok.low.pt -batch_size 256 -proj_share_weight	-step	1	88217	1656081.000000	1
Recommendation (batch size 8192)	cd %s/gpusched/workloads/pytorch/recommendation/scripts/ml-20m && python3 train.py --data_dir %s/data/ml-20m/pro_sg/ --batch_size 8192	-n	1	30965	1656081.000000	1
Recommendation (batch size 512)	cd %s/gpusched/workloads/pytorch/recommendation/scripts/ml-20m && python3 train.py --data_dir %s/data/ml-20m/pro_sg/ --batch_size 512	-n	1	16631	1656859.000000	1
Transformer (batch size 16)	cd %s/gpusched/workloads/pytorch/translation && python3 train.py -data %s/data/translation/multi30k.atok.low.pt -batch_size 16 -proj_share_weight	-step	1	846400	1658718.000000	1
Transformer (batch size 256)	cd %s/gpusched/workloads/pytorch/translation && python3 train.py -data %s/data/translation/multi30k.atok.low.pt -batch_size 256 -proj_share_weight	-step	1	108678	1776761.000000	1
LM (batch size 10)	cd %s/gpusched/workloads/pytorch/language_modeling && python main.py --cuda --data %s/data/wikitext2 --batch_size 10	--steps	1	2532320	1826753.000000	1
Transformer (batch size 128)	cd %s/gpusched/workloads/pytorch/translation && python3 train.py -data %s/data/translation/multi30k.atok.low.pt -batch_size 128 -proj_share_weight	-step	1	232949	1842714.000000	1
LM (batch size 40)	cd %s/gpusched/workloads/pytorch/language_modeling && python main.py --cuda --data %s/data/wikitext2 --batch_size 40	--steps	1	3747815	1842805.000000	1
Transformer (batch size 64)	cd %s/gpusched/workloads/pytorch/translation && python3 train.py -data %s/data/translation/multi30k.atok.low.pt -batch_size 64 -proj_share_weight	-step	1	19499	1854378.000000	1
LM (batch size 20)	cd %s/gpusched/workloads/pytorch/language_modeling && python main.py --cuda --data %s/data/wikitext2 --batch_size 20	--steps	1	1552441	1856588.000000	4
LM (batch size 40)	cd %s/gpusched/workloads/pytorch/language_modeling && python main.py --cuda --data %s/data/wikitext2 --batch_size 40	--steps	1	155208	1871151.000000	1
Transformer (batch size 256)	cd %s/gpusched/workloads/pytorch/translation && python3 train.py -data %s/data/translation/multi30k.atok.low.pt -batch_size 256 -proj_share_weight	-step	1	8786	1872003.000000	1
LM (batch size 40)	cd %s/gpusched/workloads/pytorch/language_modeling && python main.py --cuda --data %s/data/wikitext2 --batch_size 40	--steps	1	2348714	1884165.000000	4
ResNet-50 (batch size 64)	cd %s/gpusched/workloads/pytorch/image_classification/imagenet && python3 main.py -j 4 -a resnet50 -b 64 %s/data/imagenet/pytorch	--num_minibatches	1	50892	1892086.000000	4
Transformer (batch size 32)	cd %s/gpusched/workloads/pytorch/translation && python3 train.py -data %s/data/translation/multi30k.atok.low.pt -batch_size 32 -proj_share_weight	-step	1	1687880	1894388.000000	1
Recommendation (batch size 1024)	cd %s/gpusched/workloads/pytorch/recommendation/scripts/ml-20m && python3 train.py --data_dir %s/data/ml-20m/pro_sg/ --batch_size 1024	-n	1	22600	1899602.000000	1
ResNet-18 (batch size 16)	cd %s/gpusched/workloads/pytorch/image_classification/cifar10 && python3 main.py --data_dir=%s/data/cifar10 --batch_size 16 	--num_steps	1	3245010	1902175.000000	4
ResNet-50 (batch size 128)	cd %s/gpusched/workloads/pytorch/image_classification/imagenet && python3 main.py -j 4 -a resnet50 -b 128 %s/data/imagenet/pytorch	--num_minibatches	1	85262	1904317.000000	1
LM (batch size 80)	cd %s/gpusched/workloads/pytorch/language_modeling && python main.py --cuda --data %s/data/wikitext2 --batch_size 80	--steps	1	255914	1918724.000000	1
Recommendation (batch size 1024)	cd %s/gpusched/workloads/pytorch/recommendation/scripts/ml-20m && python3 train.py --data_dir %s/data/ml-20m/pro_sg/ --batch_size 1024	-n	1	17463	1924709.000000	4
Recommendation (batch size 2048)	cd %s/gpusched/workloads/pytorch/recommendation/scripts/ml-20m && python3 train.py --data_dir %s/data/ml-20m/pro_sg/ --batch_size 2048	-n	1	18258	1928183.000000	1
ResNet-50 (batch size 16)	cd %s/gpusched/workloads/pytorch/image_classification/imagenet && python3 main.py -j 4 -a resnet50 -b 16 %s/data/imagenet/pytorch	--num_minibatches	1	1437087	1930505.000000	1
Recommendation (batch size 2048)	cd %s/gpusched/workloads/pytorch/recommendation/scripts/ml-20m && python3 train.py --data_dir %s/data/ml-20m/pro_sg/ --batch_size 2048	-n	1	53638	1932011.000000	1
Transformer (batch size 32)	cd %s/gpusched/workloads/pytorch/translation && python3 train.py -data %s/data/translation/multi30k.atok.low.pt -batch_size 32 -proj_share_weight	-step	1	179843	1953430.000000	4
LM (batch size 20)	cd %s/gpusched/workloads/pytorch/language_modeling && python main.py --cuda --data %s/data/wikitext2 --batch_size 20	--steps	1	12228566	1976107.000000	1
LM (batch size 40)	cd %s/gpusched/workloads/pytorch/language_modeling && python main.py --cuda --data %s/data/wikitext2 --batch_size 40	--steps	1	406382	1988818.000000	1
LM (batch size 40)	cd %s/gpusched/workloads/pytorch/language_modeling && python main.py --cuda --data %s/data/wikitext2 --batch_size 40	--steps	1	1137957	1994671.000000	4
ResNet-18 (batch size 128)	cd %s/gpusched/workloads/pytorch/image_classification/cifar10 && python3 main.py --data_dir=%s/data/cifar10 --batch_size 128 	--num_steps	1	3129880	1995484.000000	1
Recommendation (batch size 2048)	cd %s/gpusched/workloads/pytorch/recommendation/scripts/ml-20m && python3 train.py --data_dir %s/data/ml-20m/pro_sg/ --batch_size 2048	-n	1	56534	1998121.000000	1
Recommendation (batch size 512)	cd %s/gpusched/workloads/pytorch/recommendation/scripts/ml-20m && python3 train.py --data_dir %s/data/ml-20m/pro_sg/ --batch_size 512	-n	1	1629	2010666.000000	1
ResNet-50 (batch size 32)	cd %s/gpusched/workloads/pytorch/image_classification/imagenet && python3 main.py -j 4 -a resnet50 -b 32 %s/data/imagenet/pytorch	--num_minibatches	1	137281	2015728.000000	4
Recommendation (batch size 512)	cd %s/gpusched/workloads/pytorch/recommendation/scripts/ml-20m && python3 train.py --data_dir %s/data/ml-20m/pro_sg/ --batch_size 512	-n	1	62262	2148838.000000	1
LM (batch size 40)	cd %s/gpusched/workloads/pytorch/language_modeling && python main.py --cuda --data %s/data/wikitext2 --batch_size 40	--steps	1	8443953	2162779.000000	1
ResNet-50 (batch size 128)	cd %s/gpusched/workloads/pytorch/image_classification/imagenet && python3 main.py -j 4 -a resnet50 -b 128 %s/data/imagenet/pytorch	--num_minibatches	1	7817	2175091.000000	4
Transformer (batch size 16)	cd %s/gpusched/workloads/pytorch/translation && python3 train.py -data %s/data/translation/multi30k.atok.low.pt -batch_size 16 -proj_share_weight	-step	1	56430	2175548.000000	4
ResNet-18 (batch size 128)	cd %s/gpusched/workloads/pytorch/image_classification/cifar10 && python3 main.py --data_dir=%s/data/cifar10 --batch_size 128 	--num_steps	1	224278	2175974.000000	4
ResNet-18 (batch size 64)	cd %s/gpusched/workloads/pytorch/image_classification/cifar10 && python3 main.py --data_dir=%s/data/cifar10 --batch_size 64 	--num_steps	1	219098	2176375.000000	4
LM (batch size 5)	cd %s/gpusched/workloads/pytorch/language_modeling && python main.py --cuda --data %s/data/wikitext2 --batch_size 5	--steps	1	1914559	2189751.000000	4
Recommendation (batch size 512)	cd %s/gpusched/workloads/pytorch/recommendation/scripts/ml-20m && python3 train.py --data_dir %s/data/ml-20m/pro_sg/ --batch_size 512	-n	1	1539	2197400.000000	1
LM (batch size 5)	cd %s/gpusched/workloads/pytorch/language_modeling && python main.py --cuda --data %s/data/wikitext2 --batch_size 5	--steps	1	5883560	2237893.000000	1
ResNet-18 (batch size 64)	cd %s/gpusched/workloads/pytorch/image_classification/cifar10 && python3 main.py --data_dir=%s/data/cifar10 --batch_size 64 	--num_steps	1	1978196	2237958.000000	1
Transformer (batch size 64)	cd %s/gpusched/workloads/pytorch/translation && python3 train.py -data %s/data/translation/multi30k.atok.low.pt -batch_size 64 -proj_share_weight	-step	1	152122	2319383.000000	1
CycleGAN	cd %s/gpusched/workloads/pytorch/cyclegan && python3 cyclegan.py --dataset_path %s/data/monet2photo --decay_epoch 0	--n_steps	1	86294	2459083.000000	1
ResNet-18 (batch size 64)	cd %s/gpusched/workloads/pytorch/image_classification/cifar10 && python3 main.py --data_dir=%s/data/cifar10 --batch_size 64 	--num_steps	1	540365	2462427.000000	1
Transformer (batch size 256)	cd %s/gpusched/workloads/pytorch/translation && python3 train.py -data %s/data/translation/multi30k.atok.low.pt -batch_size 256 -proj_share_weight	-step	1	46793	2473713.000000	4
ResNet-18 (batch size 256)	cd %s/gpusched/workloads/pytorch/image_classification/cifar10 && python3 main.py --data_dir=%s/data/cifar10 --batch_size 256 	--num_steps	1	612309	2476812.000000	4
ResNet-18 (batch size 16)	cd %s/gpusched/workloads/pytorch/image_classification/cifar10 && python3 main.py --data_dir=%s/data/cifar10 --batch_size 16 	--num_steps	1	958658	2501445.000000	1
Transformer (batch size 16)	cd %s/gpusched/workloads/pytorch/translation && python3 train.py -data %s/data/translation/multi30k.atok.low.pt -batch_size 16 -proj_share_weight	-step	1	188985	2513099.000000	1
Transformer (batch size 256)	cd %s/gpusched/workloads/pytorch/translation && python3 train.py -data %s/data/translation/multi30k.atok.low.pt -batch_size 256 -proj_share_weight	-step	1	52293	2514043.000000	4
Recommendation (batch size 8192)	cd %s/gpusched/workloads/pytorch/recommendation/scripts/ml-20m && python3 train.py --data_dir %s/data/ml-20m/pro_sg/ --batch_size 8192	-n	1	23068	2528140.000000	4
Transformer (batch size 256)	cd %s/gpusched/workloads/pytorch/translation && python3 train.py -data %s/data/translation/multi30k.atok.low.pt -batch_size 256 -proj_share_weight	-step	1	462907	2546601.000000	8
ResNet-18 (batch size 128)	cd %s/gpusched/workloads/pytorch/image_classification/cifar10 && python3 main.py --data_dir=%s/data/cifar10 --batch_size 128 	--num_steps	1	4568234	2608653.000000	1
ResNet-18 (batch size 32)	cd %s/gpusched/workloads/pytorch/image_classification/cifar10 && python3 main.py --data_dir=%s/data/cifar10 --batch_size 32 	--num_steps	1	5275290	2864189.000000	8
LM (batch size 80)	cd %s/gpusched/workloads/pytorch/language_modeling && python main.py --cuda --data %s/data/wikitext2 --batch_size 80	--steps	1	11067266	2923274.000000	8
LM (batch size 80)	cd %s/gpusched/workloads/pytorch/language_modeling && python main.py --cuda --data %s/data/wikitext2 --batch_size 80	--steps	1	67962	2925215.000000	8
Recommendation (batch size 8192)	cd %s/gpusched/workloads/pytorch/recommendation/scripts/ml-20m && python3 train.py --data_dir %s/data/ml-20m/pro_sg/ --batch_size 8192	-n	1	1280	2954185.000000	4
ResNet-18 (batch size 32)	cd %s/gpusched/workloads/pytorch/image_classification/cifar10 && python3 main.py --data_dir=%s/data/cifar10 --batch_size 32 	--num_steps	1	117067	3001313.000000	12
Transformer (batch size 128)	cd %s/gpusched/workloads/pytorch/translation && python3 train.py -data %s/data/translation/multi30k.atok.low.pt -batch_size 128 -proj_share_weight	-step	1	26033	3121192.000000	12
Recommendation (batch size 2048)	cd %s/gpusched/workloads/pytorch/recommendation/scripts/ml-20m && python3 train.py --data_dir %s/data/ml-20m/pro_sg/ --batch_size 2048	-n	1	713	3132197.000000	12
LM (batch size 40)	cd %s/gpusched/workloads/pytorch/language_modeling && python main.py --cuda --data %s/data/wikitext2 --batch_size 40	--steps	1	14416689	3137506.000000	1
Transformer (batch size 32)	cd %s/gpusched/workloads/pytorch/translation && python3 train.py -data %s/data/translation/multi30k.atok.low.pt -batch_size 32 -proj_share_weight	-step	1	1710036	3196570.000000	1
LM (batch size 20)	cd %s/gpusched/workloads/pytorch/language_modeling && python main.py --cuda --data %s/data/wikitext2 --batch_size 20	--steps	1	18760026	3217920.000000	1
ResNet-50 (batch size 128)	cd %s/gpusched/workloads/pytorch/image_classification/imagenet && python3 main.py -j 4 -a resnet50 -b 128 %s/data/imagenet/pytorch	--num_minibatches	1	780362	3239916.000000	1
LM (batch size 10)	cd %s/gpusched/workloads/pytorch/language_modeling && python main.py --cuda --data %s/data/wikitext2 --batch_size 10	--steps	1	2199436	3408446.000000	1
ResNet-50 (batch size 64)	cd %s/gpusched/workloads/pytorch/image_classification/imagenet && python3 main.py -j 4 -a resnet50 -b 64 %s/data/imagenet/pytorch	--num_minibatches	1	197390	3423978.000000	4
ResNet-18 (batch size 32)	cd %s/gpusched/workloads/pytorch/image_classification/cifar10 && python3 main.py --data_dir=%s/data/cifar10 --batch_size 32 	--num_steps	1	880344	3460408.000000	1
Transformer (batch size 16)	cd %s/gpusched/workloads/pytorch/translation && python3 train.py -data %s/data/translation/multi30k.atok.low.pt -batch_size 16 -proj_share_weight	-step	1	540056	3474009.000000	4
ResNet-18 (batch size 16)	cd %s/gpusched/workloads/pytorch/image_classification/cifar10 && python3 main.py --data_dir=%s/data/cifar10 --batch_size 16 	--num_steps	1	16771530	3616615.000000	1
ResNet-18 (batch size 64)	cd %s/gpusched/workloads/pytorch/image_classification/cifar10 && python3 main.py --data_dir=%s/data/cifar10 --batch_size 64 	--num_steps	1	20955719	3639104.000000	1
ResNet-18 (batch size 128)	cd %s/gpusched/workloads/pytorch/image_classification/cifar10 && python3 main.py --data_dir=%s/data/cifar10 --batch_size 128 	--num_steps	1	1386471	3779296.000000	1
LM (batch size 80)	cd %s/gpusched/workloads/pytorch/language_modeling && python main.py --cuda --data %s/data/wikitext2 --batch_size 80	--steps	1	2046874	3780153.000000	1
LM (batch size 20)	cd %s/gpusched/workloads/pytorch/language_modeling && python main.py --cuda --data %s/data/wikitext2 --batch_size 20	--steps	1	27180626	3798223.000000	1
ResNet-18 (batch size 32)	cd %s/gpusched/workloads/pytorch/image_classification/cifar10 && python3 main.py --data_dir=%s/data/cifar10 --batch_size 32 	--num_steps	1	3210382	3807786.000000	4
ResNet-50 (batch size 32)	cd %s/gpusched/workloads/pytorch/image_classification/imagenet && python3 main.py -j 4 -a resnet50 -b 32 %s/data/imagenet/pytorch	--num_minibatches	1	4079095	3902531.000000	1
Transformer (batch size 256)	cd %s/gpusched/workloads/pytorch/translation && python3 train.py -data %s/data/translation/multi30k.atok.low.pt -batch_size 256 -proj_share_weight	-step	1	20119	4014186.000000	0
Transformer (batch size 16)	cd %s/gpusched/workloads/pytorch/translation && python3 train.py -data %s/data/translation/multi30k.atok.low.pt -batch_size 16 -proj_share_weight	-step	1	405087	4019602.000000	1
LM (batch size 80)	cd %s/gpusched/workloads/pytorch/language_modeling && python main.py --cuda --data %s/data/wikitext2 --batch_size 80	--steps	1	201254	4027222.000000	4
ResNet-50 (batch size 128)	cd %s/gpusched/workloads/pytorch/image_classification/imagenet && python3 main.py -j 4 -a resnet50 -b 128 %s/data/imagenet/pytorch	--num_minibatches	1	154886	4059434.000000	1
ResNet-18 (batch size 256)	cd %s/gpusched/workloads/pytorch/image_classification/cifar10 && python3 main.py --data_dir=%s/data/cifar10 --batch_size 256 	--num_steps	1	2269427	4065958.000000	1
Recommendation (batch size 2048)	cd %s/gpusched/workloads/pytorch/recommendation/scripts/ml-20m && python3 train.py --data_dir %s/data/ml-20m/pro_sg/ --batch_size 2048	-n	1	4500	4077353.000000	4
ResNet-18 (batch size 32)	cd %s/gpusched/workloads/pytorch/image_classification/cifar10 && python3 main.py --data_dir=%s/data/cifar10 --batch_size 32 	--num_steps	1	1646714	4086889.000000	4
Transformer (batch size 32)	cd %s/gpusched/workloads/pytorch/translation && python3 train.py -data %s/data/translation/multi30k.atok.low.pt -batch_size 32 -proj_share_weight	-step	1	711302	4134129.000000	1
Transformer (batch size 32)	cd %s/gpusched/workloads/pytorch/translation && python3 train.py -data %s/data/translation/multi30k.atok.low.pt -batch_size 32 -proj_share_weight	-step	1	704603	4162101.000000	1
Transformer (batch size 64)	cd %s/gpusched/workloads/pytorch/translation && python3 train.py -data %s/data/translation/multi30k.atok.low.pt -batch_size 64 -proj_share_weight	-step	1	358064	4163083.000000	1
ResNet-18 (batch size 256)	cd %s/gpusched/workloads/pytorch/image_classification/cifar10 && python3 main.py --data_dir=%s/data/cifar10 --batch_size 256 	--num_steps	1	2972331	4164732.000000	1
Transformer (batch size 128)	cd %s/gpusched/workloads/pytorch/translation && python3 train.py -data %s/data/translation/multi30k.atok.low.pt -batch_size 128 -proj_share_weight	-step	1	392234	4165826.000000	1
Transformer (batch size 128)	cd %s/gpusched/workloads/pytorch/translation && python3 train.py -data %s/data/translation/multi30k.atok.low.pt -batch_size 128 -proj_share_weight	-step	1	9949	4167022.000000	1
A3C	cd %s/gpusched/workloads/pytorch/rl && python3 main.py --env PongDeterministic-v4 --workers 4 --amsgrad True	--max-steps	0	49982	4169101.000000	4
LM (batch size 10)	cd %s/gpusched/workloads/pytorch/language_modeling && python main.py --cuda --data %s/data/wikitext2 --batch_size 10	--steps	1	1003380	4176798.000000	4
Transformer (batch size 128)	cd %s/gpusched/workloads/pytorch/translation && python3 train.py -data %s/data/translation/multi30k.atok.low.pt -batch_size 128 -proj_share_weight	-step	1	1145706	4215881.000000	1
Recommendation (batch size 512)	cd %s/gpusched/workloads/pytorch/recommendation/scripts/ml-20m && python3 train.py --data_dir %s/data/ml-20m/pro_sg/ --batch_size 512	-n	1	66821	4220247.000000	1
LM (batch size 80)	cd %s/gpusched/workloads/pytorch/language_modeling && python main.py --cuda --data %s/data/wikitext2 --batch_size 80	--steps	1	533780	4249251.000000	1
Recommendation (batch size 1024)	cd %s/gpusched/workloads/pytorch/recommendation/scripts/ml-20m && python3 train.py --data_dir %s/data/ml-20m/pro_sg/ --batch_size 1024	-n	1	4227	4352303.000000	4
LM (batch size 20)	cd %s/gpusched/workloads/pytorch/language_modeling && python main.py --cuda --data %s/data/wikitext2 --batch_size 20	--steps	1	690777	4366614.000000	4
ResNet-18 (batch size 128)	cd %s/gpusched/workloads/pytorch/image_classification/cifar10 && python3 main.py --data_dir=%s/data/cifar10 --batch_size 128 	--num_steps	1	6114047	4381709.000000	1
LM (batch size 80)	cd %s/gpusched/workloads/pytorch/language_modeling && python main.py --cuda --data %s/data/wikitext2 --batch_size 80	--steps	1	157789	4383960.000000	1
CycleGAN	cd %s/gpusched/workloads/pytorch/cyclegan && python3 cyclegan.py --dataset_path %s/data/monet2photo --decay_epoch 0	--n_steps	1	18119	4383973.000000	1
LM (batch size 10)	cd %s/gpusched/workloads/pytorch/language_modeling && python main.py --cuda --data %s/data/wikitext2 --batch_size 10	--steps	1	3524948	4388422.000000	4
ResNet-50 (batch size 128)	cd %s/gpusched/workloads/pytorch/image_classification/imagenet && python3 main.py -j 4 -a resnet50 -b 128 %s/data/imagenet/pytorch	--num_minibatches	1	25001	4388839.000000	4
Transformer (batch size 256)	cd %s/gpusched/workloads/pytorch/translation && python3 train.py -data %s/data/translation/multi30k.atok.low.pt -batch_size 256 -proj_share_weight	-step	1	4552	4397894.000000	1
Recommendation (batch size 512)	cd %s/gpusched/workloads/pytorch/recommendation/scripts/ml-20m && python3 train.py --data_dir %s/data/ml-20m/pro_sg/ --batch_size 512	-n	1	4194	4400888.000000	4
Recommendation (batch size 4096)	cd %s/gpusched/workloads/pytorch/recommendation/scripts/ml-20m && python3 train.py --data_dir %s/data/ml-20m/pro_sg/ --batch_size 4096	-n	1	2098	4413169.000000	1
Recommendation (batch size 2048)	cd %s/gpusched/workloads/pytorch/recommendation/scripts/ml-20m && python3 train.py --data_dir %s/data/ml-20m/pro_sg/ --batch_size 2048	-n	1	18209	4416689.000000	4
ResNet-50 (batch size 64)	cd %s/gpusched/workloads/pytorch/image_classification/imagenet && python3 main.py -j 4 -a resnet50 -b 64 %s/data/imagenet/pytorch	--num_minibatches	1	47213	4460882.000000	1
Transformer (batch size 16)	cd %s/gpusched/workloads/pytorch/translation && python3 train.py -data %s/data/translation/multi30k.atok.low.pt -batch_size 16 -proj_share_weight	-step	1	223360	4469854.000000	4
Transformer (batch size 256)	cd %s/gpusched/workloads/pytorch/translation && python3 train.py -data %s/data/translation/multi30k.atok.low.pt -batch_size 256 -proj_share_weight	-step	1	250776	4482581.000000	1
ResNet-50 (batch size 128)	cd %s/gpusched/workloads/pytorch/image_classification/imagenet && python3 main.py -j 4 -a resnet50 -b 128 %s/data/imagenet/pytorch	--num_minibatches	1	17795	4487834.000000	1
LM (batch size 10)	cd %s/gpusched/workloads/pytorch/language_modeling && python main.py --cuda --data %s/data/wikitext2 --batch_size 10	--steps	1	34705716	4491695.000000	1
Transformer (batch size 16)	cd %s/gpusched/workloads/pytorch/translation && python3 train.py -data %s/data/translation/multi30k.atok.low.pt -batch_size 16 -proj_share_weight	-step	1	104987	4491743.000000	1
LM (batch size 20)	cd %s/gpusched/workloads/pytorch/language_modeling && python main.py --cuda --data %s/data/wikitext2 --batch_size 20	--steps	1	1875862	4494352.000000	4
Transformer (batch size 32)	cd %s/gpusched/workloads/pytorch/translation && python3 train.py -data %s/data/translation/multi30k.atok.low.pt -batch_size 32 -proj_share_weight	-step	1	207713	4500295.000000	4
ResNet-18 (batch size 16)	cd %s/gpusched/workloads/pytorch/image_classification/cifar10 && python3 main.py --data_dir=%s/data/cifar10 --batch_size 16 	--num_steps	1	472331	4517152.000000	1
CycleGAN	cd %s/gpusched/workloads/pytorch/cyclegan && python3 cyclegan.py --dataset_path %s/data/monet2photo --decay_epoch 0	--n_steps	1	83732	4523500.000000	4
Transformer (batch size 256)	cd %s/gpusched/workloads/pytorch/translation && python3 train.py -data %s/data/translation/multi30k.atok.low.pt -batch_size 256 -proj_share_weight	-step	1	7318	4574425.000000	1
LM (batch size 40)	cd %s/gpusched/workloads/pytorch/language_modeling && python main.py --cuda --data %s/data/wikitext2 --batch_size 40	--steps	1	158005	4596224.000000	8
Transformer (batch size 32)	cd %s/gpusched/workloads/pytorch/translation && python3 train.py -data %s/data/translation/multi30k.atok.low.pt -batch_size 32 -proj_share_weight	-step	1	82573	4603400.000000	1
ResNet-18 (batch size 16)	cd %s/gpusched/workloads/pytorch/image_classification/cifar10 && python3 main.py --data_dir=%s/data/cifar10 --batch_size 16 	--num_steps	1	1291664	4610421.000000	4
Transformer (batch size 128)	cd %s/gpusched/workloads/pytorch/translation && python3 train.py -data %s/data/translation/multi30k.atok.low.pt -batch_size 128 -proj_share_weight	-step	1	34800	4627517.000000	1
LM (batch size 80)	cd %s/gpusched/workloads/pytorch/language_modeling && python main.py --cuda --data %s/data/wikitext2 --batch_size 80	--steps	1	858096	4633765.000000	4
LM (batch size 40)	cd %s/gpusched/workloads/pytorch/language_modeling && python main.py --cuda --data %s/data/wikitext2 --batch_size 40	--steps	1	16261262	4656005.000000	8
Recommendation (batch size 512)	cd %s/gpusched/workloads/pytorch/recommendation/scripts/ml-20m && python3 train.py --data_dir %s/data/ml-20m/pro_sg/ --batch_size 512	-n	1	1487	4665293.000000	1
ResNet-18 (batch size 256)	cd %s/gpusched/workloads/pytorch/image_classification/cifar10 && python3 main.py --data_dir=%s/data/cifar10 --batch_size 256 	--num_steps	1	198463	4670306.000000	4
ResNet-18 (batch size 32)	cd %s/gpusched/workloads/pytorch/image_classification/cifar10 && python3 main.py --data_dir=%s/data/cifar10 --batch_size 32 	--num_steps	1	13976607	4672136.000000	8
Recommendation (batch size 512)	cd %s/gpusched/workloads/pytorch/recommendation/scripts/ml-20m && python3 train.py --data_dir %s/data/ml-20m/pro_sg/ --batch_size 512	-n	1	1458	4682533.000000	1
Recommendation (batch size 512)	cd %s/gpusched/workloads/pytorch/recommendation/scripts/ml-20m && python3 train.py --data_dir %s/data/ml-20m/pro_sg/ --batch_size 512	-n	1	4662	4687303.000000	4
Transformer (batch size 32)	cd %s/gpusched/workloads/pytorch/translation && python3 train.py -data %s/data/translation/multi30k.atok.low.pt -batch_size 32 -proj_share_weight	-step	1	2014245	4687803.000000	1
A3C	cd %s/gpusched/workloads/pytorch/rl && python3 main.py --env PongDeterministic-v4 --workers 4 --amsgrad True	--max-steps	0	611352	4705635.000000	1
Transformer (batch size 64)	cd %s/gpusched/workloads/pytorch/translation && python3 train.py -data %s/data/translation/multi30k.atok.low.pt -batch_size 64 -proj_share_weight	-step	1	475262	4737428.000000	1
Recommendation (batch size 1024)	cd %s/gpusched/workloads/pytorch/recommendation/scripts/ml-20m && python3 train.py --data_dir %s/data/ml-20m/pro_sg/ --batch_size 1024	-n	1	74354	4759163.000000	8
Transformer (batch size 64)	cd %s/gpusched/workloads/pytorch/translation && python3 train.py -data %s/data/translation/multi30k.atok.low.pt -batch_size 64 -proj_share_weight	-step	1	44577	4802626.000000	1
LM (batch size 80)	cd %s/gpusched/workloads/pytorch/language_modeling && python main.py --cuda --data %s/data/wikitext2 --batch_size 80	--steps	1	209990	4803888.000000	1
Recommendation (batch size 2048)	cd %s/gpusched/workloads/pytorch/recommendation/scripts/ml-20m && python3 train.py --data_dir %s/data/ml-20m/pro_sg/ --batch_size 2048	-n	1	7288	4808965.000000	4
ResNet-50 (batch size 128)	cd %s/gpusched/workloads/pytorch/image_classification/imagenet && python3 main.py -j 4 -a resnet50 -b 128 %s/data/imagenet/pytorch	--num_minibatches	1	34903	4809174.000000	4
Recommendation (batch size 4096)	cd %s/gpusched/workloads/pytorch/recommendation/scripts/ml-20m && python3 train.py --data_dir %s/data/ml-20m/pro_sg/ --batch_size 4096	-n	1	2747	4822017.000000	1
LM (batch size 5)	cd %s/gpusched/workloads/pytorch/language_modeling && python main.py --cuda --data %s/data/wikitext2 --batch_size 5	--steps	1	775617	4823333.000000	1
ResNet-18 (batch size 16)	cd %s/gpusched/workloads/pytorch/image_classification/cifar10 && python3 main.py --data_dir=%s/data/cifar10 --batch_size 16 	--num_steps	1	1092185	4827248.000000	4
LM (batch size 40)	cd %s/gpusched/workloads/pytorch/language_modeling && python main.py --cuda --data %s/data/wikitext2 --batch_size 40	--steps	1	3531355	4827686.000000	1
ResNet-18 (batch size 32)	cd %s/gpusched/workloads/pytorch/image_classification/cifar10 && python3 main.py --data_dir=%s/data/cifar10 --batch_size 32 	--num_steps	1	901139	4828399.000000	4
Recommendation (batch size 1024)	cd %s/gpusched/workloads/pytorch/recommendation/scripts/ml-20m && python3 train.py --data_dir %s/data/ml-20m/pro_sg/ --batch_size 1024	-n	1	96324	4842667.000000	2
ResNet-18 (batch size 16)	cd %s/gpusched/workloads/pytorch/image_classification/cifar10 && python3 main.py --data_dir=%s/data/cifar10 --batch_size 16 	--num_steps	1	26904513	4850225.000000	8
Transformer (batch size 64)	cd %s/gpusched/workloads/pytorch/translation && python3 train.py -data %s/data/translation/multi30k.atok.low.pt -batch_size 64 -proj_share_weight	-step	1	4778538	5191085.000000	8
ResNet-50 (batch size 128)	cd %s/gpusched/workloads/pytorch/image_classification/imagenet && python3 main.py -j 4 -a resnet50 -b 128 %s/data/imagenet/pytorch	--num_minibatches	1	1228359	5191127.000000	8
Recommendation (batch size 512)	cd %s/gpusched/workloads/pytorch/recommendation/scripts/ml-20m && python3 train.py --data_dir %s/data/ml-20m/pro_sg/ --batch_size 512	-n	1	106387	5191385.000000	8
A3C	cd %s/gpusched/workloads/pytorch/rl && python3 main.py --env PongDeterministic-v4 --workers 4 --amsgrad True	--max-steps	0	3126708	5192642.000000	8
Transformer (batch size 16)	cd %s/gpusched/workloads/pytorch/translation && python3 train.py -data %s/data/translation/multi30k.atok.low.pt -batch_size 16 -proj_share_weight	-step	1	630182	5225649.000000	1
LM (batch size 40)	cd %s/gpusched/workloads/pytorch/language_modeling && python main.py --cuda --data %s/data/wikitext2 --batch_size 40	--steps	1	324044	5251012.000000	1
LM (batch size 80)	cd %s/gpusched/workloads/pytorch/language_modeling && python main.py --cuda --data %s/data/wikitext2 --batch_size 80	--steps	1	198795	5253126.000000	1
Transformer (batch size 32)	cd %s/gpusched/workloads/pytorch/translation && python3 train.py -data %s/data/translation/multi30k.atok.low.pt -batch_size 32 -proj_share_weight	-step	1	146846	5257856.000000	4
ResNet-50 (batch size 16)	cd %s/gpusched/workloads/pytorch/image_classification/imagenet && python3 main.py -j 4 -a resnet50 -b 16 %s/data/imagenet/pytorch	--num_minibatches	1	2149854	5276895.000000	8
Transformer (batch size 64)	cd %s/gpusched/workloads/pytorch/translation && python3 train.py -data %s/data/translation/multi30k.atok.low.pt -batch_size 64 -proj_share_weight	-step	1	906407	5286677.000000	8
ResNet-50 (batch size 16)	cd %s/gpusched/workloads/pytorch/image_classification/imagenet && python3 main.py -j 4 -a resnet50 -b 16 %s/data/imagenet/pytorch	--num_minibatches	1	1620544	5286924.000000	8
Transformer (batch size 32)	cd %s/gpusched/workloads/pytorch/translation && python3 train.py -data %s/data/translation/multi30k.atok.low.pt -batch_size 32 -proj_share_weight	-step	1	57174	5342462.000000	1
Recommendation (batch size 8192)	cd %s/gpusched/workloads/pytorch/recommendation/scripts/ml-20m && python3 train.py --data_dir %s/data/ml-20m/pro_sg/ --batch_size 8192	-n	1	7078	5342493.000000	4
Transformer (batch size 64)	cd %s/gpusched/workloads/pytorch/translation && python3 train.py -data %s/data/translation/multi30k.atok.low.pt -batch_size 64 -proj_share_weight	-step	1	116117	5347297.000000	4
LM (batch size 80)	cd %s/gpusched/workloads/pytorch/language_modeling && python main.py --cuda --data %s/data/wikitext2 --batch_size 80	--steps	1	242479	5355399.000000	1
ResNet-50 (batch size 128)	cd %s/gpusched/workloads/pytorch/image_classification/imagenet && python3 main.py -j 4 -a resnet50 -b 128 %s/data/imagenet/pytorch	--num_minibatches	1	37786	5361092.000000	4
Transformer (batch size 16)	cd %s/gpusched/workloads/pytorch/translation && python3 train.py -data %s/data/translation/multi30k.atok.low.pt -batch_size 16 -proj_share_weight	-step	1	283079	5368937.000000	8
CycleGAN	cd %s/gpusched/workloads/pytorch/cyclegan && python3 cyclegan.py --dataset_path %s/data/monet2photo --decay_epoch 0	--n_steps	1	64048	5368975.000000	8
Transformer (batch size 128)	cd %s/gpusched/workloads/pytorch/translation && python3 train.py -data %s/data/translation/multi30k.atok.low.pt -batch_size 128 -proj_share_weight	-step	1	75649	5428346.000000	8
ResNet-18 (batch size 128)	cd %s/gpusched/workloads/pytorch/image_classification/cifar10 && python3 main.py --data_dir=%s/data/cifar10 --batch_size 128 	--num_steps	1	111791	5526404.000000	8
Recommendation (batch size 8192)	cd %s/gpusched/workloads/pytorch/recommendation/scripts/ml-20m && python3 train.py --data_dir %s/data/ml-20m/pro_sg/ --batch_size 8192	-n	1	3195	5595272.000000	1
ResNet-18 (batch size 16)	cd %s/gpusched/workloads/pytorch/image_classification/cifar10 && python3 main.py --data_dir=%s/data/cifar10 --batch_size 16 	--num_steps	1	371355	5596647.000000	1
LM (batch size 40)	cd %s/gpusched/workloads/pytorch/language_modeling && python main.py --cuda --data %s/data/wikitext2 --batch_size 40	--steps	1	1246689	5600810.000000	4
Recommendation (batch size 1024)	cd %s/gpusched/workloads/pytorch/recommendation/scripts/ml-20m && python3 train.py --data_dir %s/data/ml-20m/pro_sg/ --batch_size 1024	-n	1	7861	5601661.000000	4
Recommendation (batch size 4096)	cd %s/gpusched/workloads/pytorch/recommendation/scripts/ml-20m && python3 train.py --data_dir %s/data/ml-20m/pro_sg/ --batch_size 4096	-n	1	3825	5700612.000000	1
ResNet-18 (batch size 256)	cd %s/gpusched/workloads/pytorch/image_classification/cifar10 && python3 main.py --data_dir=%s/data/cifar10 --batch_size 256 	--num_steps	1	97915	5702457.000000	1
Transformer (batch size 16)	cd %s/gpusched/workloads/pytorch/translation && python3 train.py -data %s/data/translation/multi30k.atok.low.pt -batch_size 16 -proj_share_weight	-step	1	206095	5707032.000000	4
LM (batch size 10)	cd %s/gpusched/workloads/pytorch/language_modeling && python main.py --cuda --data %s/data/wikitext2 --batch_size 10	--steps	1	1843329	5708442.000000	4
ResNet-50 (batch size 64)	cd %s/gpusched/workloads/pytorch/image_classification/imagenet && python3 main.py -j 4 -a resnet50 -b 64 %s/data/imagenet/pytorch	--num_minibatches	1	171144	5778841.000000	1
Recommendation (batch size 512)	cd %s/gpusched/workloads/pytorch/recommendation/scripts/ml-20m && python3 train.py --data_dir %s/data/ml-20m/pro_sg/ --batch_size 512	-n	1	37581	5791684.000000	1
CycleGAN	cd %s/gpusched/workloads/pytorch/cyclegan && python3 cyclegan.py --dataset_path %s/data/monet2photo --decay_epoch 0	--n_steps	1	13963	5793333.000000	4
ResNet-50 (batch size 128)	cd %s/gpusched/workloads/pytorch/image_classification/imagenet && python3 main.py -j 4 -a resnet50 -b 128 %s/data/imagenet/pytorch	--num_minibatches	1	977230	5797043.000000	1
ResNet-50 (batch size 64)	cd %s/gpusched/workloads/pytorch/image_classification/imagenet && python3 main.py -j 4 -a resnet50 -b 64 %s/data/imagenet/pytorch	--num_minibatches	1	1454084	5797523.000000	1
Transformer (batch size 32)	cd %s/gpusched/workloads/pytorch/translation && python3 train.py -data %s/data/translation/multi30k.atok.low.pt -batch_size 32 -proj_share_weight	-step	1	34244	5798233.000000	4
ResNet-50 (batch size 16)	cd %s/gpusched/workloads/pytorch/image_classification/imagenet && python3 main.py -j 4 -a resnet50 -b 16 %s/data/imagenet/pytorch	--num_minibatches	1	193585	5810936.000000	1
Recommendation (batch size 1024)	cd %s/gpusched/workloads/pytorch/recommendation/scripts/ml-20m && python3 train.py --data_dir %s/data/ml-20m/pro_sg/ --batch_size 1024	-n	1	1294	5811581.000000	4
Transformer (batch size 256)	cd %s/gpusched/workloads/pytorch/translation && python3 train.py -data %s/data/translation/multi30k.atok.low.pt -batch_size 256 -proj_share_weight	-step	1	9499	5815637.000000	4
Recommendation (batch size 512)	cd %s/gpusched/workloads/pytorch/recommendation/scripts/ml-20m && python3 train.py --data_dir %s/data/ml-20m/pro_sg/ --batch_size 512	-n	1	2137	5851054.000000	1
Recommendation (batch size 2048)	cd %s/gpusched/workloads/pytorch/recommendation/scripts/ml-20m && python3 train.py --data_dir %s/data/ml-20m/pro_sg/ --batch_size 2048	-n	1	7777	5857843.000000	4
ResNet-18 (batch size 128)	cd %s/gpusched/workloads/pytorch/image_classification/cifar10 && python3 main.py --data_dir=%s/data/cifar10 --batch_size 128 	--num_steps	1	519218	5862253.000000	1
ResNet-18 (batch size 128)	cd %s/gpusched/workloads/pytorch/image_classification/cifar10 && python3 main.py --data_dir=%s/data/cifar10 --batch_size 128 	--num_steps	1	242057	5871764.000000	1
LM (batch size 80)	cd %s/gpusched/workloads/pytorch/language_modeling && python main.py --cuda --data %s/data/wikitext2 --batch_size 80	--steps	1	588483	5880007.000000	4
Transformer (batch size 32)	cd %s/gpusched/workloads/pytorch/translation && python3 train.py -data %s/data/translation/multi30k.atok.low.pt -batch_size 32 -proj_share_weight	-step	1	217194	5882197.000000	1
Transformer (batch size 32)	cd %s/gpusched/workloads/pytorch/translation && python3 train.py -data %s/data/translation/multi30k.atok.low.pt -batch_size 32 -proj_share_weight	-step	1	736228	5886194.000000	1
Recommendation (batch size 1024)	cd %s/gpusched/workloads/pytorch/recommendation/scripts/ml-20m && python3 train.py --data_dir %s/data/ml-20m/pro_sg/ --batch_size 1024	-n	1	1817	5944998.000000	1
ResNet-50 (batch size 64)	cd %s/gpusched/workloads/pytorch/image_classification/imagenet && python3 main.py -j 4 -a resnet50 -b 64 %s/data/imagenet/pytorch	--num_minibatches	1	53255	5948959.000000	4
A3C	cd %s/gpusched/workloads/pytorch/rl && python3 main.py --env PongDeterministic-v4 --workers 4 --amsgrad True	--max-steps	0	35830	5958884.000000	1
CycleGAN	cd %s/gpusched/workloads/pytorch/cyclegan && python3 cyclegan.py --dataset_path %s/data/monet2photo --decay_epoch 0	--n_steps	1	22452	5958987.000000	1
ResNet-50 (batch size 16)	cd %s/gpusched/workloads/pytorch/image_classification/imagenet && python3 main.py -j 4 -a resnet50 -b 16 %s/data/imagenet/pytorch	--num_minibatches	1	2781326	5962099.000000	1
ResNet-18 (batch size 64)	cd %s/gpusched/workloads/pytorch/image_classification/cifar10 && python3 main.py --data_dir=%s/data/cifar10 --batch_size 64 	--num_steps	1	542565	5963581.000000	4
Transformer (batch size 32)	cd %s/gpusched/workloads/pytorch/translation && python3 train.py -data %s/data/translation/multi30k.atok.low.pt -batch_size 32 -proj_share_weight	-step	1	1921454	5987939.000000	1
Recommendation (batch size 4096)	cd %s/gpusched/workloads/pytorch/recommendation/scripts/ml-20m && python3 train.py --data_dir %s/data/ml-20m/pro_sg/ --batch_size 4096	-n	1	3009	6011345.000000	1
Recommendation (batch size 512)	cd %s/gpusched/workloads/pytorch/recommendation/scripts/ml-20m && python3 train.py --data_dir %s/data/ml-20m/pro_sg/ --batch_size 512	-n	1	4316	6016364.000000	4
ResNet-50 (batch size 32)	cd %s/gpusched/workloads/pytorch/image_classification/imagenet && python3 main.py -j 4 -a resnet50 -b 32 %s/data/imagenet/pytorch	--num_minibatches	1	187340	6018962.000000	4
LM (batch size 40)	cd %s/gpusched/workloads/pytorch/language_modeling && python main.py --cuda --data %s/data/wikitext2 --batch_size 40	--steps	1	332866	6029564.000000	1
A3C	cd %s/gpusched/workloads/pytorch/rl && python3 main.py --env PongDeterministic-v4 --workers 4 --amsgrad True	--max-steps	0	105481	6034413.000000	4
ResNet-50 (batch size 128)	cd %s/gpusched/workloads/pytorch/image_classification/imagenet && python3 main.py -j 4 -a resnet50 -b 128 %s/data/imagenet/pytorch	--num_minibatches	1	414670	6194368.000000	1
ResNet-50 (batch size 64)	cd %s/gpusched/workloads/pytorch/image_classification/imagenet && python3 main.py -j 4 -a resnet50 -b 64 %s/data/imagenet/pytorch	--num_minibatches	1	767884	6194627.000000	1
CycleGAN	cd %s/gpusched/workloads/pytorch/cyclegan && python3 cyclegan.py --dataset_path %s/data/monet2photo --decay_epoch 0	--n_steps	1	45259	6220192.000000	1
ResNet-18 (batch size 128)	cd %s/gpusched/workloads/pytorch/image_classification/cifar10 && python3 main.py --data_dir=%s/data/cifar10 --batch_size 128 	--num_steps	1	561651	6229580.000000	4
ResNet-18 (batch size 32)	cd %s/gpusched/workloads/pytorch/image_classification/cifar10 && python3 main.py --data_dir=%s/data/cifar10 --batch_size 32 	--num_steps	1	431420	6248338.000000	1
LM (batch size 10)	cd %s/gpusched/workloads/pytorch/language_modeling && python main.py --cuda --data %s/data/wikitext2 --batch_size 10	--steps	1	3112643	6255088.000000	4
ResNet-50 (batch size 32)	cd %s/gpusched/workloads/pytorch/image_classification/imagenet && python3 main.py -j 4 -a resnet50 -b 32 %s/data/imagenet/pytorch	--num_minibatches	1	5730882	6498622.000000	8
Transformer (batch size 32)	cd %s/gpusched/workloads/pytorch/translation && python3 train.py -data %s/data/translation/multi30k.atok.low.pt -batch_size 32 -proj_share_weight	-step	1	290649	6559995.000000	4
CycleGAN	cd %s/gpusched/workloads/pytorch/cyclegan && python3 cyclegan.py --dataset_path %s/data/monet2photo --decay_epoch 0	--n_steps	1	8238	6568501.000000	4
LM (batch size 40)	cd %s/gpusched/workloads/pytorch/language_modeling && python main.py --cuda --data %s/data/wikitext2 --batch_size 40	--steps	1	10798405	6574159.000000	1
ResNet-50 (batch size 16)	cd %s/gpusched/workloads/pytorch/image_classification/imagenet && python3 main.py -j 4 -a resnet50 -b 16 %s/data/imagenet/pytorch	--num_minibatches	1	2687366	6574940.000000	1
ResNet-50 (batch size 128)	cd %s/gpusched/workloads/pytorch/image_classification/imagenet && python3 main.py -j 4 -a resnet50 -b 128 %s/data/imagenet/pytorch	--num_minibatches	1	476141	6656261.000000	1
Transformer (batch size 32)	cd %s/gpusched/workloads/pytorch/translation && python3 train.py -data %s/data/translation/multi30k.atok.low.pt -batch_size 32 -proj_share_weight	-step	1	2700673	6673017.000000	8
CycleGAN	cd %s/gpusched/workloads/pytorch/cyclegan && python3 cyclegan.py --dataset_path %s/data/monet2photo --decay_epoch 0	--n_steps	1	1056610	6742142.000000	1
Recommendation (batch size 512)	cd %s/gpusched/workloads/pytorch/recommendation/scripts/ml-20m && python3 train.py --data_dir %s/data/ml-20m/pro_sg/ --batch_size 512	-n	1	568	6916858.000000	1
ResNet-18 (batch size 64)	cd %s/gpusched/workloads/pytorch/image_classification/cifar10 && python3 main.py --data_dir=%s/data/cifar10 --batch_size 64 	--num_steps	1	1100382	6987521.000000	8
CycleGAN	cd %s/gpusched/workloads/pytorch/cyclegan && python3 cyclegan.py --dataset_path %s/data/monet2photo --decay_epoch 0	--n_steps	1	83417	6993675.000000	8
LM (batch size 80)	cd %s/gpusched/workloads/pytorch/language_modeling && python main.py --cuda --data %s/data/wikitext2 --batch_size 80	--steps	1	996655	6998504.000000	8
Transformer (batch size 64)	cd %s/gpusched/workloads/pytorch/translation && python3 train.py -data %s/data/translation/multi30k.atok.low.pt -batch_size 64 -proj_share_weight	-step	1	232177	7018786.000000	8
LM (batch size 40)	cd %s/gpusched/workloads/pytorch/language_modeling && python main.py --cuda --data %s/data/wikitext2 --batch_size 40	--steps	1	93024	7066224.000000	8
ResNet-18 (batch size 256)	cd %s/gpusched/workloads/pytorch/image_classification/cifar10 && python3 main.py --data_dir=%s/data/cifar10 --batch_size 256 	--num_steps	1	1383842	7069146.000000	8
Transformer (batch size 256)	cd %s/gpusched/workloads/pytorch/translation && python3 train.py -data %s/data/translation/multi30k.atok.low.pt -batch_size 256 -proj_share_weight	-step	1	13162	7070488.000000	1
Transformer (batch size 16)	cd %s/gpusched/workloads/pytorch/translation && python3 train.py -data %s/data/translation/multi30k.atok.low.pt -batch_size 16 -proj_share_weight	-step	1	1259670	7072684.000000	1
LM (batch size 10)	cd %s/gpusched/workloads/pytorch/language_modeling && python main.py --cuda --data %s/data/wikitext2 --batch_size 10	--steps	1	14008759	7072917.000000	1
CycleGAN	cd %s/gpusched/workloads/pytorch/cyclegan && python3 cyclegan.py --dataset_path %s/data/monet2photo --decay_epoch 0	--n_steps	1	83658	7078470.000000	4
ResNet-50 (batch size 128)	cd %s/gpusched/workloads/pytorch/image_classification/imagenet && python3 main.py -j 4 -a resnet50 -b 128 %s/data/imagenet/pytorch	--num_minibatches	1	247372	7086458.000000	8
A3C	cd %s/gpusched/workloads/pytorch/rl && python3 main.py --env PongDeterministic-v4 --workers 4 --amsgrad True	--max-steps	0	168373	7090173.000000	1
Transformer (batch size 64)	cd %s/gpusched/workloads/pytorch/translation && python3 train.py -data %s/data/translation/multi30k.atok.low.pt -batch_size 64 -proj_share_weight	-step	1	361403	7108442.000000	1
Recommendation (batch size 512)	cd %s/gpusched/workloads/pytorch/recommendation/scripts/ml-20m && python3 train.py --data_dir %s/data/ml-20m/pro_sg/ --batch_size 512	-n	1	2415	7158204.000000	1
Transformer (batch size 256)	cd %s/gpusched/workloads/pytorch/translation && python3 train.py -data %s/data/translation/multi30k.atok.low.pt -batch_size 256 -proj_share_weight	-step	1	16189	7161738.000000	8
Transformer (batch size 16)	cd %s/gpusched/workloads/pytorch/translation && python3 train.py -data %s/data/translation/multi30k.atok.low.pt -batch_size 16 -proj_share_weight	-step	1	2183735	7273750.000000	1
Transformer (batch size 256)	cd %s/gpusched/workloads/pytorch/translation && python3 train.py -data %s/data/translation/multi30k.atok.low.pt -batch_size 256 -proj_share_weight	-step	1	200983	7294486.000000	1
LM (batch size 40)	cd %s/gpusched/workloads/pytorch/language_modeling && python main.py --cuda --data %s/data/wikitext2 --batch_size 40	--steps	1	6043311	7371078.000000	1
Transformer (batch size 256)	cd %s/gpusched/workloads/pytorch/translation && python3 train.py -data %s/data/translation/multi30k.atok.low.pt -batch_size 256 -proj_share_weight	-step	1	39560	7371765.000000	4
ResNet-18 (batch size 32)	cd %s/gpusched/workloads/pytorch/image_classification/cifar10 && python3 main.py --data_dir=%s/data/cifar10 --batch_size 32 	--num_steps	1	927461	7410341.000000	1
Transformer (batch size 256)	cd %s/gpusched/workloads/pytorch/translation && python3 train.py -data %s/data/translation/multi30k.atok.low.pt -batch_size 256 -proj_share_weight	-step	1	76701	7666551.000000	4
ResNet-18 (batch size 256)	cd %s/gpusched/workloads/pytorch/image_classification/cifar10 && python3 main.py --data_dir=%s/data/cifar10 --batch_size 256 	--num_steps	1	1966950	7737258.000000	1
ResNet-50 (batch size 32)	cd %s/gpusched/workloads/pytorch/image_classification/imagenet && python3 main.py -j 4 -a resnet50 -b 32 %s/data/imagenet/pytorch	--num_minibatches	1	248054	7796379.000000	1
ResNet-18 (batch size 16)	cd %s/gpusched/workloads/pytorch/image_classification/cifar10 && python3 main.py --data_dir=%s/data/cifar10 --batch_size 16 	--num_steps	1	1635107	7800205.000000	1
LM (batch size 5)	cd %s/gpusched/workloads/pytorch/language_modeling && python main.py --cuda --data %s/data/wikitext2 --batch_size 5	--steps	1	14476516	7832134.000000	1
LM (batch size 80)	cd %s/gpusched/workloads/pytorch/language_modeling && python main.py --cuda --data %s/data/wikitext2 --batch_size 80	--steps	1	173682	7850188.000000	1
LM (batch size 10)	cd %s/gpusched/workloads/pytorch/language_modeling && python main.py --cuda --data %s/data/wikitext2 --batch_size 10	--steps	1	642828	7850840.000000	1
Transformer (batch size 256)	cd %s/gpusched/workloads/pytorch/translation && python3 train.py -data %s/data/translation/multi30k.atok.low.pt -batch_size 256 -proj_share_weight	-step	1	36038	7854372.000000	4
LM (batch size 20)	cd %s/gpusched/workloads/pytorch/language_modeling && python main.py --cuda --data %s/data/wikitext2 --batch_size 20	--steps	1	498948	7875681.000000	1
Recommendation (batch size 2048)	cd %s/gpusched/workloads/pytorch/recommendation/scripts/ml-20m && python3 train.py --data_dir %s/data/ml-20m/pro_sg/ --batch_size 2048	-n	1	5447	7939057.000000	1
