Transformer (batch size 128)	cd %s/gpusched/workloads/pytorch/translation && python3 train.py -data %s/data/translation/multi30k.atok.low.pt -batch_size 128 -proj_share_weight	-step	1	19605	1	1	-1.000000	0
Recommendation (batch size 8192)	cd %s/gpusched/workloads/pytorch/recommendation/ && python3 train.py --data_dir %s/data/ml-20m/pro_sg/ --batch_size 8192	-n	1	15912	1	1	-1.000000	0
Transformer (batch size 256)	cd %s/gpusched/workloads/pytorch/translation && python3 train.py -data %s/data/translation/multi30k.atok.low.pt -batch_size 256 -proj_share_weight	-step	1	8932	1	1	-1.000000	0
ResNet-18 (batch size 32)	cd %s/gpusched/workloads/pytorch/image_classification/cifar10 && python3 main.py --data_dir=%s/data/cifar10 --batch_size 32 	--num_steps	1	407281	1	1	-1.000000	0
ResNet-50 (batch size 128)	cd %s/gpusched/workloads/pytorch/image_classification/imagenet && python3 main.py -j 8 -a resnet50 -b 128 %s/data/imagenet/pytorch	--num_minibatches	1	18975	1	1	-1.000000	0
LM (batch size 10)	cd %s/gpusched/workloads/pytorch/language_modeling && python main.py --cuda --data %s/data/wikitext2 --batch_size 10	--steps	1	947158	1	1	-1.000000	0
LM (batch size 5)	cd %s/gpusched/workloads/pytorch/language_modeling && python main.py --cuda --data %s/data/wikitext2 --batch_size 5	--steps	1	1266332	1	1	-1.000000	0
Transformer (batch size 128)	cd %s/gpusched/workloads/pytorch/translation && python3 train.py -data %s/data/translation/multi30k.atok.low.pt -batch_size 128 -proj_share_weight	-step	1	117635	1	1	-1.000000	0
CycleGAN	cd %s/gpusched/workloads/pytorch/cyclegan && python3 cyclegan.py --dataset_path %s/data/monet2photo --decay_epoch 0	--n_steps	1	42490	1	1	-1.000000	0
Transformer (batch size 16)	cd %s/gpusched/workloads/pytorch/translation && python3 train.py -data %s/data/translation/multi30k.atok.low.pt -batch_size 16 -proj_share_weight	-step	1	433835	4	1	-1.000000	0
LM (batch size 5)	cd %s/gpusched/workloads/pytorch/language_modeling && python main.py --cuda --data %s/data/wikitext2 --batch_size 5	--steps	1	392999	1	1	-1.000000	0
Transformer (batch size 64)	cd %s/gpusched/workloads/pytorch/translation && python3 train.py -data %s/data/translation/multi30k.atok.low.pt -batch_size 64 -proj_share_weight	-step	1	186143	1	1	-1.000000	0
LM (batch size 40)	cd %s/gpusched/workloads/pytorch/language_modeling && python main.py --cuda --data %s/data/wikitext2 --batch_size 40	--steps	1	729837	4	1	-1.000000	0
ResNet-50 (batch size 32)	cd %s/gpusched/workloads/pytorch/image_classification/imagenet && python3 main.py -j 8 -a resnet50 -b 32 %s/data/imagenet/pytorch	--num_minibatches	1	121481	1	1	-1.000000	0
LM (batch size 10)	cd %s/gpusched/workloads/pytorch/language_modeling && python main.py --cuda --data %s/data/wikitext2 --batch_size 10	--steps	1	1895050	4	1	-1.000000	0
ResNet-18 (batch size 256)	cd %s/gpusched/workloads/pytorch/image_classification/cifar10 && python3 main.py --data_dir=%s/data/cifar10 --batch_size 256 	--num_steps	1	201885	1	1	-1.000000	0
Transformer (batch size 16)	cd %s/gpusched/workloads/pytorch/translation && python3 train.py -data %s/data/translation/multi30k.atok.low.pt -batch_size 16 -proj_share_weight	-step	1	150471	1	1	-1.000000	0
ResNet-18 (batch size 256)	cd %s/gpusched/workloads/pytorch/image_classification/cifar10 && python3 main.py --data_dir=%s/data/cifar10 --batch_size 256 	--num_steps	1	201885	1	1	-1.000000	0
Recommendation (batch size 8192)	cd %s/gpusched/workloads/pytorch/recommendation/ && python3 train.py --data_dir %s/data/ml-20m/pro_sg/ --batch_size 8192	-n	1	50010	1	1	-1.000000	0
ResNet-18 (batch size 128)	cd %s/gpusched/workloads/pytorch/image_classification/cifar10 && python3 main.py --data_dir=%s/data/cifar10 --batch_size 128 	--num_steps	1	352700	1	1	-1.000000	0
LM (batch size 80)	cd %s/gpusched/workloads/pytorch/language_modeling && python main.py --cuda --data %s/data/wikitext2 --batch_size 80	--steps	1	867764	4	1	-1.000000	0
CycleGAN	cd %s/gpusched/workloads/pytorch/cyclegan && python3 cyclegan.py --dataset_path %s/data/monet2photo --decay_epoch 0	--n_steps	1	15933	1	1	-1.000000	0
ResNet-50 (batch size 128)	cd %s/gpusched/workloads/pytorch/image_classification/imagenet && python3 main.py -j 8 -a resnet50 -b 128 %s/data/imagenet/pytorch	--num_minibatches	1	8988	1	1	-1.000000	0
LM (batch size 20)	cd %s/gpusched/workloads/pytorch/language_modeling && python main.py --cuda --data %s/data/wikitext2 --batch_size 20	--steps	1	1797568	2	1	-1.000000	0
Recommendation (batch size 2048)	cd %s/gpusched/workloads/pytorch/recommendation/ && python3 train.py --data_dir %s/data/ml-20m/pro_sg/ --batch_size 2048	-n	1	131465	1	1	-1.000000	0
CycleGAN	cd %s/gpusched/workloads/pytorch/cyclegan && python3 cyclegan.py --dataset_path %s/data/monet2photo --decay_epoch 0	--n_steps	1	60194	1	1	-1.000000	0
LM (batch size 80)	cd %s/gpusched/workloads/pytorch/language_modeling && python main.py --cuda --data %s/data/wikitext2 --batch_size 80	--steps	1	440543	1	1	-1.000000	0
ResNet-18 (batch size 256)	cd %s/gpusched/workloads/pytorch/image_classification/cifar10 && python3 main.py --data_dir=%s/data/cifar10 --batch_size 256 	--num_steps	1	160684	1	1	-1.000000	0
Transformer (batch size 16)	cd %s/gpusched/workloads/pytorch/translation && python3 train.py -data %s/data/translation/multi30k.atok.low.pt -batch_size 16 -proj_share_weight	-step	1	277414	2	1	-1.000000	0
ResNet-18 (batch size 128)	cd %s/gpusched/workloads/pytorch/image_classification/cifar10 && python3 main.py --data_dir=%s/data/cifar10 --batch_size 128 	--num_steps	1	136761	1	1	-1.000000	0
Recommendation (batch size 4096)	cd %s/gpusched/workloads/pytorch/recommendation/ && python3 train.py --data_dir %s/data/ml-20m/pro_sg/ --batch_size 4096	-n	1	76558	1	1	-1.000000	0
ResNet-18 (batch size 64)	cd %s/gpusched/workloads/pytorch/image_classification/cifar10 && python3 main.py --data_dir=%s/data/cifar10 --batch_size 64 	--num_steps	1	183108	1	1	-1.000000	0
Recommendation (batch size 1024)	cd %s/gpusched/workloads/pytorch/recommendation/ && python3 train.py --data_dir %s/data/ml-20m/pro_sg/ --batch_size 1024	-n	1	127512	1	1	-1.000000	0
Transformer (batch size 32)	cd %s/gpusched/workloads/pytorch/translation && python3 train.py -data %s/data/translation/multi30k.atok.low.pt -batch_size 32 -proj_share_weight	-step	1	101960	1	1	-1.000000	0
LM (batch size 5)	cd %s/gpusched/workloads/pytorch/language_modeling && python main.py --cuda --data %s/data/wikitext2 --batch_size 5	--steps	1	456176	4	1	-1.000000	0
LM (batch size 20)	cd %s/gpusched/workloads/pytorch/language_modeling && python main.py --cuda --data %s/data/wikitext2 --batch_size 20	--steps	1	492042	1	1	-1.000000	0
ResNet-18 (batch size 128)	cd %s/gpusched/workloads/pytorch/image_classification/cifar10 && python3 main.py --data_dir=%s/data/cifar10 --batch_size 128 	--num_steps	1	326200	2	1	-1.000000	0
Transformer (batch size 64)	cd %s/gpusched/workloads/pytorch/translation && python3 train.py -data %s/data/translation/multi30k.atok.low.pt -batch_size 64 -proj_share_weight	-step	1	149413	4	1	-1.000000	0
Transformer (batch size 256)	cd %s/gpusched/workloads/pytorch/translation && python3 train.py -data %s/data/translation/multi30k.atok.low.pt -batch_size 256 -proj_share_weight	-step	1	21927	2	1	-1.000000	0
Transformer (batch size 32)	cd %s/gpusched/workloads/pytorch/translation && python3 train.py -data %s/data/translation/multi30k.atok.low.pt -batch_size 32 -proj_share_weight	-step	1	447321	4	1	-1.000000	0
LM (batch size 80)	cd %s/gpusched/workloads/pytorch/language_modeling && python main.py --cuda --data %s/data/wikitext2 --batch_size 80	--steps	1	553503	1	1	-1.000000	0
Recommendation (batch size 512)	cd %s/gpusched/workloads/pytorch/recommendation/ && python3 train.py --data_dir %s/data/ml-20m/pro_sg/ --batch_size 512	-n	1	317119	1	1	-1.000000	0
ResNet-50 (batch size 32)	cd %s/gpusched/workloads/pytorch/image_classification/imagenet && python3 main.py -j 8 -a resnet50 -b 32 %s/data/imagenet/pytorch	--num_minibatches	1	269759	4	1	-1.000000	0
LM (batch size 20)	cd %s/gpusched/workloads/pytorch/language_modeling && python main.py --cuda --data %s/data/wikitext2 --batch_size 20	--steps	1	1268952	1	1	-1.000000	0
LM (batch size 5)	cd %s/gpusched/workloads/pytorch/language_modeling && python main.py --cuda --data %s/data/wikitext2 --batch_size 5	--steps	1	963039	4	1	-1.000000	0
A3C	cd %s/gpusched/workloads/pytorch/rl && python3 main.py --env PongDeterministic-v4 --workers 4 --amsgrad True	--max-steps	0	126293	1	1	-1.000000	0
LM (batch size 10)	cd %s/gpusched/workloads/pytorch/language_modeling && python main.py --cuda --data %s/data/wikitext2 --batch_size 10	--steps	1	1895050	4	1	-1.000000	0
ResNet-50 (batch size 128)	cd %s/gpusched/workloads/pytorch/image_classification/imagenet && python3 main.py -j 8 -a resnet50 -b 128 %s/data/imagenet/pytorch	--num_minibatches	1	48936	1	1	-1.000000	0
ResNet-18 (batch size 32)	cd %s/gpusched/workloads/pytorch/image_classification/cifar10 && python3 main.py --data_dir=%s/data/cifar10 --batch_size 32 	--num_steps	1	407281	1	1	-1.000000	0
CycleGAN	cd %s/gpusched/workloads/pytorch/cyclegan && python3 cyclegan.py --dataset_path %s/data/monet2photo --decay_epoch 0	--n_steps	1	95603	1	1	-1.000000	0
LM (batch size 20)	cd %s/gpusched/workloads/pytorch/language_modeling && python main.py --cuda --data %s/data/wikitext2 --batch_size 20	--steps	1	880497	1	1	-1.000000	0
ResNet-18 (batch size 16)	cd %s/gpusched/workloads/pytorch/image_classification/cifar10 && python3 main.py --data_dir=%s/data/cifar10 --batch_size 16 	--num_steps	1	1684411	4	1	-1.000000	0
ResNet-18 (batch size 64)	cd %s/gpusched/workloads/pytorch/image_classification/cifar10 && python3 main.py --data_dir=%s/data/cifar10 --batch_size 64 	--num_steps	1	424040	1	1	-1.000000	0
Recommendation (batch size 4096)	cd %s/gpusched/workloads/pytorch/recommendation/ && python3 train.py --data_dir %s/data/ml-20m/pro_sg/ --batch_size 4096	-n	1	29685	1	1	-1.000000	0
Transformer (batch size 128)	cd %s/gpusched/workloads/pytorch/translation && python3 train.py -data %s/data/translation/multi30k.atok.low.pt -batch_size 128 -proj_share_weight	-step	1	84959	1	1	-1.000000	0
Recommendation (batch size 2048)	cd %s/gpusched/workloads/pytorch/recommendation/ && python3 train.py --data_dir %s/data/ml-20m/pro_sg/ --batch_size 2048	-n	1	131465	1	1	-1.000000	0
CycleGAN	cd %s/gpusched/workloads/pytorch/cyclegan && python3 cyclegan.py --dataset_path %s/data/monet2photo --decay_epoch 0	--n_steps	1	86751	1	1	-1.000000	0
Recommendation (batch size 1024)	cd %s/gpusched/workloads/pytorch/recommendation/ && python3 train.py --data_dir %s/data/ml-20m/pro_sg/ --batch_size 1024	-n	1	127512	1	1	-1.000000	0
Recommendation (batch size 512)	cd %s/gpusched/workloads/pytorch/recommendation/ && python3 train.py --data_dir %s/data/ml-20m/pro_sg/ --batch_size 512	-n	1	410390	1	1	-1.000000	0
ResNet-18 (batch size 16)	cd %s/gpusched/workloads/pytorch/image_classification/cifar10 && python3 main.py --data_dir=%s/data/cifar10 --batch_size 16 	--num_steps	1	375299	1	1	-1.000000	0
LM (batch size 80)	cd %s/gpusched/workloads/pytorch/language_modeling && python main.py --cuda --data %s/data/wikitext2 --batch_size 80	--steps	1	497023	1	1	-1.000000	0
LM (batch size 5)	cd %s/gpusched/workloads/pytorch/language_modeling && python main.py --cuda --data %s/data/wikitext2 --batch_size 5	--steps	1	2139665	1	1	-1.000000	0
Transformer (batch size 32)	cd %s/gpusched/workloads/pytorch/translation && python3 train.py -data %s/data/translation/multi30k.atok.low.pt -batch_size 32 -proj_share_weight	-step	1	208169	1	1	-1.000000	0
ResNet-50 (batch size 64)	cd %s/gpusched/workloads/pytorch/image_classification/imagenet && python3 main.py -j 8 -a resnet50 -b 64 %s/data/imagenet/pytorch	--num_minibatches	1	59768	1	1	-1.000000	0
Recommendation (batch size 4096)	cd %s/gpusched/workloads/pytorch/recommendation/ && python3 train.py --data_dir %s/data/ml-20m/pro_sg/ --batch_size 4096	-n	1	68746	1	1	-1.000000	0
Transformer (batch size 32)	cd %s/gpusched/workloads/pytorch/translation && python3 train.py -data %s/data/translation/multi30k.atok.low.pt -batch_size 32 -proj_share_weight	-step	1	186927	1	1	-1.000000	0
Recommendation (batch size 2048)	cd %s/gpusched/workloads/pytorch/recommendation/ && python3 train.py --data_dir %s/data/ml-20m/pro_sg/ --batch_size 2048	-n	1	101586	1	1	-1.000000	0
ResNet-18 (batch size 64)	cd %s/gpusched/workloads/pytorch/image_classification/cifar10 && python3 main.py --data_dir=%s/data/cifar10 --batch_size 64 	--num_steps	1	2064703	4	1	-1.000000	0
ResNet-50 (batch size 32)	cd %s/gpusched/workloads/pytorch/image_classification/imagenet && python3 main.py -j 8 -a resnet50 -b 32 %s/data/imagenet/pytorch	--num_minibatches	1	152630	1	1	-1.000000	0
LM (batch size 40)	cd %s/gpusched/workloads/pytorch/language_modeling && python main.py --cuda --data %s/data/wikitext2 --batch_size 40	--steps	1	1690149	4	1	-1.000000	0
ResNet-50 (batch size 64)	cd %s/gpusched/workloads/pytorch/image_classification/imagenet && python3 main.py -j 8 -a resnet50 -b 64 %s/data/imagenet/pytorch	--num_minibatches	1	166354	4	1	-1.000000	0
ResNet-50 (batch size 64)	cd %s/gpusched/workloads/pytorch/image_classification/imagenet && python3 main.py -j 8 -a resnet50 -b 64 %s/data/imagenet/pytorch	--num_minibatches	1	90738	4	1	-1.000000	0
CycleGAN	cd %s/gpusched/workloads/pytorch/cyclegan && python3 cyclegan.py --dataset_path %s/data/monet2photo --decay_epoch 0	--n_steps	1	60194	1	1	-1.000000	0
ResNet-18 (batch size 256)	cd %s/gpusched/workloads/pytorch/image_classification/cifar10 && python3 main.py --data_dir=%s/data/cifar10 --batch_size 256 	--num_steps	1	78281	1	1	-1.000000	0
CycleGAN	cd %s/gpusched/workloads/pytorch/cyclegan && python3 cyclegan.py --dataset_path %s/data/monet2photo --decay_epoch 0	--n_steps	1	95603	1	1	-1.000000	0
LM (batch size 20)	cd %s/gpusched/workloads/pytorch/language_modeling && python main.py --cuda --data %s/data/wikitext2 --batch_size 20	--steps	1	751012	1	1	-1.000000	0
A3C	cd %s/gpusched/workloads/pytorch/rl && python3 main.py --env PongDeterministic-v4 --workers 4 --amsgrad True	--max-steps	0	126293	1	1	-1.000000	0
ResNet-18 (batch size 64)	cd %s/gpusched/workloads/pytorch/image_classification/cifar10 && python3 main.py --data_dir=%s/data/cifar10 --batch_size 64 	--num_steps	1	1108822	4	1	-1.000000	0
ResNet-18 (batch size 64)	cd %s/gpusched/workloads/pytorch/image_classification/cifar10 && python3 main.py --data_dir=%s/data/cifar10 --batch_size 64 	--num_steps	1	1108822	4	1	-1.000000	0
Transformer (batch size 32)	cd %s/gpusched/workloads/pytorch/translation && python3 train.py -data %s/data/translation/multi30k.atok.low.pt -batch_size 32 -proj_share_weight	-step	1	447321	4	1	-1.000000	0
LM (batch size 10)	cd %s/gpusched/workloads/pytorch/language_modeling && python main.py --cuda --data %s/data/wikitext2 --batch_size 10	--steps	1	1600372	1	1	-1.000000	0
LM (batch size 5)	cd %s/gpusched/workloads/pytorch/language_modeling && python main.py --cuda --data %s/data/wikitext2 --batch_size 5	--steps	1	3640187	2	1	-1.000000	0
ResNet-18 (batch size 128)	cd %s/gpusched/workloads/pytorch/image_classification/cifar10 && python3 main.py --data_dir=%s/data/cifar10 --batch_size 128 	--num_steps	1	352700	1	1	-1.000000	0
Transformer (batch size 16)	cd %s/gpusched/workloads/pytorch/translation && python3 train.py -data %s/data/translation/multi30k.atok.low.pt -batch_size 16 -proj_share_weight	-step	1	433835	4	1	-1.000000	0
LM (batch size 20)	cd %s/gpusched/workloads/pytorch/language_modeling && python main.py --cuda --data %s/data/wikitext2 --batch_size 20	--steps	1	1398436	1	1	-1.000000	0
Transformer (batch size 16)	cd %s/gpusched/workloads/pytorch/translation && python3 train.py -data %s/data/translation/multi30k.atok.low.pt -batch_size 16 -proj_share_weight	-step	1	172599	1	1	-1.000000	0
Recommendation (batch size 2048)	cd %s/gpusched/workloads/pytorch/recommendation/ && python3 train.py --data_dir %s/data/ml-20m/pro_sg/ --batch_size 2048	-n	1	86647	1	1	-1.000000	0
ResNet-18 (batch size 128)	cd %s/gpusched/workloads/pytorch/image_classification/cifar10 && python3 main.py --data_dir=%s/data/cifar10 --batch_size 128 	--num_steps	1	172751	1	1	-1.000000	0
LM (batch size 20)	cd %s/gpusched/workloads/pytorch/language_modeling && python main.py --cuda --data %s/data/wikitext2 --batch_size 20	--steps	1	1953544	4	1	-1.000000	0
Transformer (batch size 32)	cd %s/gpusched/workloads/pytorch/translation && python3 train.py -data %s/data/translation/multi30k.atok.low.pt -batch_size 32 -proj_share_weight	-step	1	447321	4	1	-1.000000	0
LM (batch size 20)	cd %s/gpusched/workloads/pytorch/language_modeling && python main.py --cuda --data %s/data/wikitext2 --batch_size 20	--steps	1	880497	1	1	-1.000000	0
ResNet-50 (batch size 32)	cd %s/gpusched/workloads/pytorch/image_classification/imagenet && python3 main.py -j 8 -a resnet50 -b 32 %s/data/imagenet/pytorch	--num_minibatches	1	297285	4	1	-1.000000	0
CycleGAN	cd %s/gpusched/workloads/pytorch/cyclegan && python3 cyclegan.py --dataset_path %s/data/monet2photo --decay_epoch 0	--n_steps	1	24786	1	1	-1.000000	0
LM (batch size 80)	cd %s/gpusched/workloads/pytorch/language_modeling && python main.py --cuda --data %s/data/wikitext2 --batch_size 80	--steps	1	384063	1	1	-1.000000	0
LM (batch size 20)	cd %s/gpusched/workloads/pytorch/language_modeling && python main.py --cuda --data %s/data/wikitext2 --batch_size 20	--steps	1	233072	1	1	-1.000000	0
LM (batch size 40)	cd %s/gpusched/workloads/pytorch/language_modeling && python main.py --cuda --data %s/data/wikitext2 --batch_size 40	--steps	1	434278	1	1	-1.000000	0
Transformer (batch size 16)	cd %s/gpusched/workloads/pytorch/translation && python3 train.py -data %s/data/translation/multi30k.atok.low.pt -batch_size 16 -proj_share_weight	-step	1	79261	2	1	-1.000000	0
A3C	cd %s/gpusched/workloads/pytorch/rl && python3 main.py --env PongDeterministic-v4 --workers 4 --amsgrad True	--max-steps	0	25832	1	1	-1.000000	0
ResNet-18 (batch size 64)	cd %s/gpusched/workloads/pytorch/image_classification/cifar10 && python3 main.py --data_dir=%s/data/cifar10 --batch_size 64 	--num_steps	1	2064703	4	1	-1.000000	0
LM (batch size 80)	cd %s/gpusched/workloads/pytorch/language_modeling && python main.py --cuda --data %s/data/wikitext2 --batch_size 80	--steps	1	101663	1	1	-1.000000	0
