vgg16
129.58

resnet50
235.88

inception3
136.25

vae
16229.0

alexnet
867.84

nmt
41.33

lm_small
22.456

lm_medium
16.276

lm_large
8.417

(vgg16, vgg16)
[54.62, 54.13]

(vgg16, resnet50)
[78.05, 108.64]

(vgg16, inception3)
[92.66, 47.27]

(vgg16, vae)
[119.75, 4496.0]

(vgg16, alexnet)
[84.92, 798.14]

(vgg16, nmt)
[119.34, 13.51]

(resnet50, resnet50)
[116.0, 116.76]

(resnet50, inception3)
[148.64, 56.67]

(resnet50, vae)
[217.71, 5492.0]

(resnet50, alexnet)
[139.96, 953.2]

(resnet50, nmt)
[221.53, 16.85]

(inception3, inception3)
[68.3, 68.21]

(inception3, vae)
[118.61, 7130.0]

(inception3, alexnet)
[70.88, 1100.79]

(inception3, nmt)
[123.33, 20.91]

(vae, vae)
[12283.0, 12341.0]

(vae, alexnet)
[7335.0, 1334.0]

(vae, nmt)
[13934.0, 39.68]

(alexnet, alexnet)
[1045.58, 1043.91]

(alexnet, nmt)
[1481.4, 18.94]

(nmt, nmt)
[38.7, 40.62]

(lm_small, alexnet)
[9.219, 1506.68]

(lm_small, resnet50)
[7.829, 226.24]

(lm_small, lm_large)
[11.859, 7.106]

(lm_small, vgg16)
[5.667, 124.57]

(lm_small, inception3)
[8.305, 125.94]

(lm_small, vae)
[20.21, 13966.0]

(lm_small, lm_small)
[18.954, 18.856]

(lm_small, nmt)
[19.64, 45.74]

(lm_small, lm_medium)
[17.119, 13.167]

(lm_medium, alexnet)
[5.813, 1600.57]

(lm_medium, resnet50)
[5.305, 214.08]

(lm_medium, lm_large)
[8.337, 6.133]

(lm_medium, vgg16)
[5.163, 119.26]

(lm_medium, inception3)
[5.675, 118.35]

(lm_medium, vae)
[12.378, 12174.0]

(lm_medium, lm_small)
[13.15, 17.177]

(lm_medium, nmt)
[13.608, 37.9]

(lm_medium, lm_medium)
[11.21, 11.19]

(lm_large, alexnet)
[2.948, 1543.82]

(lm_large, resnet50)
[2.919, 190.76]

(lm_large, lm_large)
[4.75, 4.749]

(lm_large, vgg16)
[2.646, 107.17]

(lm_large, inception3)
[4.5, 98.26]

(lm_large, vae)
[6.936, 9052.0]

(lm_large, lm_small)
[7.1, 11.871]

(lm_large, nmt)
[7.149, 35.49]

(lm_large, lm_medium)
[6.095, 8.317]
