alexnet
1041.12

nmt
64.47

inception3
223.06

vgg16
206.85

vae
25423.0

resnet50
378.0

lm_small
27.233

lm_medium
16.842

lm_large
11.693

(alexnet, alexnet)
[1332.52, 1359.61]

(alexnet, nmt)
[1675.34, 40.49]

(alexnet, inception3)
[1687.76, 127.59]

(alexnet, vgg16)
[1149.84, 137.05]

(alexnet, vae)
[1486.24, 16102.0]

(alexnet, resnet50)
[1232.66, 265.83]

(nmt, nmt)
[59.44, 55.36]

(nmt, inception3)
[34.46, 204.98]

(nmt, vgg16)
[21.44, 197.31]

(nmt, vae)
[62.37, 22239.0]

(nmt, resnet50)
[36.1, 354.13]

(inception3, inception3)
[119.85, 119.51]

(inception3, vgg16)
[66.33, 161.14]

(inception3, vae)
[195.3, 12947.0]

(inception3, resnet50)
[97.68, 254.42]

(vgg16, vgg16)
[96.76, 90.77]

(vgg16, vae)
[192.8, 7270.0]

(vgg16, resnet50)
[135.19, 157.12]

(vae, vae)
[20945.0, 20822.0]

(vae, resnet50)
[10657.0, 345.78]

(resnet50, resnet50)
[194.69, 192.83]

(lm_small, lm_medium)
[22.774, 15.77]

(lm_small, vgg16)
[8.201, 201.31]

(lm_small, resnet50)
[12.327, 363.97]

(lm_small, inception3)
[15.241, 209.19]

(lm_small, alexnet)
[17.339, 1696.17]

(lm_small, lm_large)
[19.114, 10.666]

(lm_small, vae)
[26.249, 22931.0]

(lm_small, nmt)
[25.1, 59.86]

(lm_small, lm_small)
[26.429, 26.332]

(lm_medium, lm_medium)
[13.11, 13.102]

(lm_medium, vgg16)
[5.443, 185.69]

(lm_medium, resnet50)
[7.701, 324.32]

(lm_medium, inception3)
[8.836, 175.68]

(lm_medium, alexnet)
[11.606, 1324.05]

(lm_medium, lm_large)
[10.97, 8.814]

(lm_medium, vae)
[15.181, 17840.0]

(lm_medium, nmt)
[15.126, 57.71]

(lm_medium, lm_small)
[15.737, 22.52]

(lm_large, lm_medium)
[8.791, 10.969]

(lm_large, vgg16)
[4.862, 170.33]

(lm_large, resnet50)
[5.308, 293.62]

(lm_large, inception3)
[7.167, 152.58]

(lm_large, alexnet)
[7.742, 1623.29]

(lm_large, lm_large)
[7.498, 7.495]

(lm_large, vae)
[10.403, 14780.0]

(lm_large, nmt)
[10.67, 49.88]

(lm_large, lm_small)
[10.639, 19.261]
