alexnet_16
1564.92

inception3_16
179.06

resnet50_64
377.62

srcnn
28658.3497629

nmt_32
15.09

lm_medium
16.427

alexnet_64
1769.96

vae
23646.0

inception3_32
221.84

nmt_64
30.08

resnet50_32
331.9

lm_small
25.876

nmt_128
58.84

inception3_64
249.42

nmt_16
7.92

vgg16_16
206.03

lm_large
11.549

alexnet_32
1634.5

resnet50_16
272.22

vgg16_8
145.72

(alexnet_16, alexnet_16)
[984.71, 965.12]

(alexnet_16, inception3_16)
[1164.04, 137.51]

(alexnet_16, resnet50_64)
[748.76, 300.64]

(alexnet_16, srcnn)
[1252.99, 25112.5459337]

(alexnet_16, nmt_32)
[1447.41, 13.99]

(alexnet_16, lm_medium)
[1302.09, 13.569]

(alexnet_16, alexnet_64)
[898.17, 1571.77]

(alexnet_16, vae)
[1339.32, 19400.0]

(alexnet_16, inception3_32)
[990.04, 173.25]

(alexnet_16, nmt_64)
[1413.19, 27.1]

(alexnet_16, resnet50_32)
[967.6, 262.1]

(alexnet_16, lm_small)
[1465.11, 21.518]

(alexnet_16, nmt_128)
[1421.95, 57.35]

(alexnet_16, inception3_64)
[800.67, 195.32]

(alexnet_16, nmt_16)
[1468.49, 7.18]

(alexnet_16, vgg16_16)
[532.14, 159.86]

(alexnet_16, lm_large)
[1144.15, 9.026]

(alexnet_16, alexnet_32)
[944.51, 1419.89]

(alexnet_16, resnet50_16)
[1126.99, 205.78]

(alexnet_16, vgg16_8)
[587.74, 113.29]

(inception3_16, inception3_16)
[104.4, 104.54]

(inception3_16, resnet50_64)
[63.65, 288.71]

(inception3_16, srcnn)
[137.68, 21765.3302467]

(inception3_16, nmt_32)
[170.07, 13.66]

(inception3_16, lm_medium)
[127.94, 10.954]

(inception3_16, alexnet_64)
[109.02, 1440.78]

(inception3_16, vae)
[151.89, 15365.0]

(inception3_16, inception3_32)
[82.45, 144.83]

(inception3_16, nmt_64)
[167.21, 27.1]

(inception3_16, resnet50_32)
[81.17, 233.49]

(inception3_16, lm_small)
[163.21, 18.968]

(inception3_16, nmt_128)
[161.91, 49.41]

(inception3_16, inception3_64)
[176.34, -1]

(inception3_16, nmt_16)
[171.63, 6.67]

(inception3_16, vgg16_16)
[41.8, 175.63]

(inception3_16, lm_large)
[106.39, 7.913]

(inception3_16, alexnet_32)
[117.37, 1480.98]

(inception3_16, resnet50_16)
[103.73, 168.69]

(inception3_16, vgg16_8)
[50.44, 120.72]

(resnet50_64, resnet50_64)
[196.99, 197.06]

(resnet50_64, srcnn)
[323.94, 15813.7216843]

(resnet50_64, nmt_32)
[363.23, 9.77]

(resnet50_64, lm_medium)
[324.96, 7.641]

(resnet50_64, alexnet_64)
[234.47, 1601.6]

(resnet50_64, vae)
[347.87, 10361.0]

(resnet50_64, inception3_32)
[252.35, 96.89]

(resnet50_64, nmt_64)
[360.83, 19.43]

(resnet50_64, resnet50_32)
[244.59, 142.41]

(resnet50_64, lm_small)
[361.64, 12.272]

(resnet50_64, nmt_128)
[352.11, 33.79]

(resnet50_64, inception3_64)
[375.01, -1]

(resnet50_64, nmt_16)
[366.61, 5.42]

(resnet50_64, vgg16_16)
[157.28, 133.52]

(resnet50_64, lm_large)
[292.38, 5.276]

(resnet50_64, alexnet_32)
[266.82, 1184.02]

(resnet50_64, resnet50_16)
[287.75, 96.74]

(resnet50_64, vgg16_8)
[178.52, 88.76]

(srcnn, srcnn)
[23312.9887236, 22967.1013366]

(srcnn, nmt_32)
[27234.9553465, 16.44]

(srcnn, lm_medium)
[23763.8673415, 13.793]

(srcnn, alexnet_64)
[20034.822114, 1640.55]

(srcnn, vae)
[26032.9374565, 18958.0]

(srcnn, inception3_32)
[19583.5161495, 180.89]

(srcnn, nmt_64)
[26526.912434, 28.54]

(srcnn, resnet50_32)
[19043.9273674, 272.15]

(srcnn, lm_small)
[26688.1858503, 23.8]

(srcnn, nmt_128)
[25673.8384612, 55.77]

(srcnn, inception3_64)
[16030.6894348, 212.43]

(srcnn, nmt_16)
[26975.2641968, 7.45]

(srcnn, vgg16_16)
[11770.7037533, 183.3]

(srcnn, lm_large)
[20322.4858907, 9.143]

(srcnn, alexnet_32)
[21693.291184, 1551.3]

(srcnn, resnet50_16)
[21813.2654941, 209.3]

(srcnn, vgg16_8)
[13566.9740495, 127.45]

(nmt_32, nmt_32)
[14.85, 14.17]

(nmt_32, lm_medium)
[13.43, 15.211]

(nmt_32, alexnet_64)
[13.96, 1670.76]

(nmt_32, vae)
[16.8, 22156.0]

(nmt_32, inception3_32)
[11.91, 211.88]

(nmt_32, nmt_64)
[14.04, 28.01]

(nmt_32, resnet50_32)
[9.94, 316.93]

(nmt_32, lm_small)
[15.22, 24.457]

(nmt_32, nmt_128)
[14.18, 54.14]

(nmt_32, inception3_64)
[9.31, 238.72]

(nmt_32, nmt_16)
[14.54, 7.09]

(nmt_32, vgg16_16)
[5.49, 201.1]

(nmt_32, lm_large)
[13.61, 10.936]

(nmt_32, alexnet_32)
[14.4, 1757.09]

(nmt_32, resnet50_16)
[13.32, 258.45]

(nmt_32, vgg16_8)
[7.03, 141.04]

(lm_medium, lm_medium)
[12.897, 12.889]

(lm_medium, alexnet_64)
[10.589, 1775.3]

(lm_medium, vae)
[14.584, 17009.0]

(lm_medium, inception3_32)
[8.749, 176.12]

(lm_medium, nmt_64)
[14.85, 26.76]

(lm_medium, resnet50_32)
[8.486, 269.0]

(lm_medium, lm_small)
[14.802, 20.895]

(lm_medium, nmt_128)
[14.461, 51.17]

(lm_medium, inception3_64)
[7.683, 209.14]

(lm_medium, nmt_16)
[14.892, 6.88]

(lm_medium, vgg16_16)
[5.396, 184.85]

(lm_medium, lm_large)
[10.76, 8.698]

(lm_medium, alexnet_32)
[11.781, 1625.01]

(lm_medium, resnet50_16)
[10.704, 196.91]

(lm_medium, vgg16_8)
[5.611, 127.72]

(alexnet_64, alexnet_64)
[1281.0, 1278.37]

(alexnet_64, vae)
[1593.31, 14759.0]

(alexnet_64, inception3_32)
[1600.34, 130.71]

(alexnet_64, nmt_64)
[1684.99, 20.98]

(alexnet_64, resnet50_32)
[1385.89, 218.54]

(alexnet_64, lm_small)
[1657.13, 17.932]

(alexnet_64, nmt_128)
[1699.37, 39.45]

(alexnet_64, inception3_64)
[1543.56, 146.16]

(alexnet_64, nmt_16)
[1668.33, 6.76]

(alexnet_64, vgg16_16)
[1294.62, 137.06]

(alexnet_64, lm_large)
[1687.38, 7.633]

(alexnet_64, alexnet_32)
[1379.63, 1100.42]

(alexnet_64, resnet50_16)
[1702.92, 154.65]

(alexnet_64, vgg16_8)
[1272.57, 96.32]

(vae, vae)
[19932.0, 19812.0]

(vae, inception3_32)
[12890.0, 196.02]

(vae, nmt_64)
[22167.0, 32.52]

(vae, resnet50_32)
[12526.0, 299.31]

(vae, lm_small)
[21809.0, 23.973]

(vae, nmt_128)
[21380.0, 51.41]

(vae, inception3_64)
[10771.0, 224.87]

(vae, nmt_16)
[22469.0, 7.91]

(vae, vgg16_16)
[7191.0, 193.12]

(vae, lm_large)
[14643.0, 10.238]

(vae, alexnet_32)
[17239.0, 1747.52]

(vae, resnet50_16)
[15025.0, 231.79]

(vae, vgg16_8)
[7915.0, 135.27]

(inception3_32, inception3_32)
[119.4, 121.08]

(inception3_32, nmt_64)
[204.57, 23.69]

(inception3_32, resnet50_32)
[120.21, 196.38]

(inception3_32, lm_small)
[202.28, 14.391]

(inception3_32, nmt_128)
[200.03, 40.83]

(inception3_32, inception3_64)
[210.42, -1]

(inception3_32, nmt_16)
[209.23, 5.89]

(inception3_32, vgg16_16)
[66.57, 159.66]

(inception3_32, lm_large)
[149.03, 7.103]

(inception3_32, alexnet_32)
[147.22, 1494.97]

(inception3_32, resnet50_16)
[146.56, 135.04]

(inception3_32, vgg16_8)
[78.81, 107.18]

(nmt_64, nmt_64)
[27.88, 27.32]

(nmt_64, resnet50_32)
[22.97, 309.46]

(nmt_64, lm_small)
[31.27, 23.97]

(nmt_64, nmt_128)
[29.48, 50.99]

(nmt_64, inception3_64)
[17.5, 233.42]

(nmt_64, nmt_16)
[27.36, 6.87]

(nmt_64, vgg16_16)
[10.98, 197.99]

(nmt_64, lm_large)
[26.41, 10.731]

(nmt_64, alexnet_32)
[31.93, 1756.28]

(nmt_64, resnet50_16)
[27.16, 247.4]

(nmt_64, vgg16_8)
[13.35, 139.49]

(resnet50_32, resnet50_32)
[188.1, 187.73]

(resnet50_32, lm_small)
[308.49, 14.213]

(resnet50_32, nmt_128)
[302.98, 27.02]

(resnet50_32, inception3_64)
[324.51, -1]

(resnet50_32, nmt_16)
[315.44, 6.08]

(resnet50_32, vgg16_16)
[104.02, 158.74]

(resnet50_32, lm_large)
[240.99, 6.103]

(resnet50_32, alexnet_32)
[225.12, 1508.27]

(resnet50_32, resnet50_16)
[221.98, 123.67]

(resnet50_32, vgg16_8)
[121.29, 105.91]

(lm_small, lm_small)
[23.029, 23.158]

(lm_small, nmt_128)
[22.86, 54.97]

(lm_small, inception3_64)
[11.786, 233.74]

(lm_small, nmt_16)
[23.232, 6.96]

(lm_small, vgg16_16)
[8.116, 199.4]

(lm_small, lm_large)
[17.933, 10.399]

(lm_small, alexnet_32)
[19.773, 1807.06]

(lm_small, resnet50_16)
[18.196, 241.74]

(lm_small, vgg16_8)
[8.758, 140.31]

(nmt_128, nmt_128)
[62.4, 52.45]

(nmt_128, inception3_64)
[34.23, 231.22]

(nmt_128, nmt_16)
[53.37, 6.89]

(nmt_128, vgg16_16)
[15.11, 196.63]

(nmt_128, lm_large)
[51.31, 10.652]

(nmt_128, alexnet_32)
[66.63, 1760.16]

(nmt_128, resnet50_16)
[46.85, 247.94]

(nmt_128, vgg16_8)
[24.87, 138.66]

(inception3_64, inception3_64)
[-1, 234.61]

(inception3_64, nmt_16)
[239.25, 5.11]

(inception3_64, vgg16_16)
[-1, 206.02]

(inception3_64, lm_large)
[184.94, 5.444]

(inception3_64, alexnet_32)
[174.14, 1268.76]

(inception3_64, resnet50_16)
[-1, 273.59]

(inception3_64, vgg16_8)
[-1, 144.82]

(nmt_16, nmt_16)
[6.83, 7.04]

(nmt_16, vgg16_16)
[2.93, 202.08]

(nmt_16, lm_large)
[7.05, 11.103]

(nmt_16, alexnet_32)
[8.48, 1783.59]

(nmt_16, resnet50_16)
[7.23, 261.46]

(nmt_16, vgg16_8)
[3.81, 141.98]

(vgg16_16, vgg16_16)
[90.82, 92.15]

(vgg16_16, lm_large)
[171.43, 4.866]

(vgg16_16, alexnet_32)
[151.94, 816.38]

(vgg16_16, resnet50_16)
[173.33, 67.77]

(vgg16_16, vgg16_8)
[101.59, 64.06]

(lm_large, lm_large)
[7.47, 7.473]

(lm_large, alexnet_32)
[8.267, 1715.38]

(lm_large, resnet50_16)
[7.811, 165.76]

(lm_large, vgg16_8)
[4.985, 118.89]

(alexnet_32, alexnet_32)
[1208.88, 1201.98]

(alexnet_32, resnet50_16)
[1715.75, 184.6]

(alexnet_32, vgg16_8)
[931.34, 105.05]

(resnet50_16, resnet50_16)
[159.73, 157.34]

(resnet50_16, vgg16_8)
[79.11, 116.87]

(vgg16_8, vgg16_8)
[72.94, 72.62]

