Transformer (batch size 128)	cd %s/gpusched/workloads/pytorch/translation && python3 train.py -data %s/data/translation/multi30k.atok.low.pt -batch_size 128 -proj_share_weight	-step	1	4625683	0.000000	1
Recommendation (batch size 8192)	cd %s/gpusched/workloads/pytorch/recommendation/scripts/ml-20m && python3 train.py --data_dir %s/data/ml-20m/pro_sg/ --batch_size 8192	-n	1	545565	14987.000000	1
Transformer (batch size 256)	cd %s/gpusched/workloads/pytorch/translation && python3 train.py -data %s/data/translation/multi30k.atok.low.pt -batch_size 256 -proj_share_weight	-step	1	407065	333610.000000	1
ResNet-18 (batch size 32)	cd %s/gpusched/workloads/pytorch/image_classification/cifar10 && python3 main.py --data_dir=%s/data/cifar10 --batch_size 32 	--num_steps	1	1954223	337642.000000	1
ResNet-50 (batch size 128)	cd %s/gpusched/workloads/pytorch/image_classification/imagenet && python3 main.py -j 4 -a resnet50 -b 128 %s/data/imagenet/pytorch	--num_minibatches	1	571350	411449.000000	1
LM (batch size 10)	cd %s/gpusched/workloads/pytorch/language_modeling && python main.py --cuda --data %s/data/wikitext2 --batch_size 10	--steps	1	323994	423176.000000	8
LM (batch size 5)	cd %s/gpusched/workloads/pytorch/language_modeling && python main.py --cuda --data %s/data/wikitext2 --batch_size 5	--steps	1	42215233	428623.000000	1
Transformer (batch size 128)	cd %s/gpusched/workloads/pytorch/translation && python3 train.py -data %s/data/translation/multi30k.atok.low.pt -batch_size 128 -proj_share_weight	-step	1	49880	449352.000000	1
CycleGAN	cd %s/gpusched/workloads/pytorch/cyclegan && python3 cyclegan.py --dataset_path %s/data/monet2photo --decay_epoch 0	--n_steps	1	38315	459376.000000	1
Transformer (batch size 16)	cd %s/gpusched/workloads/pytorch/translation && python3 train.py -data %s/data/translation/multi30k.atok.low.pt -batch_size 16 -proj_share_weight	-step	1	243258	501790.000000	4
LM (batch size 5)	cd %s/gpusched/workloads/pytorch/language_modeling && python main.py --cuda --data %s/data/wikitext2 --batch_size 5	--steps	1	24474306	514234.000000	1
Transformer (batch size 64)	cd %s/gpusched/workloads/pytorch/translation && python3 train.py -data %s/data/translation/multi30k.atok.low.pt -batch_size 64 -proj_share_weight	-step	1	70927	520930.000000	1
LM (batch size 40)	cd %s/gpusched/workloads/pytorch/language_modeling && python main.py --cuda --data %s/data/wikitext2 --batch_size 40	--steps	1	1179628	528694.000000	4
ResNet-50 (batch size 32)	cd %s/gpusched/workloads/pytorch/image_classification/imagenet && python3 main.py -j 4 -a resnet50 -b 32 %s/data/imagenet/pytorch	--num_minibatches	1	41477	543023.000000	1
LM (batch size 10)	cd %s/gpusched/workloads/pytorch/language_modeling && python main.py --cuda --data %s/data/wikitext2 --batch_size 10	--steps	1	7850134	543736.000000	1
ResNet-18 (batch size 256)	cd %s/gpusched/workloads/pytorch/image_classification/cifar10 && python3 main.py --data_dir=%s/data/cifar10 --batch_size 256 	--num_steps	1	27315	543879.000000	1
Transformer (batch size 16)	cd %s/gpusched/workloads/pytorch/translation && python3 train.py -data %s/data/translation/multi30k.atok.low.pt -batch_size 16 -proj_share_weight	-step	1	333100	545712.000000	4
ResNet-18 (batch size 256)	cd %s/gpusched/workloads/pytorch/image_classification/cifar10 && python3 main.py --data_dir=%s/data/cifar10 --batch_size 256 	--num_steps	1	503267	547547.000000	4
Recommendation (batch size 8192)	cd %s/gpusched/workloads/pytorch/recommendation/scripts/ml-20m && python3 train.py --data_dir %s/data/ml-20m/pro_sg/ --batch_size 8192	-n	1	28805	554770.000000	1
ResNet-18 (batch size 128)	cd %s/gpusched/workloads/pytorch/image_classification/cifar10 && python3 main.py --data_dir=%s/data/cifar10 --batch_size 128 	--num_steps	1	1823943	555814.000000	1
LM (batch size 80)	cd %s/gpusched/workloads/pytorch/language_modeling && python main.py --cuda --data %s/data/wikitext2 --batch_size 80	--steps	1	281158	560117.000000	1
CycleGAN	cd %s/gpusched/workloads/pytorch/cyclegan && python3 cyclegan.py --dataset_path %s/data/monet2photo --decay_epoch 0	--n_steps	1	451537	560303.000000	1
ResNet-50 (batch size 128)	cd %s/gpusched/workloads/pytorch/image_classification/imagenet && python3 main.py -j 4 -a resnet50 -b 128 %s/data/imagenet/pytorch	--num_minibatches	1	504683	564407.000000	1
LM (batch size 20)	cd %s/gpusched/workloads/pytorch/language_modeling && python main.py --cuda --data %s/data/wikitext2 --batch_size 20	--steps	1	11255605	566107.000000	1
Recommendation (batch size 2048)	cd %s/gpusched/workloads/pytorch/recommendation/scripts/ml-20m && python3 train.py --data_dir %s/data/ml-20m/pro_sg/ --batch_size 2048	-n	1	10442	566704.000000	4
CycleGAN	cd %s/gpusched/workloads/pytorch/cyclegan && python3 cyclegan.py --dataset_path %s/data/monet2photo --decay_epoch 0	--n_steps	1	455423	570420.000000	1
LM (batch size 80)	cd %s/gpusched/workloads/pytorch/language_modeling && python main.py --cuda --data %s/data/wikitext2 --batch_size 80	--steps	1	65943	571900.000000	1
ResNet-18 (batch size 256)	cd %s/gpusched/workloads/pytorch/image_classification/cifar10 && python3 main.py --data_dir=%s/data/cifar10 --batch_size 256 	--num_steps	1	116533	573586.000000	4
Transformer (batch size 16)	cd %s/gpusched/workloads/pytorch/translation && python3 train.py -data %s/data/translation/multi30k.atok.low.pt -batch_size 16 -proj_share_weight	-step	1	1305259	576731.000000	1
ResNet-18 (batch size 128)	cd %s/gpusched/workloads/pytorch/image_classification/cifar10 && python3 main.py --data_dir=%s/data/cifar10 --batch_size 128 	--num_steps	1	146803	577431.000000	1
Recommendation (batch size 4096)	cd %s/gpusched/workloads/pytorch/recommendation/scripts/ml-20m && python3 train.py --data_dir %s/data/ml-20m/pro_sg/ --batch_size 4096	-n	1	86248	577612.000000	1
ResNet-18 (batch size 64)	cd %s/gpusched/workloads/pytorch/image_classification/cifar10 && python3 main.py --data_dir=%s/data/cifar10 --batch_size 64 	--num_steps	1	1465401	582485.000000	4
Recommendation (batch size 1024)	cd %s/gpusched/workloads/pytorch/recommendation/scripts/ml-20m && python3 train.py --data_dir %s/data/ml-20m/pro_sg/ --batch_size 1024	-n	1	59130	584215.000000	1
Transformer (batch size 32)	cd %s/gpusched/workloads/pytorch/translation && python3 train.py -data %s/data/translation/multi30k.atok.low.pt -batch_size 32 -proj_share_weight	-step	1	70759	585265.000000	1
LM (batch size 5)	cd %s/gpusched/workloads/pytorch/language_modeling && python main.py --cuda --data %s/data/wikitext2 --batch_size 5	--steps	1	3391591	591096.000000	4
LM (batch size 20)	cd %s/gpusched/workloads/pytorch/language_modeling && python main.py --cuda --data %s/data/wikitext2 --batch_size 20	--steps	1	94298864	613103.000000	1
ResNet-18 (batch size 128)	cd %s/gpusched/workloads/pytorch/image_classification/cifar10 && python3 main.py --data_dir=%s/data/cifar10 --batch_size 128 	--num_steps	1	231002	614832.000000	1
Transformer (batch size 64)	cd %s/gpusched/workloads/pytorch/translation && python3 train.py -data %s/data/translation/multi30k.atok.low.pt -batch_size 64 -proj_share_weight	-step	1	70535	615312.000000	1
Transformer (batch size 256)	cd %s/gpusched/workloads/pytorch/translation && python3 train.py -data %s/data/translation/multi30k.atok.low.pt -batch_size 256 -proj_share_weight	-step	1	12449	616295.000000	1
Transformer (batch size 32)	cd %s/gpusched/workloads/pytorch/translation && python3 train.py -data %s/data/translation/multi30k.atok.low.pt -batch_size 32 -proj_share_weight	-step	1	244440	622648.000000	4
LM (batch size 80)	cd %s/gpusched/workloads/pytorch/language_modeling && python main.py --cuda --data %s/data/wikitext2 --batch_size 80	--steps	1	861125	622933.000000	4
Recommendation (batch size 512)	cd %s/gpusched/workloads/pytorch/recommendation/scripts/ml-20m && python3 train.py --data_dir %s/data/ml-20m/pro_sg/ --batch_size 512	-n	1	6658	623774.000000	4
ResNet-50 (batch size 32)	cd %s/gpusched/workloads/pytorch/image_classification/imagenet && python3 main.py -j 4 -a resnet50 -b 32 %s/data/imagenet/pytorch	--num_minibatches	1	68501	650398.000000	1
LM (batch size 20)	cd %s/gpusched/workloads/pytorch/language_modeling && python main.py --cuda --data %s/data/wikitext2 --batch_size 20	--steps	1	653966	650662.000000	1
LM (batch size 5)	cd %s/gpusched/workloads/pytorch/language_modeling && python main.py --cuda --data %s/data/wikitext2 --batch_size 5	--steps	1	1165180	650712.000000	1
A3C	cd %s/gpusched/workloads/pytorch/rl && python3 main.py --env PongDeterministic-v4 --workers 4 --amsgrad True	--max-steps	0	129620	657069.000000	4
LM (batch size 10)	cd %s/gpusched/workloads/pytorch/language_modeling && python main.py --cuda --data %s/data/wikitext2 --batch_size 10	--steps	1	2311258	657823.000000	4
ResNet-50 (batch size 128)	cd %s/gpusched/workloads/pytorch/image_classification/imagenet && python3 main.py -j 4 -a resnet50 -b 128 %s/data/imagenet/pytorch	--num_minibatches	1	44733	657902.000000	4
ResNet-18 (batch size 32)	cd %s/gpusched/workloads/pytorch/image_classification/cifar10 && python3 main.py --data_dir=%s/data/cifar10 --batch_size 32 	--num_steps	1	8428751	666213.000000	1
CycleGAN	cd %s/gpusched/workloads/pytorch/cyclegan && python3 cyclegan.py --dataset_path %s/data/monet2photo --decay_epoch 0	--n_steps	1	1046001	670037.000000	1
LM (batch size 20)	cd %s/gpusched/workloads/pytorch/language_modeling && python main.py --cuda --data %s/data/wikitext2 --batch_size 20	--steps	1	10075810	719168.000000	1
ResNet-18 (batch size 16)	cd %s/gpusched/workloads/pytorch/image_classification/cifar10 && python3 main.py --data_dir=%s/data/cifar10 --batch_size 16 	--num_steps	1	33772074	720082.000000	1
ResNet-18 (batch size 64)	cd %s/gpusched/workloads/pytorch/image_classification/cifar10 && python3 main.py --data_dir=%s/data/cifar10 --batch_size 64 	--num_steps	1	8693171	769562.000000	1
Recommendation (batch size 4096)	cd %s/gpusched/workloads/pytorch/recommendation/scripts/ml-20m && python3 train.py --data_dir %s/data/ml-20m/pro_sg/ --batch_size 4096	-n	1	53438	811311.000000	1
Transformer (batch size 128)	cd %s/gpusched/workloads/pytorch/translation && python3 train.py -data %s/data/translation/multi30k.atok.low.pt -batch_size 128 -proj_share_weight	-step	1	18502	832094.000000	1
Recommendation (batch size 2048)	cd %s/gpusched/workloads/pytorch/recommendation/scripts/ml-20m && python3 train.py --data_dir %s/data/ml-20m/pro_sg/ --batch_size 2048	-n	1	14006	835575.000000	4
CycleGAN	cd %s/gpusched/workloads/pytorch/cyclegan && python3 cyclegan.py --dataset_path %s/data/monet2photo --decay_epoch 0	--n_steps	1	629439	850218.000000	1
Recommendation (batch size 1024)	cd %s/gpusched/workloads/pytorch/recommendation/scripts/ml-20m && python3 train.py --data_dir %s/data/ml-20m/pro_sg/ --batch_size 1024	-n	1	1371	860395.000000	1
Recommendation (batch size 512)	cd %s/gpusched/workloads/pytorch/recommendation/scripts/ml-20m && python3 train.py --data_dir %s/data/ml-20m/pro_sg/ --batch_size 512	-n	1	7932	863388.000000	4
ResNet-18 (batch size 16)	cd %s/gpusched/workloads/pytorch/image_classification/cifar10 && python3 main.py --data_dir=%s/data/cifar10 --batch_size 16 	--num_steps	1	46571114	875643.000000	1
LM (batch size 80)	cd %s/gpusched/workloads/pytorch/language_modeling && python main.py --cuda --data %s/data/wikitext2 --batch_size 80	--steps	1	333799	905784.000000	1
LM (batch size 5)	cd %s/gpusched/workloads/pytorch/language_modeling && python main.py --cuda --data %s/data/wikitext2 --batch_size 5	--steps	1	5873198	913581.000000	4
Transformer (batch size 32)	cd %s/gpusched/workloads/pytorch/translation && python3 train.py -data %s/data/translation/multi30k.atok.low.pt -batch_size 32 -proj_share_weight	-step	1	67616	948890.000000	1
ResNet-50 (batch size 64)	cd %s/gpusched/workloads/pytorch/image_classification/imagenet && python3 main.py -j 4 -a resnet50 -b 64 %s/data/imagenet/pytorch	--num_minibatches	1	143278	954486.000000	4
Recommendation (batch size 4096)	cd %s/gpusched/workloads/pytorch/recommendation/scripts/ml-20m && python3 train.py --data_dir %s/data/ml-20m/pro_sg/ --batch_size 4096	-n	1	32268	1656081.000000	1
Transformer (batch size 32)	cd %s/gpusched/workloads/pytorch/translation && python3 train.py -data %s/data/translation/multi30k.atok.low.pt -batch_size 32 -proj_share_weight	-step	1	641329	1656081.000000	1
Recommendation (batch size 2048)	cd %s/gpusched/workloads/pytorch/recommendation/scripts/ml-20m && python3 train.py --data_dir %s/data/ml-20m/pro_sg/ --batch_size 2048	-n	1	28474	1656859.000000	1
ResNet-18 (batch size 64)	cd %s/gpusched/workloads/pytorch/image_classification/cifar10 && python3 main.py --data_dir=%s/data/cifar10 --batch_size 64 	--num_steps	1	3220978	1658718.000000	1
ResNet-50 (batch size 32)	cd %s/gpusched/workloads/pytorch/image_classification/imagenet && python3 main.py -j 4 -a resnet50 -b 32 %s/data/imagenet/pytorch	--num_minibatches	1	631593	1776761.000000	1
LM (batch size 40)	cd %s/gpusched/workloads/pytorch/language_modeling && python main.py --cuda --data %s/data/wikitext2 --batch_size 40	--steps	1	1266915	1826753.000000	1
ResNet-50 (batch size 64)	cd %s/gpusched/workloads/pytorch/image_classification/imagenet && python3 main.py -j 4 -a resnet50 -b 64 %s/data/imagenet/pytorch	--num_minibatches	1	220290	1842714.000000	1
ResNet-50 (batch size 64)	cd %s/gpusched/workloads/pytorch/image_classification/imagenet && python3 main.py -j 4 -a resnet50 -b 64 %s/data/imagenet/pytorch	--num_minibatches	1	285181	1842805.000000	1
CycleGAN	cd %s/gpusched/workloads/pytorch/cyclegan && python3 cyclegan.py --dataset_path %s/data/monet2photo --decay_epoch 0	--n_steps	1	10023	1854378.000000	1
ResNet-18 (batch size 256)	cd %s/gpusched/workloads/pytorch/image_classification/cifar10 && python3 main.py --data_dir=%s/data/cifar10 --batch_size 256 	--num_steps	1	244295	1856588.000000	4
CycleGAN	cd %s/gpusched/workloads/pytorch/cyclegan && python3 cyclegan.py --dataset_path %s/data/monet2photo --decay_epoch 0	--n_steps	1	10643	1871151.000000	1
LM (batch size 20)	cd %s/gpusched/workloads/pytorch/language_modeling && python main.py --cuda --data %s/data/wikitext2 --batch_size 20	--steps	1	555623	1872003.000000	1
A3C	cd %s/gpusched/workloads/pytorch/rl && python3 main.py --env PongDeterministic-v4 --workers 4 --amsgrad True	--max-steps	0	269607	1884165.000000	4
ResNet-18 (batch size 64)	cd %s/gpusched/workloads/pytorch/image_classification/cifar10 && python3 main.py --data_dir=%s/data/cifar10 --batch_size 64 	--num_steps	1	455844	1892086.000000	4
ResNet-18 (batch size 64)	cd %s/gpusched/workloads/pytorch/image_classification/cifar10 && python3 main.py --data_dir=%s/data/cifar10 --batch_size 64 	--num_steps	1	6613931	1894388.000000	1
Transformer (batch size 32)	cd %s/gpusched/workloads/pytorch/translation && python3 train.py -data %s/data/translation/multi30k.atok.low.pt -batch_size 32 -proj_share_weight	-step	1	587410	1899602.000000	1
LM (batch size 10)	cd %s/gpusched/workloads/pytorch/language_modeling && python main.py --cuda --data %s/data/wikitext2 --batch_size 10	--steps	1	6016840	1902175.000000	4
LM (batch size 5)	cd %s/gpusched/workloads/pytorch/language_modeling && python main.py --cuda --data %s/data/wikitext2 --batch_size 5	--steps	1	5006833	1904317.000000	1
ResNet-18 (batch size 128)	cd %s/gpusched/workloads/pytorch/image_classification/cifar10 && python3 main.py --data_dir=%s/data/cifar10 --batch_size 128 	--num_steps	1	176545	1918724.000000	1
Transformer (batch size 16)	cd %s/gpusched/workloads/pytorch/translation && python3 train.py -data %s/data/translation/multi30k.atok.low.pt -batch_size 16 -proj_share_weight	-step	1	467376	1924709.000000	4
LM (batch size 20)	cd %s/gpusched/workloads/pytorch/language_modeling && python main.py --cuda --data %s/data/wikitext2 --batch_size 20	--steps	1	3472995	1928183.000000	1
Transformer (batch size 16)	cd %s/gpusched/workloads/pytorch/translation && python3 train.py -data %s/data/translation/multi30k.atok.low.pt -batch_size 16 -proj_share_weight	-step	1	1062502	1930505.000000	1
Recommendation (batch size 2048)	cd %s/gpusched/workloads/pytorch/recommendation/scripts/ml-20m && python3 train.py --data_dir %s/data/ml-20m/pro_sg/ --batch_size 2048	-n	1	53638	1932011.000000	1
ResNet-18 (batch size 128)	cd %s/gpusched/workloads/pytorch/image_classification/cifar10 && python3 main.py --data_dir=%s/data/cifar10 --batch_size 128 	--num_steps	1	436624	1953430.000000	4
LM (batch size 20)	cd %s/gpusched/workloads/pytorch/language_modeling && python main.py --cuda --data %s/data/wikitext2 --batch_size 20	--steps	1	12228566	1976107.000000	1
Transformer (batch size 32)	cd %s/gpusched/workloads/pytorch/translation && python3 train.py -data %s/data/translation/multi30k.atok.low.pt -batch_size 32 -proj_share_weight	-step	1	70684	1988818.000000	1
LM (batch size 20)	cd %s/gpusched/workloads/pytorch/language_modeling && python main.py --cuda --data %s/data/wikitext2 --batch_size 20	--steps	1	1712748	1994671.000000	4
ResNet-50 (batch size 32)	cd %s/gpusched/workloads/pytorch/image_classification/imagenet && python3 main.py -j 4 -a resnet50 -b 32 %s/data/imagenet/pytorch	--num_minibatches	1	1025183	1995484.000000	1
CycleGAN	cd %s/gpusched/workloads/pytorch/cyclegan && python3 cyclegan.py --dataset_path %s/data/monet2photo --decay_epoch 0	--n_steps	1	489955	1998121.000000	1
LM (batch size 80)	cd %s/gpusched/workloads/pytorch/language_modeling && python main.py --cuda --data %s/data/wikitext2 --batch_size 80	--steps	1	215874	2010666.000000	1
LM (batch size 20)	cd %s/gpusched/workloads/pytorch/language_modeling && python main.py --cuda --data %s/data/wikitext2 --batch_size 20	--steps	1	1493824	2015728.000000	4
LM (batch size 40)	cd %s/gpusched/workloads/pytorch/language_modeling && python main.py --cuda --data %s/data/wikitext2 --batch_size 40	--steps	1	13471809	2148838.000000	1
Transformer (batch size 16)	cd %s/gpusched/workloads/pytorch/translation && python3 train.py -data %s/data/translation/multi30k.atok.low.pt -batch_size 16 -proj_share_weight	-step	1	1512318	2162779.000000	1
A3C	cd %s/gpusched/workloads/pytorch/rl && python3 main.py --env PongDeterministic-v4 --workers 4 --amsgrad True	--max-steps	0	22616	2175091.000000	4
ResNet-18 (batch size 64)	cd %s/gpusched/workloads/pytorch/image_classification/cifar10 && python3 main.py --data_dir=%s/data/cifar10 --batch_size 64 	--num_steps	1	214748	2175548.000000	4
LM (batch size 80)	cd %s/gpusched/workloads/pytorch/language_modeling && python main.py --cuda --data %s/data/wikitext2 --batch_size 80	--steps	1	325106	2175974.000000	4
CycleGAN	cd %s/gpusched/workloads/pytorch/cyclegan && python3 cyclegan.py --dataset_path %s/data/monet2photo --decay_epoch 0	--n_steps	1	22044	2176375.000000	4
Transformer (batch size 128)	cd %s/gpusched/workloads/pytorch/translation && python3 train.py -data %s/data/translation/multi30k.atok.low.pt -batch_size 128 -proj_share_weight	-step	1	66114	2189751.000000	4
Transformer (batch size 32)	cd %s/gpusched/workloads/pytorch/translation && python3 train.py -data %s/data/translation/multi30k.atok.low.pt -batch_size 32 -proj_share_weight	-step	1	57947	2197400.000000	1
LM (batch size 40)	cd %s/gpusched/workloads/pytorch/language_modeling && python main.py --cuda --data %s/data/wikitext2 --batch_size 40	--steps	1	2525009	2237893.000000	1
ResNet-50 (batch size 64)	cd %s/gpusched/workloads/pytorch/image_classification/imagenet && python3 main.py -j 4 -a resnet50 -b 64 %s/data/imagenet/pytorch	--num_minibatches	1	220852	2237958.000000	1
Transformer (batch size 16)	cd %s/gpusched/workloads/pytorch/translation && python3 train.py -data %s/data/translation/multi30k.atok.low.pt -batch_size 16 -proj_share_weight	-step	1	204233	2319383.000000	1
ResNet-50 (batch size 16)	cd %s/gpusched/workloads/pytorch/image_classification/imagenet && python3 main.py -j 4 -a resnet50 -b 16 %s/data/imagenet/pytorch	--num_minibatches	1	304833	2459083.000000	1
ResNet-50 (batch size 32)	cd %s/gpusched/workloads/pytorch/image_classification/imagenet && python3 main.py -j 4 -a resnet50 -b 32 %s/data/imagenet/pytorch	--num_minibatches	1	109662	2462427.000000	1
ResNet-50 (batch size 16)	cd %s/gpusched/workloads/pytorch/image_classification/imagenet && python3 main.py -j 4 -a resnet50 -b 16 %s/data/imagenet/pytorch	--num_minibatches	1	476266	2473713.000000	4
ResNet-18 (batch size 32)	cd %s/gpusched/workloads/pytorch/image_classification/cifar10 && python3 main.py --data_dir=%s/data/cifar10 --batch_size 32 	--num_steps	1	2371955	2476812.000000	4
LM (batch size 80)	cd %s/gpusched/workloads/pytorch/language_modeling && python main.py --cuda --data %s/data/wikitext2 --batch_size 80	--steps	1	544360	2501445.000000	1
Recommendation (batch size 1024)	cd %s/gpusched/workloads/pytorch/recommendation/scripts/ml-20m && python3 train.py --data_dir %s/data/ml-20m/pro_sg/ --batch_size 1024	-n	1	7061	2513099.000000	1
ResNet-50 (batch size 128)	cd %s/gpusched/workloads/pytorch/image_classification/imagenet && python3 main.py -j 4 -a resnet50 -b 128 %s/data/imagenet/pytorch	--num_minibatches	1	87183	2514043.000000	4
LM (batch size 5)	cd %s/gpusched/workloads/pytorch/language_modeling && python main.py --cuda --data %s/data/wikitext2 --batch_size 5	--steps	1	6400471	2528140.000000	4
ResNet-18 (batch size 64)	cd %s/gpusched/workloads/pytorch/image_classification/cifar10 && python3 main.py --data_dir=%s/data/cifar10 --batch_size 64 	--num_steps	1	13256265	2546601.000000	8
ResNet-18 (batch size 64)	cd %s/gpusched/workloads/pytorch/image_classification/cifar10 && python3 main.py --data_dir=%s/data/cifar10 --batch_size 64 	--num_steps	1	7373152	2608653.000000	1
Recommendation (batch size 1024)	cd %s/gpusched/workloads/pytorch/recommendation/scripts/ml-20m && python3 train.py --data_dir %s/data/ml-20m/pro_sg/ --batch_size 1024	-n	1	38477	2864189.000000	8
Recommendation (batch size 8192)	cd %s/gpusched/workloads/pytorch/recommendation/scripts/ml-20m && python3 train.py --data_dir %s/data/ml-20m/pro_sg/ --batch_size 8192	-n	1	151842	2923274.000000	8
ResNet-18 (batch size 256)	cd %s/gpusched/workloads/pytorch/image_classification/cifar10 && python3 main.py --data_dir=%s/data/cifar10 --batch_size 256 	--num_steps	1	26296	2925215.000000	8
ResNet-18 (batch size 256)	cd %s/gpusched/workloads/pytorch/image_classification/cifar10 && python3 main.py --data_dir=%s/data/cifar10 --batch_size 256 	--num_steps	1	36115	2954185.000000	4
ResNet-18 (batch size 32)	cd %s/gpusched/workloads/pytorch/image_classification/cifar10 && python3 main.py --data_dir=%s/data/cifar10 --batch_size 32 	--num_steps	1	117067	3001313.000000	12
ResNet-18 (batch size 64)	cd %s/gpusched/workloads/pytorch/image_classification/cifar10 && python3 main.py --data_dir=%s/data/cifar10 --batch_size 64 	--num_steps	1	220516	3121192.000000	12
Recommendation (batch size 2048)	cd %s/gpusched/workloads/pytorch/recommendation/scripts/ml-20m && python3 train.py --data_dir %s/data/ml-20m/pro_sg/ --batch_size 2048	-n	1	713	3132197.000000	12
LM (batch size 20)	cd %s/gpusched/workloads/pytorch/language_modeling && python main.py --cuda --data %s/data/wikitext2 --batch_size 20	--steps	1	21698664	3137506.000000	1
Recommendation (batch size 1024)	cd %s/gpusched/workloads/pytorch/recommendation/scripts/ml-20m && python3 train.py --data_dir %s/data/ml-20m/pro_sg/ --batch_size 1024	-n	1	65792	3196570.000000	1
Transformer (batch size 128)	cd %s/gpusched/workloads/pytorch/translation && python3 train.py -data %s/data/translation/multi30k.atok.low.pt -batch_size 128 -proj_share_weight	-step	1	1002938	3217920.000000	1
Recommendation (batch size 2048)	cd %s/gpusched/workloads/pytorch/recommendation/scripts/ml-20m && python3 train.py --data_dir %s/data/ml-20m/pro_sg/ --batch_size 2048	-n	1	155616	3239916.000000	1
LM (batch size 10)	cd %s/gpusched/workloads/pytorch/language_modeling && python main.py --cuda --data %s/data/wikitext2 --batch_size 10	--steps	1	2199436	3408446.000000	1
ResNet-50 (batch size 128)	cd %s/gpusched/workloads/pytorch/image_classification/imagenet && python3 main.py -j 4 -a resnet50 -b 128 %s/data/imagenet/pytorch	--num_minibatches	1	102933	3423978.000000	4
LM (batch size 10)	cd %s/gpusched/workloads/pytorch/language_modeling && python main.py --cuda --data %s/data/wikitext2 --batch_size 10	--steps	1	1917876	3460408.000000	1
CycleGAN	cd %s/gpusched/workloads/pytorch/cyclegan && python3 cyclegan.py --dataset_path %s/data/monet2photo --decay_epoch 0	--n_steps	1	206783	3474009.000000	4
ResNet-50 (batch size 64)	cd %s/gpusched/workloads/pytorch/image_classification/imagenet && python3 main.py -j 4 -a resnet50 -b 64 %s/data/imagenet/pytorch	--num_minibatches	1	1183851	3616615.000000	1
ResNet-50 (batch size 32)	cd %s/gpusched/workloads/pytorch/image_classification/imagenet && python3 main.py -j 4 -a resnet50 -b 32 %s/data/imagenet/pytorch	--num_minibatches	1	4252765	3639104.000000	1
Recommendation (batch size 1024)	cd %s/gpusched/workloads/pytorch/recommendation/scripts/ml-20m && python3 train.py --data_dir %s/data/ml-20m/pro_sg/ --batch_size 1024	-n	1	21972	3779296.000000	1
LM (batch size 40)	cd %s/gpusched/workloads/pytorch/language_modeling && python main.py --cuda --data %s/data/wikitext2 --batch_size 40	--steps	1	3343871	3780153.000000	1
Transformer (batch size 256)	cd %s/gpusched/workloads/pytorch/translation && python3 train.py -data %s/data/translation/multi30k.atok.low.pt -batch_size 256 -proj_share_weight	-step	1	429807	3798223.000000	1
LM (batch size 40)	cd %s/gpusched/workloads/pytorch/language_modeling && python main.py --cuda --data %s/data/wikitext2 --batch_size 40	--steps	1	3499080	3807786.000000	4
ResNet-50 (batch size 128)	cd %s/gpusched/workloads/pytorch/image_classification/imagenet && python3 main.py -j 4 -a resnet50 -b 128 %s/data/imagenet/pytorch	--num_minibatches	1	1170196	3902531.000000	1
A3C	cd %s/gpusched/workloads/pytorch/rl && python3 main.py --env PongDeterministic-v4 --workers 4 --amsgrad True	--max-steps	0	97034	4014186.000000	0
LM (batch size 5)	cd %s/gpusched/workloads/pytorch/language_modeling && python main.py --cuda --data %s/data/wikitext2 --batch_size 5	--steps	1	5270219	4019602.000000	1
Recommendation (batch size 1024)	cd %s/gpusched/workloads/pytorch/recommendation/scripts/ml-20m && python3 train.py --data_dir %s/data/ml-20m/pro_sg/ --batch_size 1024	-n	1	2200	4027222.000000	4
Recommendation (batch size 512)	cd %s/gpusched/workloads/pytorch/recommendation/scripts/ml-20m && python3 train.py --data_dir %s/data/ml-20m/pro_sg/ --batch_size 512	-n	1	18040	4059434.000000	1
Recommendation (batch size 2048)	cd %s/gpusched/workloads/pytorch/recommendation/scripts/ml-20m && python3 train.py --data_dir %s/data/ml-20m/pro_sg/ --batch_size 2048	-n	1	75819	4065958.000000	1
CycleGAN	cd %s/gpusched/workloads/pytorch/cyclegan && python3 cyclegan.py --dataset_path %s/data/monet2photo --decay_epoch 0	--n_steps	1	39003	4077353.000000	4
Transformer (batch size 64)	cd %s/gpusched/workloads/pytorch/translation && python3 train.py -data %s/data/translation/multi30k.atok.low.pt -batch_size 64 -proj_share_weight	-step	1	239430	4086889.000000	4
ResNet-18 (batch size 64)	cd %s/gpusched/workloads/pytorch/image_classification/cifar10 && python3 main.py --data_dir=%s/data/cifar10 --batch_size 64 	--num_steps	1	2787229	4134129.000000	1
Transformer (batch size 32)	cd %s/gpusched/workloads/pytorch/translation && python3 train.py -data %s/data/translation/multi30k.atok.low.pt -batch_size 32 -proj_share_weight	-step	1	704603	4162101.000000	1
LM (batch size 80)	cd %s/gpusched/workloads/pytorch/language_modeling && python main.py --cuda --data %s/data/wikitext2 --batch_size 80	--steps	1	1643004	4163083.000000	1
ResNet-18 (batch size 128)	cd %s/gpusched/workloads/pytorch/image_classification/cifar10 && python3 main.py --data_dir=%s/data/cifar10 --batch_size 128 	--num_steps	1	5299495	4164732.000000	1
LM (batch size 5)	cd %s/gpusched/workloads/pytorch/language_modeling && python main.py --cuda --data %s/data/wikitext2 --batch_size 5	--steps	1	11358337	4165826.000000	1
LM (batch size 40)	cd %s/gpusched/workloads/pytorch/language_modeling && python main.py --cuda --data %s/data/wikitext2 --batch_size 40	--steps	1	123650	4167022.000000	1
Recommendation (batch size 512)	cd %s/gpusched/workloads/pytorch/recommendation/scripts/ml-20m && python3 train.py --data_dir %s/data/ml-20m/pro_sg/ --batch_size 512	-n	1	2012	4169101.000000	4
Transformer (batch size 32)	cd %s/gpusched/workloads/pytorch/translation && python3 train.py -data %s/data/translation/multi30k.atok.low.pt -batch_size 32 -proj_share_weight	-step	1	87314	4176798.000000	4
ResNet-50 (batch size 32)	cd %s/gpusched/workloads/pytorch/image_classification/imagenet && python3 main.py -j 4 -a resnet50 -b 32 %s/data/imagenet/pytorch	--num_minibatches	1	1969444	4215881.000000	1
ResNet-50 (batch size 64)	cd %s/gpusched/workloads/pytorch/image_classification/imagenet && python3 main.py -j 4 -a resnet50 -b 64 %s/data/imagenet/pytorch	--num_minibatches	1	1100170	4220247.000000	1
ResNet-18 (batch size 16)	cd %s/gpusched/workloads/pytorch/image_classification/cifar10 && python3 main.py --data_dir=%s/data/cifar10 --batch_size 16 	--num_steps	1	940024	4249251.000000	1
Recommendation (batch size 4096)	cd %s/gpusched/workloads/pytorch/recommendation/scripts/ml-20m && python3 train.py --data_dir %s/data/ml-20m/pro_sg/ --batch_size 4096	-n	1	5499	4352303.000000	4
ResNet-50 (batch size 128)	cd %s/gpusched/workloads/pytorch/image_classification/imagenet && python3 main.py -j 4 -a resnet50 -b 128 %s/data/imagenet/pytorch	--num_minibatches	1	18211	4366614.000000	4
ResNet-18 (batch size 128)	cd %s/gpusched/workloads/pytorch/image_classification/cifar10 && python3 main.py --data_dir=%s/data/cifar10 --batch_size 128 	--num_steps	1	6114047	4381709.000000	1
Recommendation (batch size 2048)	cd %s/gpusched/workloads/pytorch/recommendation/scripts/ml-20m && python3 train.py --data_dir %s/data/ml-20m/pro_sg/ --batch_size 2048	-n	1	2039	4383960.000000	1
ResNet-50 (batch size 64)	cd %s/gpusched/workloads/pytorch/image_classification/imagenet && python3 main.py -j 4 -a resnet50 -b 64 %s/data/imagenet/pytorch	--num_minibatches	1	20105	4383973.000000	1
Transformer (batch size 64)	cd %s/gpusched/workloads/pytorch/translation && python3 train.py -data %s/data/translation/multi30k.atok.low.pt -batch_size 64 -proj_share_weight	-step	1	235258	4388422.000000	4
CycleGAN	cd %s/gpusched/workloads/pytorch/cyclegan && python3 cyclegan.py --dataset_path %s/data/monet2photo --decay_epoch 0	--n_steps	1	43208	4388839.000000	4
ResNet-50 (batch size 16)	cd %s/gpusched/workloads/pytorch/image_classification/imagenet && python3 main.py -j 4 -a resnet50 -b 16 %s/data/imagenet/pytorch	--num_minibatches	1	46337	4397894.000000	1
Transformer (batch size 32)	cd %s/gpusched/workloads/pytorch/translation && python3 train.py -data %s/data/translation/multi30k.atok.low.pt -batch_size 32 -proj_share_weight	-step	1	157874	4400888.000000	4
Transformer (batch size 256)	cd %s/gpusched/workloads/pytorch/translation && python3 train.py -data %s/data/translation/multi30k.atok.low.pt -batch_size 256 -proj_share_weight	-step	1	5737	4413169.000000	1
ResNet-18 (batch size 32)	cd %s/gpusched/workloads/pytorch/image_classification/cifar10 && python3 main.py --data_dir=%s/data/cifar10 --batch_size 32 	--num_steps	1	2111366	4416689.000000	4
ResNet-18 (batch size 128)	cd %s/gpusched/workloads/pytorch/image_classification/cifar10 && python3 main.py --data_dir=%s/data/cifar10 --batch_size 128 	--num_steps	1	262017	4460882.000000	1
CycleGAN	cd %s/gpusched/workloads/pytorch/cyclegan && python3 cyclegan.py --dataset_path %s/data/monet2photo --decay_epoch 0	--n_steps	1	85522	4469854.000000	4
ResNet-18 (batch size 256)	cd %s/gpusched/workloads/pytorch/image_classification/cifar10 && python3 main.py --data_dir=%s/data/cifar10 --batch_size 256 	--num_steps	1	2495580	4482581.000000	1
Recommendation (batch size 2048)	cd %s/gpusched/workloads/pytorch/recommendation/scripts/ml-20m && python3 train.py --data_dir %s/data/ml-20m/pro_sg/ --batch_size 2048	-n	1	3548	4487834.000000	1
ResNet-50 (batch size 64)	cd %s/gpusched/workloads/pytorch/image_classification/imagenet && python3 main.py -j 4 -a resnet50 -b 64 %s/data/imagenet/pytorch	--num_minibatches	1	1321214	4491695.000000	1
ResNet-18 (batch size 32)	cd %s/gpusched/workloads/pytorch/image_classification/cifar10 && python3 main.py --data_dir=%s/data/cifar10 --batch_size 32 	--num_steps	1	537827	4491743.000000	1
LM (batch size 40)	cd %s/gpusched/workloads/pytorch/language_modeling && python main.py --cuda --data %s/data/wikitext2 --batch_size 40	--steps	1	1246331	4494352.000000	4
Recommendation (batch size 512)	cd %s/gpusched/workloads/pytorch/recommendation/scripts/ml-20m && python3 train.py --data_dir %s/data/ml-20m/pro_sg/ --batch_size 512	-n	1	5519	4500295.000000	4
LM (batch size 20)	cd %s/gpusched/workloads/pytorch/language_modeling && python main.py --cuda --data %s/data/wikitext2 --batch_size 20	--steps	1	659471	4517152.000000	1
LM (batch size 80)	cd %s/gpusched/workloads/pytorch/language_modeling && python main.py --cuda --data %s/data/wikitext2 --batch_size 80	--steps	1	747415	4523500.000000	4
Recommendation (batch size 1024)	cd %s/gpusched/workloads/pytorch/recommendation/scripts/ml-20m && python3 train.py --data_dir %s/data/ml-20m/pro_sg/ --batch_size 1024	-n	1	2057	4574425.000000	1
ResNet-18 (batch size 64)	cd %s/gpusched/workloads/pytorch/image_classification/cifar10 && python3 main.py --data_dir=%s/data/cifar10 --batch_size 64 	--num_steps	1	107691	4596224.000000	8
ResNet-18 (batch size 16)	cd %s/gpusched/workloads/pytorch/image_classification/cifar10 && python3 main.py --data_dir=%s/data/cifar10 --batch_size 16 	--num_steps	1	511763	4603400.000000	1
ResNet-18 (batch size 128)	cd %s/gpusched/workloads/pytorch/image_classification/cifar10 && python3 main.py --data_dir=%s/data/cifar10 --batch_size 128 	--num_steps	1	505983	4610421.000000	4
Recommendation (batch size 512)	cd %s/gpusched/workloads/pytorch/recommendation/scripts/ml-20m && python3 train.py --data_dir %s/data/ml-20m/pro_sg/ --batch_size 512	-n	1	1998	4627517.000000	1
ResNet-50 (batch size 32)	cd %s/gpusched/workloads/pytorch/image_classification/imagenet && python3 main.py -j 4 -a resnet50 -b 32 %s/data/imagenet/pytorch	--num_minibatches	1	193897	4633765.000000	4
LM (batch size 80)	cd %s/gpusched/workloads/pytorch/language_modeling && python main.py --cuda --data %s/data/wikitext2 --batch_size 80	--steps	1	9953958	4656005.000000	8
LM (batch size 40)	cd %s/gpusched/workloads/pytorch/language_modeling && python main.py --cuda --data %s/data/wikitext2 --batch_size 40	--steps	1	321892	4665293.000000	1
ResNet-18 (batch size 128)	cd %s/gpusched/workloads/pytorch/image_classification/cifar10 && python3 main.py --data_dir=%s/data/cifar10 --batch_size 128 	--num_steps	1	353848	4670306.000000	4
Transformer (batch size 128)	cd %s/gpusched/workloads/pytorch/translation && python3 train.py -data %s/data/translation/multi30k.atok.low.pt -batch_size 128 -proj_share_weight	-step	1	1225764	4672136.000000	8
ResNet-18 (batch size 64)	cd %s/gpusched/workloads/pytorch/image_classification/cifar10 && python3 main.py --data_dir=%s/data/cifar10 --batch_size 64 	--num_steps	1	215041	4682533.000000	1
Transformer (batch size 64)	cd %s/gpusched/workloads/pytorch/translation && python3 train.py -data %s/data/translation/multi30k.atok.low.pt -batch_size 64 -proj_share_weight	-step	1	134574	4687303.000000	4
ResNet-18 (batch size 128)	cd %s/gpusched/workloads/pytorch/image_classification/cifar10 && python3 main.py --data_dir=%s/data/cifar10 --batch_size 128 	--num_steps	1	4890190	4687803.000000	1
ResNet-18 (batch size 32)	cd %s/gpusched/workloads/pytorch/image_classification/cifar10 && python3 main.py --data_dir=%s/data/cifar10 --batch_size 32 	--num_steps	1	4886446	4705635.000000	1
LM (batch size 80)	cd %s/gpusched/workloads/pytorch/language_modeling && python main.py --cuda --data %s/data/wikitext2 --batch_size 80	--steps	1	2180780	4737428.000000	1
ResNet-18 (batch size 16)	cd %s/gpusched/workloads/pytorch/image_classification/cifar10 && python3 main.py --data_dir=%s/data/cifar10 --batch_size 16 	--num_steps	1	11977311	4759163.000000	8
ResNet-50 (batch size 32)	cd %s/gpusched/workloads/pytorch/image_classification/imagenet && python3 main.py -j 4 -a resnet50 -b 32 %s/data/imagenet/pytorch	--num_minibatches	1	46219	4802626.000000	1
ResNet-50 (batch size 16)	cd %s/gpusched/workloads/pytorch/image_classification/imagenet && python3 main.py -j 4 -a resnet50 -b 16 %s/data/imagenet/pytorch	--num_minibatches	1	83101	4803888.000000	1
Recommendation (batch size 2048)	cd %s/gpusched/workloads/pytorch/recommendation/scripts/ml-20m && python3 train.py --data_dir %s/data/ml-20m/pro_sg/ --batch_size 2048	-n	1	7288	4808965.000000	4
ResNet-18 (batch size 128)	cd %s/gpusched/workloads/pytorch/image_classification/cifar10 && python3 main.py --data_dir=%s/data/cifar10 --batch_size 128 	--num_steps	1	371445	4809174.000000	4
LM (batch size 5)	cd %s/gpusched/workloads/pytorch/language_modeling && python main.py --cuda --data %s/data/wikitext2 --batch_size 5	--steps	1	735340	4822017.000000	1
ResNet-50 (batch size 32)	cd %s/gpusched/workloads/pytorch/image_classification/imagenet && python3 main.py -j 4 -a resnet50 -b 32 %s/data/imagenet/pytorch	--num_minibatches	1	46041	4823333.000000	1
Recommendation (batch size 4096)	cd %s/gpusched/workloads/pytorch/recommendation/scripts/ml-20m && python3 train.py --data_dir %s/data/ml-20m/pro_sg/ --batch_size 4096	-n	1	8820	4827248.000000	4
CycleGAN	cd %s/gpusched/workloads/pytorch/cyclegan && python3 cyclegan.py --dataset_path %s/data/monet2photo --decay_epoch 0	--n_steps	1	242167	4827686.000000	1
ResNet-18 (batch size 32)	cd %s/gpusched/workloads/pytorch/image_classification/cifar10 && python3 main.py --data_dir=%s/data/cifar10 --batch_size 32 	--num_steps	1	901139	4828399.000000	4
Recommendation (batch size 1024)	cd %s/gpusched/workloads/pytorch/recommendation/scripts/ml-20m && python3 train.py --data_dir %s/data/ml-20m/pro_sg/ --batch_size 1024	-n	1	96324	4842667.000000	2
ResNet-18 (batch size 16)	cd %s/gpusched/workloads/pytorch/image_classification/cifar10 && python3 main.py --data_dir=%s/data/cifar10 --batch_size 16 	--num_steps	1	26904513	4850225.000000	8
LM (batch size 20)	cd %s/gpusched/workloads/pytorch/language_modeling && python main.py --cuda --data %s/data/wikitext2 --batch_size 20	--steps	1	53913687	5191085.000000	8
Transformer (batch size 256)	cd %s/gpusched/workloads/pytorch/translation && python3 train.py -data %s/data/translation/multi30k.atok.low.pt -batch_size 256 -proj_share_weight	-step	1	736774	5191127.000000	8
LM (batch size 80)	cd %s/gpusched/workloads/pytorch/language_modeling && python main.py --cuda --data %s/data/wikitext2 --batch_size 80	--steps	1	14090600	5191385.000000	8
ResNet-18 (batch size 128)	cd %s/gpusched/workloads/pytorch/image_classification/cifar10 && python3 main.py --data_dir=%s/data/cifar10 --batch_size 128 	--num_steps	1	11502467	5192642.000000	8
ResNet-50 (batch size 128)	cd %s/gpusched/workloads/pytorch/image_classification/imagenet && python3 main.py -j 4 -a resnet50 -b 128 %s/data/imagenet/pytorch	--num_minibatches	1	139618	5225649.000000	1
ResNet-18 (batch size 64)	cd %s/gpusched/workloads/pytorch/image_classification/cifar10 && python3 main.py --data_dir=%s/data/cifar10 --batch_size 64 	--num_steps	1	220858	5251012.000000	1
ResNet-50 (batch size 64)	cd %s/gpusched/workloads/pytorch/image_classification/imagenet && python3 main.py -j 4 -a resnet50 -b 64 %s/data/imagenet/pytorch	--num_minibatches	1	24712	5253126.000000	1
ResNet-18 (batch size 64)	cd %s/gpusched/workloads/pytorch/image_classification/cifar10 && python3 main.py --data_dir=%s/data/cifar10 --batch_size 64 	--num_steps	1	575415	5257856.000000	4
Recommendation (batch size 512)	cd %s/gpusched/workloads/pytorch/recommendation/scripts/ml-20m && python3 train.py --data_dir %s/data/ml-20m/pro_sg/ --batch_size 512	-n	1	41016	5276895.000000	8
Transformer (batch size 16)	cd %s/gpusched/workloads/pytorch/translation && python3 train.py -data %s/data/translation/multi30k.atok.low.pt -batch_size 16 -proj_share_weight	-step	1	1216907	5286677.000000	8
Transformer (batch size 64)	cd %s/gpusched/workloads/pytorch/translation && python3 train.py -data %s/data/translation/multi30k.atok.low.pt -batch_size 64 -proj_share_weight	-step	1	892428	5286924.000000	8
Transformer (batch size 256)	cd %s/gpusched/workloads/pytorch/translation && python3 train.py -data %s/data/translation/multi30k.atok.low.pt -batch_size 256 -proj_share_weight	-step	1	7823	5342462.000000	1
ResNet-50 (batch size 16)	cd %s/gpusched/workloads/pytorch/image_classification/imagenet && python3 main.py -j 4 -a resnet50 -b 16 %s/data/imagenet/pytorch	--num_minibatches	1	204183	5342493.000000	4
ResNet-18 (batch size 32)	cd %s/gpusched/workloads/pytorch/image_classification/cifar10 && python3 main.py --data_dir=%s/data/cifar10 --batch_size 32 	--num_steps	1	798614	5347297.000000	4
LM (batch size 10)	cd %s/gpusched/workloads/pytorch/language_modeling && python main.py --cuda --data %s/data/wikitext2 --batch_size 10	--steps	1	791780	5355399.000000	1
A3C	cd %s/gpusched/workloads/pytorch/rl && python3 main.py --env PongDeterministic-v4 --workers 4 --amsgrad True	--max-steps	0	109309	5361092.000000	4
ResNet-18 (batch size 32)	cd %s/gpusched/workloads/pytorch/image_classification/cifar10 && python3 main.py --data_dir=%s/data/cifar10 --batch_size 32 	--num_steps	1	1450153	5368937.000000	8
LM (batch size 80)	cd %s/gpusched/workloads/pytorch/language_modeling && python main.py --cuda --data %s/data/wikitext2 --batch_size 80	--steps	1	571712	5368975.000000	8
ResNet-18 (batch size 128)	cd %s/gpusched/workloads/pytorch/image_classification/cifar10 && python3 main.py --data_dir=%s/data/cifar10 --batch_size 128 	--num_steps	1	397008	5428346.000000	8
Recommendation (batch size 2048)	cd %s/gpusched/workloads/pytorch/recommendation/scripts/ml-20m && python3 train.py --data_dir %s/data/ml-20m/pro_sg/ --batch_size 2048	-n	1	2094	5526404.000000	8
Transformer (batch size 128)	cd %s/gpusched/workloads/pytorch/translation && python3 train.py -data %s/data/translation/multi30k.atok.low.pt -batch_size 128 -proj_share_weight	-step	1	30616	5595272.000000	1
ResNet-50 (batch size 32)	cd %s/gpusched/workloads/pytorch/image_classification/imagenet && python3 main.py -j 4 -a resnet50 -b 32 %s/data/imagenet/pytorch	--num_minibatches	1	47648	5596647.000000	1
ResNet-50 (batch size 128)	cd %s/gpusched/workloads/pytorch/image_classification/imagenet && python3 main.py -j 4 -a resnet50 -b 128 %s/data/imagenet/pytorch	--num_minibatches	1	49468	5600810.000000	4
Transformer (batch size 64)	cd %s/gpusched/workloads/pytorch/translation && python3 train.py -data %s/data/translation/multi30k.atok.low.pt -batch_size 64 -proj_share_weight	-step	1	156714	5601661.000000	4
Recommendation (batch size 4096)	cd %s/gpusched/workloads/pytorch/recommendation/scripts/ml-20m && python3 train.py --data_dir %s/data/ml-20m/pro_sg/ --batch_size 4096	-n	1	3825	5700612.000000	1
LM (batch size 5)	cd %s/gpusched/workloads/pytorch/language_modeling && python main.py --cuda --data %s/data/wikitext2 --batch_size 5	--steps	1	963296	5702457.000000	1
LM (batch size 40)	cd %s/gpusched/workloads/pytorch/language_modeling && python main.py --cuda --data %s/data/wikitext2 --batch_size 40	--steps	1	1150724	5707032.000000	4
ResNet-50 (batch size 16)	cd %s/gpusched/workloads/pytorch/image_classification/imagenet && python3 main.py -j 4 -a resnet50 -b 16 %s/data/imagenet/pytorch	--num_minibatches	1	223399	5708442.000000	4
Recommendation (batch size 2048)	cd %s/gpusched/workloads/pytorch/recommendation/scripts/ml-20m && python3 train.py --data_dir %s/data/ml-20m/pro_sg/ --batch_size 2048	-n	1	17797	5778841.000000	1
Recommendation (batch size 1024)	cd %s/gpusched/workloads/pytorch/recommendation/scripts/ml-20m && python3 train.py --data_dir %s/data/ml-20m/pro_sg/ --batch_size 1024	-n	1	54417	5791684.000000	1
ResNet-50 (batch size 32)	cd %s/gpusched/workloads/pytorch/image_classification/imagenet && python3 main.py -j 4 -a resnet50 -b 32 %s/data/imagenet/pytorch	--num_minibatches	1	28164	5793333.000000	4
Recommendation (batch size 8192)	cd %s/gpusched/workloads/pytorch/recommendation/scripts/ml-20m && python3 train.py --data_dir %s/data/ml-20m/pro_sg/ --batch_size 8192	-n	1	206831	5797043.000000	1
ResNet-18 (batch size 32)	cd %s/gpusched/workloads/pytorch/image_classification/cifar10 && python3 main.py --data_dir=%s/data/cifar10 --batch_size 32 	--num_steps	1	17532732	5797523.000000	1
CycleGAN	cd %s/gpusched/workloads/pytorch/cyclegan && python3 cyclegan.py --dataset_path %s/data/monet2photo --decay_epoch 0	--n_steps	1	13501	5798233.000000	4
Recommendation (batch size 1024)	cd %s/gpusched/workloads/pytorch/recommendation/scripts/ml-20m && python3 train.py --data_dir %s/data/ml-20m/pro_sg/ --batch_size 1024	-n	1	5347	5810936.000000	1
ResNet-50 (batch size 16)	cd %s/gpusched/workloads/pytorch/image_classification/imagenet && python3 main.py -j 4 -a resnet50 -b 16 %s/data/imagenet/pytorch	--num_minibatches	1	46876	5811581.000000	4
ResNet-50 (batch size 16)	cd %s/gpusched/workloads/pytorch/image_classification/imagenet && python3 main.py -j 4 -a resnet50 -b 16 %s/data/imagenet/pytorch	--num_minibatches	1	96688	5815637.000000	4
Transformer (batch size 32)	cd %s/gpusched/workloads/pytorch/translation && python3 train.py -data %s/data/translation/multi30k.atok.low.pt -batch_size 32 -proj_share_weight	-step	1	80453	5851054.000000	1
LM (batch size 10)	cd %s/gpusched/workloads/pytorch/language_modeling && python main.py --cuda --data %s/data/wikitext2 --batch_size 10	--steps	1	1964612	5857843.000000	4
ResNet-50 (batch size 128)	cd %s/gpusched/workloads/pytorch/image_classification/imagenet && python3 main.py -j 4 -a resnet50 -b 128 %s/data/imagenet/pytorch	--num_minibatches	1	48788	5862253.000000	1
ResNet-18 (batch size 128)	cd %s/gpusched/workloads/pytorch/image_classification/cifar10 && python3 main.py --data_dir=%s/data/cifar10 --batch_size 128 	--num_steps	1	242057	5871764.000000	1
LM (batch size 80)	cd %s/gpusched/workloads/pytorch/language_modeling && python main.py --cuda --data %s/data/wikitext2 --batch_size 80	--steps	1	588483	5880007.000000	4
A3C	cd %s/gpusched/workloads/pytorch/rl && python3 main.py --env PongDeterministic-v4 --workers 4 --amsgrad True	--max-steps	0	143337	5882197.000000	1
Recommendation (batch size 1024)	cd %s/gpusched/workloads/pytorch/recommendation/scripts/ml-20m && python3 train.py --data_dir %s/data/ml-20m/pro_sg/ --batch_size 1024	-n	1	28326	5886194.000000	1
ResNet-50 (batch size 16)	cd %s/gpusched/workloads/pytorch/image_classification/imagenet && python3 main.py -j 4 -a resnet50 -b 16 %s/data/imagenet/pytorch	--num_minibatches	1	65779	5944998.000000	1
ResNet-18 (batch size 16)	cd %s/gpusched/workloads/pytorch/image_classification/cifar10 && python3 main.py --data_dir=%s/data/cifar10 --batch_size 16 	--num_steps	1	754462	5948959.000000	4
LM (batch size 5)	cd %s/gpusched/workloads/pytorch/language_modeling && python main.py --cuda --data %s/data/wikitext2 --batch_size 5	--steps	1	727318	5958884.000000	1
Recommendation (batch size 1024)	cd %s/gpusched/workloads/pytorch/recommendation/scripts/ml-20m && python3 train.py --data_dir %s/data/ml-20m/pro_sg/ --batch_size 1024	-n	1	2191	5958987.000000	1
Transformer (batch size 256)	cd %s/gpusched/workloads/pytorch/translation && python3 train.py -data %s/data/translation/multi30k.atok.low.pt -batch_size 256 -proj_share_weight	-step	1	273264	5962099.000000	1
LM (batch size 40)	cd %s/gpusched/workloads/pytorch/language_modeling && python main.py --cuda --data %s/data/wikitext2 --batch_size 40	--steps	1	796053	5963581.000000	4
LM (batch size 10)	cd %s/gpusched/workloads/pytorch/language_modeling && python main.py --cuda --data %s/data/wikitext2 --batch_size 10	--steps	1	22080529	5987939.000000	1
Transformer (batch size 16)	cd %s/gpusched/workloads/pytorch/translation && python3 train.py -data %s/data/translation/multi30k.atok.low.pt -batch_size 16 -proj_share_weight	-step	1	61903	6011345.000000	1
Recommendation (batch size 512)	cd %s/gpusched/workloads/pytorch/recommendation/scripts/ml-20m && python3 train.py --data_dir %s/data/ml-20m/pro_sg/ --batch_size 512	-n	1	4316	6016364.000000	4
Transformer (batch size 64)	cd %s/gpusched/workloads/pytorch/translation && python3 train.py -data %s/data/translation/multi30k.atok.low.pt -batch_size 64 -proj_share_weight	-step	1	180682	6018962.000000	4
Transformer (batch size 128)	cd %s/gpusched/workloads/pytorch/translation && python3 train.py -data %s/data/translation/multi30k.atok.low.pt -batch_size 128 -proj_share_weight	-step	1	26784	6029564.000000	1
Recommendation (batch size 1024)	cd %s/gpusched/workloads/pytorch/recommendation/scripts/ml-20m && python3 train.py --data_dir %s/data/ml-20m/pro_sg/ --batch_size 1024	-n	1	6149	6034413.000000	4
ResNet-50 (batch size 128)	cd %s/gpusched/workloads/pytorch/image_classification/imagenet && python3 main.py -j 4 -a resnet50 -b 128 %s/data/imagenet/pytorch	--num_minibatches	1	414670	6194368.000000	1
ResNet-18 (batch size 256)	cd %s/gpusched/workloads/pytorch/image_classification/cifar10 && python3 main.py --data_dir=%s/data/cifar10 --batch_size 256 	--num_steps	1	2390123	6194627.000000	1
LM (batch size 20)	cd %s/gpusched/workloads/pytorch/language_modeling && python main.py --cuda --data %s/data/wikitext2 --batch_size 20	--steps	1	993363	6220192.000000	1
Recommendation (batch size 2048)	cd %s/gpusched/workloads/pytorch/recommendation/scripts/ml-20m && python3 train.py --data_dir %s/data/ml-20m/pro_sg/ --batch_size 2048	-n	1	10524	6229580.000000	4
ResNet-18 (batch size 16)	cd %s/gpusched/workloads/pytorch/image_classification/cifar10 && python3 main.py --data_dir=%s/data/cifar10 --batch_size 16 	--num_steps	1	506892	6248338.000000	1
A3C	cd %s/gpusched/workloads/pytorch/rl && python3 main.py --env PongDeterministic-v4 --workers 4 --amsgrad True	--max-steps	0	178755	6255088.000000	4
Recommendation (batch size 4096)	cd %s/gpusched/workloads/pytorch/recommendation/scripts/ml-20m && python3 train.py --data_dir %s/data/ml-20m/pro_sg/ --batch_size 4096	-n	1	360705	6498622.000000	8
ResNet-18 (batch size 64)	cd %s/gpusched/workloads/pytorch/image_classification/cifar10 && python3 main.py --data_dir=%s/data/cifar10 --batch_size 64 	--num_steps	1	1138903	6559995.000000	4
Transformer (batch size 32)	cd %s/gpusched/workloads/pytorch/translation && python3 train.py -data %s/data/translation/multi30k.atok.low.pt -batch_size 32 -proj_share_weight	-step	1	20896	6568501.000000	4
Recommendation (batch size 4096)	cd %s/gpusched/workloads/pytorch/recommendation/scripts/ml-20m && python3 train.py --data_dir %s/data/ml-20m/pro_sg/ --batch_size 4096	-n	1	94009	6574159.000000	1
ResNet-18 (batch size 32)	cd %s/gpusched/workloads/pytorch/image_classification/cifar10 && python3 main.py --data_dir=%s/data/cifar10 --batch_size 32 	--num_steps	1	10178385	6574940.000000	1
LM (batch size 20)	cd %s/gpusched/workloads/pytorch/language_modeling && python main.py --cuda --data %s/data/wikitext2 --batch_size 20	--steps	1	18060504	6656261.000000	1
ResNet-50 (batch size 128)	cd %s/gpusched/workloads/pytorch/image_classification/imagenet && python3 main.py -j 4 -a resnet50 -b 128 %s/data/imagenet/pytorch	--num_minibatches	1	616103	6673017.000000	8
ResNet-18 (batch size 256)	cd %s/gpusched/workloads/pytorch/image_classification/cifar10 && python3 main.py --data_dir=%s/data/cifar10 --batch_size 256 	--num_steps	1	3649295	6742142.000000	1
ResNet-50 (batch size 64)	cd %s/gpusched/workloads/pytorch/image_classification/imagenet && python3 main.py -j 4 -a resnet50 -b 64 %s/data/imagenet/pytorch	--num_minibatches	1	9365	6916858.000000	1
Recommendation (batch size 8192)	cd %s/gpusched/workloads/pytorch/recommendation/scripts/ml-20m && python3 train.py --data_dir %s/data/ml-20m/pro_sg/ --batch_size 8192	-n	1	13559	6987521.000000	8
LM (batch size 5)	cd %s/gpusched/workloads/pytorch/language_modeling && python main.py --cuda --data %s/data/wikitext2 --batch_size 5	--steps	1	2834403	6993675.000000	8
Transformer (batch size 64)	cd %s/gpusched/workloads/pytorch/translation && python3 train.py -data %s/data/translation/multi30k.atok.low.pt -batch_size 64 -proj_share_weight	-step	1	217203	6998504.000000	8
LM (batch size 80)	cd %s/gpusched/workloads/pytorch/language_modeling && python main.py --cuda --data %s/data/wikitext2 --batch_size 80	--steps	1	1065365	7018786.000000	8
Transformer (batch size 16)	cd %s/gpusched/workloads/pytorch/translation && python3 train.py -data %s/data/translation/multi30k.atok.low.pt -batch_size 16 -proj_share_weight	-step	1	16660	7066224.000000	8
Recommendation (batch size 1024)	cd %s/gpusched/workloads/pytorch/recommendation/scripts/ml-20m && python3 train.py --data_dir %s/data/ml-20m/pro_sg/ --batch_size 1024	-n	1	39100	7069146.000000	8
Transformer (batch size 64)	cd %s/gpusched/workloads/pytorch/translation && python3 train.py -data %s/data/translation/multi30k.atok.low.pt -batch_size 64 -proj_share_weight	-step	1	73779	7070488.000000	1
LM (batch size 40)	cd %s/gpusched/workloads/pytorch/language_modeling && python main.py --cuda --data %s/data/wikitext2 --batch_size 40	--steps	1	7033304	7072684.000000	1
Recommendation (batch size 512)	cd %s/gpusched/workloads/pytorch/recommendation/scripts/ml-20m && python3 train.py --data_dir %s/data/ml-20m/pro_sg/ --batch_size 512	-n	1	32391	7072917.000000	1
LM (batch size 80)	cd %s/gpusched/workloads/pytorch/language_modeling && python main.py --cuda --data %s/data/wikitext2 --batch_size 80	--steps	1	746756	7078470.000000	4
ResNet-18 (batch size 256)	cd %s/gpusched/workloads/pytorch/image_classification/cifar10 && python3 main.py --data_dir=%s/data/cifar10 --batch_size 256 	--num_steps	1	1476542	7086458.000000	8
Recommendation (batch size 2048)	cd %s/gpusched/workloads/pytorch/recommendation/scripts/ml-20m && python3 train.py --data_dir %s/data/ml-20m/pro_sg/ --batch_size 2048	-n	1	11606	7090173.000000	1
Transformer (batch size 16)	cd %s/gpusched/workloads/pytorch/translation && python3 train.py -data %s/data/translation/multi30k.atok.low.pt -batch_size 16 -proj_share_weight	-step	1	485205	7108442.000000	1
Transformer (batch size 128)	cd %s/gpusched/workloads/pytorch/translation && python3 train.py -data %s/data/translation/multi30k.atok.low.pt -batch_size 128 -proj_share_weight	-step	1	42049	7158204.000000	1
Recommendation (batch size 4096)	cd %s/gpusched/workloads/pytorch/recommendation/scripts/ml-20m && python3 train.py --data_dir %s/data/ml-20m/pro_sg/ --batch_size 4096	-n	1	5921	7161738.000000	8
Transformer (batch size 256)	cd %s/gpusched/workloads/pytorch/translation && python3 train.py -data %s/data/translation/multi30k.atok.low.pt -batch_size 256 -proj_share_weight	-step	1	290191	7273750.000000	1
Recommendation (batch size 512)	cd %s/gpusched/workloads/pytorch/recommendation/scripts/ml-20m && python3 train.py --data_dir %s/data/ml-20m/pro_sg/ --batch_size 512	-n	1	39028	7294486.000000	1
ResNet-18 (batch size 64)	cd %s/gpusched/workloads/pytorch/image_classification/cifar10 && python3 main.py --data_dir=%s/data/cifar10 --batch_size 64 	--num_steps	1	4118932	7371078.000000	1
ResNet-18 (batch size 16)	cd %s/gpusched/workloads/pytorch/image_classification/cifar10 && python3 main.py --data_dir=%s/data/cifar10 --batch_size 16 	--num_steps	1	1791830	7371765.000000	4
LM (batch size 80)	cd %s/gpusched/workloads/pytorch/language_modeling && python main.py --cuda --data %s/data/wikitext2 --batch_size 80	--steps	1	618777	7410341.000000	1
ResNet-50 (batch size 32)	cd %s/gpusched/workloads/pytorch/image_classification/imagenet && python3 main.py -j 4 -a resnet50 -b 32 %s/data/imagenet/pytorch	--num_minibatches	1	445761	7666551.000000	4
Recommendation (batch size 2048)	cd %s/gpusched/workloads/pytorch/recommendation/scripts/ml-20m && python3 train.py --data_dir %s/data/ml-20m/pro_sg/ --batch_size 2048	-n	1	65713	7737258.000000	1
Transformer (batch size 32)	cd %s/gpusched/workloads/pytorch/translation && python3 train.py -data %s/data/translation/multi30k.atok.low.pt -batch_size 32 -proj_share_weight	-step	1	311931	7796379.000000	1
ResNet-50 (batch size 16)	cd %s/gpusched/workloads/pytorch/image_classification/imagenet && python3 main.py -j 4 -a resnet50 -b 16 %s/data/imagenet/pytorch	--num_minibatches	1	367433	7800205.000000	1
ResNet-50 (batch size 64)	cd %s/gpusched/workloads/pytorch/image_classification/imagenet && python3 main.py -j 4 -a resnet50 -b 64 %s/data/imagenet/pytorch	--num_minibatches	1	472748	7832134.000000	1
ResNet-50 (batch size 64)	cd %s/gpusched/workloads/pytorch/image_classification/imagenet && python3 main.py -j 4 -a resnet50 -b 64 %s/data/imagenet/pytorch	--num_minibatches	1	21590	7850188.000000	1
Recommendation (batch size 512)	cd %s/gpusched/workloads/pytorch/recommendation/scripts/ml-20m && python3 train.py --data_dir %s/data/ml-20m/pro_sg/ --batch_size 512	-n	1	1486	7850840.000000	1
A3C	cd %s/gpusched/workloads/pytorch/rl && python3 main.py --env PongDeterministic-v4 --workers 4 --amsgrad True	--max-steps	0	173815	7854372.000000	4
Transformer (batch size 128)	cd %s/gpusched/workloads/pytorch/translation && python3 train.py -data %s/data/translation/multi30k.atok.low.pt -batch_size 128 -proj_share_weight	-step	1	26674	7875681.000000	1
Recommendation (batch size 2048)	cd %s/gpusched/workloads/pytorch/recommendation/scripts/ml-20m && python3 train.py --data_dir %s/data/ml-20m/pro_sg/ --batch_size 2048	-n	1	5447	7939057.000000	1
