Allocation:  {0: {0: 0.5, 1: 0.5}, 1: {0: 0.5, 1: 0.5}, 2: {0: 0.5, 1: 0.5}, 3: {0: 0.5, 1: 0.5}}
('Number of epochs left:', {0: 5, 1: 5, 2: 5, 3: 5})
Allocation:  {0: {0: 0.5, 1: 0.5}, 1: {0: 0.5, 1: 0.5}, 2: {0: 0.5, 1: 0.5}, 3: {0: 0.5, 1: 0.5}}
('Number of epochs left:', {0: 4, 1: 5, 2: 5, 3: 5})
Allocation:  {0: {0: 0.5, 1: 0.5}, 1: {0: 0.5, 1: 0.5}, 2: {0: 0.5, 1: 0.5}, 3: {0: 0.5, 1: 0.5}}
('Number of epochs left:', {0: 4, 1: 4, 2: 5, 3: 5})
Allocation:  {0: {0: 0.5, 1: 0.5}, 1: {0: 0.5, 1: 0.5}, 2: {0: 0.5, 1: 0.5}, 3: {0: 0.5, 1: 0.5}}
('Number of epochs left:', {0: 4, 1: 4, 2: 4, 3: 5})
Allocation:  {0: {0: 0.5, 1: 0.5}, 1: {0: 0.5, 1: 0.5}, 2: {0: 0.5, 1: 0.5}, 3: {0: 0.5, 1: 0.5}}
('Number of epochs left:', {0: 4, 1: 3, 2: 4, 3: 5})
Allocation:  {0: {0: 0.5, 1: 0.5}, 1: {0: 0.5, 1: 0.5}, 2: {0: 0.5, 1: 0.5}, 3: {0: 0.5, 1: 0.5}}
('Number of epochs left:', {0: 3, 1: 3, 2: 4, 3: 5})
Allocation:  {0: {0: 0.5, 1: 0.5}, 1: {0: 0.5, 1: 0.5}, 2: {0: 0.5, 1: 0.5}, 3: {0: 0.5, 1: 0.5}}
('Number of epochs left:', {0: 3, 1: 3, 2: 3, 3: 5})
Allocation:  {0: {0: 0.5, 1: 0.5}, 1: {0: 0.5, 1: 0.5}, 2: {0: 0.5, 1: 0.5}, 3: {0: 0.5, 1: 0.5}}
('Number of epochs left:', {0: 3, 1: 3, 2: 3, 3: 4})
Allocation:  {0: {0: 0.5, 1: 0.5}, 1: {0: 0.5, 1: 0.5}, 2: {0: 0.5, 1: 0.5}, 3: {0: 0.5, 1: 0.5}}
('Number of epochs left:', {0: 2, 1: 3, 2: 3, 3: 4})
Allocation:  {0: {0: 0.5, 1: 0.5}, 1: {0: 0.5, 1: 0.5}, 2: {0: 0.5, 1: 0.5}, 3: {0: 0.5, 1: 0.5}}
('Number of epochs left:', {0: 2, 1: 2, 2: 3, 3: 4})
Allocation:  {0: {0: 0.5, 1: 0.5}, 1: {0: 0.5, 1: 0.5}, 2: {0: 0.5, 1: 0.5}, 3: {0: 0.5, 1: 0.5}}
('Number of epochs left:', {0: 2, 1: 2, 2: 3, 3: 3})
Allocation:  {0: {0: 0.5, 1: 0.5}, 1: {0: 0.5, 1: 0.5}, 2: {0: 0.5, 1: 0.5}, 3: {0: 0.5, 1: 0.5}}
('Number of epochs left:', {0: 1, 1: 2, 2: 3, 3: 3})
Allocation:  {0: {0: 0.5, 1: 0.5}, 1: {0: 0.5, 1: 0.5}, 2: {0: 0.5, 1: 0.5}, 3: {0: 0.5, 1: 0.5}}
('Number of epochs left:', {0: 1, 1: 1, 2: 3, 3: 3})
Allocation:  {0: {0: 0.5, 1: 0.5}, 1: {0: 0.5, 1: 0.5}, 2: {0: 0.5, 1: 0.5}, 3: {0: 0.5, 1: 0.5}}
('Number of epochs left:', {0: 1, 1: 1, 2: 2, 3: 3})
Allocation:  {0: {0: 0.5, 1: 0.5}, 1: {0: 0.5, 1: 0.5}, 2: {0: 0.5, 1: 0.5}, 3: {0: 0.5, 1: 0.5}}
('Number of epochs left:', {0: 1, 1: 1, 2: 2, 3: 2})
Allocation:  {0: {0: 0.5, 1: 0.5}, 1: {0: 0.5, 1: 0.5}, 2: {0: 0.5, 1: 0.5}, 3: {0: 0.5, 1: 0.5}}
('Number of epochs left:', {1: 1, 2: 2, 3: 2})
Allocation:  {1: {0: 0.5, 1: 0.5}, 2: {0: 0.5, 1: 0.5}, 3: {0: 0.5, 1: 0.5}}
('Number of epochs left:', {1: 1, 2: 1, 3: 2})
Allocation:  {1: {0: 0.5, 1: 0.5}, 2: {0: 0.5, 1: 0.5}, 3: {0: 0.5, 1: 0.5}}
('Number of epochs left:', {1: 1, 2: 1, 3: 1})
Allocation:  {1: {0: 0.5, 1: 0.5}, 2: {0: 0.5, 1: 0.5}, 3: {0: 0.5, 1: 0.5}}
('Number of epochs left:', {1: 1, 3: 1})
Allocation:  {1: {0: 0.5, 1: 0.5}, 3: {0: 0.5, 1: 0.5}}
Total time taken: 11910.09 seconds
