Allocation:  {0: {0: 0.25, 1: 0.25, 2: 0.25, 3: 0.25}, 1: {0: 0.25, 1: 0.25, 2: 0.25, 3: 0.25}, 2: {0: 0.25, 1: 0.25, 2: 0.25, 3: 0.25}, 3: {0: 0.25, 1: 0.25, 2: 0.25, 3: 0.25}}
('Number of epochs left:', {0: 5, 1: 5, 2: 5, 3: 5})
Allocation:  {0: {0: 0.25, 1: 0.25, 2: 0.25, 3: 0.25}, 1: {0: 0.25, 1: 0.25, 2: 0.25, 3: 0.25}, 2: {0: 0.25, 1: 0.25, 2: 0.25, 3: 0.25}, 3: {0: 0.25, 1: 0.25, 2: 0.25, 3: 0.25}}
('Number of epochs left:', {0: 4, 1: 5, 2: 5, 3: 5})
Allocation:  {0: {0: 0.25, 1: 0.25, 2: 0.25, 3: 0.25}, 1: {0: 0.25, 1: 0.25, 2: 0.25, 3: 0.25}, 2: {0: 0.25, 1: 0.25, 2: 0.25, 3: 0.25}, 3: {0: 0.25, 1: 0.25, 2: 0.25, 3: 0.25}}
('Number of epochs left:', {0: 4, 1: 4, 2: 5, 3: 5})
Allocation:  {0: {0: 0.25, 1: 0.25, 2: 0.25, 3: 0.25}, 1: {0: 0.25, 1: 0.25, 2: 0.25, 3: 0.25}, 2: {0: 0.25, 1: 0.25, 2: 0.25, 3: 0.25}, 3: {0: 0.25, 1: 0.25, 2: 0.25, 3: 0.25}}
('Number of epochs left:', {0: 4, 1: 4, 2: 4, 3: 5})
Allocation:  {0: {0: 0.25, 1: 0.25, 2: 0.25, 3: 0.25}, 1: {0: 0.25, 1: 0.25, 2: 0.25, 3: 0.25}, 2: {0: 0.25, 1: 0.25, 2: 0.25, 3: 0.25}, 3: {0: 0.25, 1: 0.25, 2: 0.25, 3: 0.25}}
('Number of epochs left:', {0: 4, 1: 4, 2: 4, 3: 4})
Allocation:  {0: {0: 0.25, 1: 0.25, 2: 0.25, 3: 0.25}, 1: {0: 0.25, 1: 0.25, 2: 0.25, 3: 0.25}, 2: {0: 0.25, 1: 0.25, 2: 0.25, 3: 0.25}, 3: {0: 0.25, 1: 0.25, 2: 0.25, 3: 0.25}}
('Number of epochs left:', {0: 4, 1: 4, 2: 4, 3: 3})
Allocation:  {0: {0: 0.25, 1: 0.25, 2: 0.25, 3: 0.25}, 1: {0: 0.25, 1: 0.25, 2: 0.25, 3: 0.25}, 2: {0: 0.25, 1: 0.25, 2: 0.25, 3: 0.25}, 3: {0: 0.25, 1: 0.25, 2: 0.25, 3: 0.25}}
('Number of epochs left:', {0: 3, 1: 4, 2: 4, 3: 3})
Allocation:  {0: {0: 0.25, 1: 0.25, 2: 0.25, 3: 0.25}, 1: {0: 0.25, 1: 0.25, 2: 0.25, 3: 0.25}, 2: {0: 0.25, 1: 0.25, 2: 0.25, 3: 0.25}, 3: {0: 0.25, 1: 0.25, 2: 0.25, 3: 0.25}}
('Number of epochs left:', {0: 3, 1: 3, 2: 4, 3: 3})
Allocation:  {0: {0: 0.25, 1: 0.25, 2: 0.25, 3: 0.25}, 1: {0: 0.25, 1: 0.25, 2: 0.25, 3: 0.25}, 2: {0: 0.25, 1: 0.25, 2: 0.25, 3: 0.25}, 3: {0: 0.25, 1: 0.25, 2: 0.25, 3: 0.25}}
('Number of epochs left:', {0: 3, 1: 3, 2: 3, 3: 3})
Allocation:  {0: {0: 0.25, 1: 0.25, 2: 0.25, 3: 0.25}, 1: {0: 0.25, 1: 0.25, 2: 0.25, 3: 0.25}, 2: {0: 0.25, 1: 0.25, 2: 0.25, 3: 0.25}, 3: {0: 0.25, 1: 0.25, 2: 0.25, 3: 0.25}}
('Number of epochs left:', {0: 3, 1: 3, 2: 3, 3: 2})
Allocation:  {0: {0: 0.25, 1: 0.25, 2: 0.25, 3: 0.25}, 1: {0: 0.25, 1: 0.25, 2: 0.25, 3: 0.25}, 2: {0: 0.25, 1: 0.25, 2: 0.25, 3: 0.25}, 3: {0: 0.25, 1: 0.25, 2: 0.25, 3: 0.25}}
('Number of epochs left:', {0: 2, 1: 3, 2: 3, 3: 2})
Allocation:  {0: {0: 0.25, 1: 0.25, 2: 0.25, 3: 0.25}, 1: {0: 0.25, 1: 0.25, 2: 0.25, 3: 0.25}, 2: {0: 0.25, 1: 0.25, 2: 0.25, 3: 0.25}, 3: {0: 0.25, 1: 0.25, 2: 0.25, 3: 0.25}}
('Number of epochs left:', {0: 2, 1: 2, 2: 3, 3: 2})
Allocation:  {0: {0: 0.25, 1: 0.25, 2: 0.25, 3: 0.25}, 1: {0: 0.25, 1: 0.25, 2: 0.25, 3: 0.25}, 2: {0: 0.25, 1: 0.25, 2: 0.25, 3: 0.25}, 3: {0: 0.25, 1: 0.25, 2: 0.25, 3: 0.25}}
('Number of epochs left:', {0: 2, 1: 2, 2: 2, 3: 2})
Allocation:  {0: {0: 0.25, 1: 0.25, 2: 0.25, 3: 0.25}, 1: {0: 0.25, 1: 0.25, 2: 0.25, 3: 0.25}, 2: {0: 0.25, 1: 0.25, 2: 0.25, 3: 0.25}, 3: {0: 0.25, 1: 0.25, 2: 0.25, 3: 0.25}}
('Number of epochs left:', {0: 2, 1: 2, 2: 2, 3: 1})
Allocation:  {0: {0: 0.25, 1: 0.25, 2: 0.25, 3: 0.25}, 1: {0: 0.25, 1: 0.25, 2: 0.25, 3: 0.25}, 2: {0: 0.25, 1: 0.25, 2: 0.25, 3: 0.25}, 3: {0: 0.25, 1: 0.25, 2: 0.25, 3: 0.25}}
('Number of epochs left:', {0: 1, 1: 2, 2: 2, 3: 1})
Allocation:  {0: {0: 0.25, 1: 0.25, 2: 0.25, 3: 0.25}, 1: {0: 0.25, 1: 0.25, 2: 0.25, 3: 0.25}, 2: {0: 0.25, 1: 0.25, 2: 0.25, 3: 0.25}, 3: {0: 0.25, 1: 0.25, 2: 0.25, 3: 0.25}}
('Number of epochs left:', {0: 1, 1: 1, 2: 2, 3: 1})
Allocation:  {0: {0: 0.25, 1: 0.25, 2: 0.25, 3: 0.25}, 1: {0: 0.25, 1: 0.25, 2: 0.25, 3: 0.25}, 2: {0: 0.25, 1: 0.25, 2: 0.25, 3: 0.25}, 3: {0: 0.25, 1: 0.25, 2: 0.25, 3: 0.25}}
('Number of epochs left:', {0: 1, 1: 1, 2: 1, 3: 1})
Allocation:  {0: {0: 0.25, 1: 0.25, 2: 0.25, 3: 0.25}, 1: {0: 0.25, 1: 0.25, 2: 0.25, 3: 0.25}, 2: {0: 0.25, 1: 0.25, 2: 0.25, 3: 0.25}, 3: {0: 0.25, 1: 0.25, 2: 0.25, 3: 0.25}}
('Number of epochs left:', {0: 1, 1: 1, 2: 1})
Allocation:  {0: {0: 0.25, 1: 0.25, 2: 0.25, 3: 0.25}, 1: {0: 0.25, 1: 0.25, 2: 0.25, 3: 0.25}, 2: {0: 0.25, 1: 0.25, 2: 0.25, 3: 0.25}}
('Number of epochs left:', {1: 1, 2: 1})
Allocation:  {1: {0: 0.25, 1: 0.25, 2: 0.25, 3: 0.25}, 2: {0: 0.25, 1: 0.25, 2: 0.25, 3: 0.25}}
('Number of epochs left:', {2: 1})
Allocation:  {2: {0: 0.25, 1: 0.25, 2: 0.25, 3: 0.25}}
Total time taken: 6092.51 seconds
