ResNet-18 (batch size 256)	cd %s/gpusched/workloads/pytorch/image_classification/cifar10 && python3 main.py --data_dir=%s/data/cifar10 --batch_size 256 	--num_steps	1	13615547	0.000000	1
LM (batch size 40)	cd %s/gpusched/workloads/pytorch/language_modeling && python main.py --cuda --data %s/data/wikitext2 --batch_size 40	--steps	1	64961132	14987.000000	1
CycleGAN	cd %s/gpusched/workloads/pytorch/cyclegan && python3 cyclegan.py --dataset_path %s/data/monet2photo --decay_epoch 0	--n_steps	1	1172883	333610.000000	1
Recommendation (batch size 8192)	cd %s/gpusched/workloads/pytorch/recommendation/scripts/ml-20m && python3 train.py --data_dir %s/data/ml-20m/pro_sg/ --batch_size 8192	-n	1	17888	337642.000000	1
ResNet-18 (batch size 64)	cd %s/gpusched/workloads/pytorch/image_classification/cifar10 && python3 main.py --data_dir=%s/data/cifar10 --batch_size 64 	--num_steps	1	9813841	411449.000000	1
ResNet-50 (batch size 128)	cd %s/gpusched/workloads/pytorch/image_classification/imagenet && python3 main.py -j 4 -a resnet50 -b 128 %s/data/imagenet/pytorch	--num_minibatches	1	6431	423176.000000	8
ResNet-18 (batch size 128)	cd %s/gpusched/workloads/pytorch/image_classification/cifar10 && python3 main.py --data_dir=%s/data/cifar10 --batch_size 128 	--num_steps	1	7650623	428623.000000	1
LM (batch size 5)	cd %s/gpusched/workloads/pytorch/language_modeling && python main.py --cuda --data %s/data/wikitext2 --batch_size 5	--steps	1	1444442	449352.000000	1
Recommendation (batch size 8192)	cd %s/gpusched/workloads/pytorch/recommendation/scripts/ml-20m && python3 train.py --data_dir %s/data/ml-20m/pro_sg/ --batch_size 8192	-n	1	4692	459376.000000	1
A3C	cd %s/gpusched/workloads/pytorch/rl && python3 main.py --env PongDeterministic-v4 --workers 4 --amsgrad True	--max-steps	0	155908	501790.000000	4
LM (batch size 5)	cd %s/gpusched/workloads/pytorch/language_modeling && python main.py --cuda --data %s/data/wikitext2 --batch_size 5	--steps	1	24474306	514234.000000	1
Recommendation (batch size 512)	cd %s/gpusched/workloads/pytorch/recommendation/scripts/ml-20m && python3 train.py --data_dir %s/data/ml-20m/pro_sg/ --batch_size 512	-n	1	2457	520930.000000	1
Transformer (batch size 128)	cd %s/gpusched/workloads/pytorch/translation && python3 train.py -data %s/data/translation/multi30k.atok.low.pt -batch_size 128 -proj_share_weight	-step	1	94919	528694.000000	4
CycleGAN	cd %s/gpusched/workloads/pytorch/cyclegan && python3 cyclegan.py --dataset_path %s/data/monet2photo --decay_epoch 0	--n_steps	1	20564	543023.000000	1
ResNet-50 (batch size 32)	cd %s/gpusched/workloads/pytorch/image_classification/imagenet && python3 main.py -j 4 -a resnet50 -b 32 %s/data/imagenet/pytorch	--num_minibatches	1	543231	543736.000000	1
ResNet-18 (batch size 128)	cd %s/gpusched/workloads/pytorch/image_classification/cifar10 && python3 main.py --data_dir=%s/data/cifar10 --batch_size 128 	--num_steps	1	48702	543879.000000	1
LM (batch size 5)	cd %s/gpusched/workloads/pytorch/language_modeling && python main.py --cuda --data %s/data/wikitext2 --batch_size 5	--steps	1	4333662	545712.000000	4
ResNet-18 (batch size 16)	cd %s/gpusched/workloads/pytorch/image_classification/cifar10 && python3 main.py --data_dir=%s/data/cifar10 --batch_size 16 	--num_steps	1	2290604	547547.000000	4
Transformer (batch size 128)	cd %s/gpusched/workloads/pytorch/translation && python3 train.py -data %s/data/translation/multi30k.atok.low.pt -batch_size 128 -proj_share_weight	-step	1	275985	554770.000000	1
Transformer (batch size 256)	cd %s/gpusched/workloads/pytorch/translation && python3 train.py -data %s/data/translation/multi30k.atok.low.pt -batch_size 256 -proj_share_weight	-step	1	102799	555814.000000	1
LM (batch size 80)	cd %s/gpusched/workloads/pytorch/language_modeling && python main.py --cuda --data %s/data/wikitext2 --batch_size 80	--steps	1	281158	560117.000000	1
Recommendation (batch size 8192)	cd %s/gpusched/workloads/pytorch/recommendation/scripts/ml-20m && python3 train.py --data_dir %s/data/ml-20m/pro_sg/ --batch_size 8192	-n	1	55298	560303.000000	1
Recommendation (batch size 8192)	cd %s/gpusched/workloads/pytorch/recommendation/scripts/ml-20m && python3 train.py --data_dir %s/data/ml-20m/pro_sg/ --batch_size 8192	-n	1	106816	564407.000000	1
ResNet-18 (batch size 16)	cd %s/gpusched/workloads/pytorch/image_classification/cifar10 && python3 main.py --data_dir=%s/data/cifar10 --batch_size 16 	--num_steps	1	8061573	566107.000000	1
Recommendation (batch size 2048)	cd %s/gpusched/workloads/pytorch/recommendation/scripts/ml-20m && python3 train.py --data_dir %s/data/ml-20m/pro_sg/ --batch_size 2048	-n	1	10442	566704.000000	4
A3C	cd %s/gpusched/workloads/pytorch/rl && python3 main.py --env PongDeterministic-v4 --workers 4 --amsgrad True	--max-steps	0	762329	570420.000000	1
ResNet-50 (batch size 128)	cd %s/gpusched/workloads/pytorch/image_classification/imagenet && python3 main.py -j 4 -a resnet50 -b 128 %s/data/imagenet/pytorch	--num_minibatches	1	4274	571900.000000	1
Recommendation (batch size 4096)	cd %s/gpusched/workloads/pytorch/recommendation/scripts/ml-20m && python3 train.py --data_dir %s/data/ml-20m/pro_sg/ --batch_size 4096	-n	1	4283	573586.000000	4
CycleGAN	cd %s/gpusched/workloads/pytorch/cyclegan && python3 cyclegan.py --dataset_path %s/data/monet2photo --decay_epoch 0	--n_steps	1	499773	576731.000000	1
ResNet-50 (batch size 64)	cd %s/gpusched/workloads/pytorch/image_classification/imagenet && python3 main.py -j 4 -a resnet50 -b 64 %s/data/imagenet/pytorch	--num_minibatches	1	26452	577431.000000	1
LM (batch size 40)	cd %s/gpusched/workloads/pytorch/language_modeling && python main.py --cuda --data %s/data/wikitext2 --batch_size 40	--steps	1	9906959	577612.000000	1
ResNet-18 (batch size 128)	cd %s/gpusched/workloads/pytorch/image_classification/cifar10 && python3 main.py --data_dir=%s/data/cifar10 --batch_size 128 	--num_steps	1	907928	582485.000000	4
Transformer (batch size 32)	cd %s/gpusched/workloads/pytorch/translation && python3 train.py -data %s/data/translation/multi30k.atok.low.pt -batch_size 32 -proj_share_weight	-step	1	1536879	584215.000000	1
ResNet-18 (batch size 16)	cd %s/gpusched/workloads/pytorch/image_classification/cifar10 && python3 main.py --data_dir=%s/data/cifar10 --batch_size 16 	--num_steps	1	438544	585265.000000	1
ResNet-18 (batch size 16)	cd %s/gpusched/workloads/pytorch/image_classification/cifar10 && python3 main.py --data_dir=%s/data/cifar10 --batch_size 16 	--num_steps	1	1569078	591096.000000	4
ResNet-18 (batch size 16)	cd %s/gpusched/workloads/pytorch/image_classification/cifar10 && python3 main.py --data_dir=%s/data/cifar10 --batch_size 16 	--num_steps	1	67539431	613103.000000	1
Recommendation (batch size 512)	cd %s/gpusched/workloads/pytorch/recommendation/scripts/ml-20m && python3 train.py --data_dir %s/data/ml-20m/pro_sg/ --batch_size 512	-n	1	2528	614832.000000	1
LM (batch size 20)	cd %s/gpusched/workloads/pytorch/language_modeling && python main.py --cuda --data %s/data/wikitext2 --batch_size 20	--steps	1	795813	615312.000000	1
ResNet-18 (batch size 16)	cd %s/gpusched/workloads/pytorch/image_classification/cifar10 && python3 main.py --data_dir=%s/data/cifar10 --batch_size 16 	--num_steps	1	563875	616295.000000	1
Transformer (batch size 128)	cd %s/gpusched/workloads/pytorch/translation && python3 train.py -data %s/data/translation/multi30k.atok.low.pt -batch_size 128 -proj_share_weight	-step	1	113081	622648.000000	4
Recommendation (batch size 1024)	cd %s/gpusched/workloads/pytorch/recommendation/scripts/ml-20m && python3 train.py --data_dir %s/data/ml-20m/pro_sg/ --batch_size 1024	-n	1	9414	622933.000000	4
ResNet-50 (batch size 32)	cd %s/gpusched/workloads/pytorch/image_classification/imagenet && python3 main.py -j 4 -a resnet50 -b 32 %s/data/imagenet/pytorch	--num_minibatches	1	199274	623774.000000	4
Transformer (batch size 256)	cd %s/gpusched/workloads/pytorch/translation && python3 train.py -data %s/data/translation/multi30k.atok.low.pt -batch_size 256 -proj_share_weight	-step	1	11787	650398.000000	1
Recommendation (batch size 4096)	cd %s/gpusched/workloads/pytorch/recommendation/scripts/ml-20m && python3 train.py --data_dir %s/data/ml-20m/pro_sg/ --batch_size 4096	-n	1	3782	650662.000000	1
ResNet-18 (batch size 16)	cd %s/gpusched/workloads/pytorch/image_classification/cifar10 && python3 main.py --data_dir=%s/data/cifar10 --batch_size 16 	--num_steps	1	539056	650712.000000	1
LM (batch size 10)	cd %s/gpusched/workloads/pytorch/language_modeling && python main.py --cuda --data %s/data/wikitext2 --batch_size 10	--steps	1	2257067	657069.000000	4
ResNet-50 (batch size 64)	cd %s/gpusched/workloads/pytorch/image_classification/imagenet && python3 main.py -j 4 -a resnet50 -b 64 %s/data/imagenet/pytorch	--num_minibatches	1	87987	657823.000000	4
Recommendation (batch size 8192)	cd %s/gpusched/workloads/pytorch/recommendation/scripts/ml-20m && python3 train.py --data_dir %s/data/ml-20m/pro_sg/ --batch_size 8192	-n	1	9467	657902.000000	4
A3C	cd %s/gpusched/workloads/pytorch/rl && python3 main.py --env PongDeterministic-v4 --workers 4 --amsgrad True	--max-steps	0	1054536	666213.000000	1
LM (batch size 5)	cd %s/gpusched/workloads/pytorch/language_modeling && python main.py --cuda --data %s/data/wikitext2 --batch_size 5	--steps	1	35541516	670037.000000	1
LM (batch size 20)	cd %s/gpusched/workloads/pytorch/language_modeling && python main.py --cuda --data %s/data/wikitext2 --batch_size 20	--steps	1	10075810	719168.000000	1
ResNet-50 (batch size 64)	cd %s/gpusched/workloads/pytorch/image_classification/imagenet && python3 main.py -j 4 -a resnet50 -b 64 %s/data/imagenet/pytorch	--num_minibatches	1	2383868	720082.000000	1
Transformer (batch size 64)	cd %s/gpusched/workloads/pytorch/translation && python3 train.py -data %s/data/translation/multi30k.atok.low.pt -batch_size 64 -proj_share_weight	-step	1	1701500	769562.000000	1
ResNet-50 (batch size 64)	cd %s/gpusched/workloads/pytorch/image_classification/imagenet && python3 main.py -j 4 -a resnet50 -b 64 %s/data/imagenet/pytorch	--num_minibatches	1	467072	811311.000000	1
Recommendation (batch size 1024)	cd %s/gpusched/workloads/pytorch/recommendation/scripts/ml-20m && python3 train.py --data_dir %s/data/ml-20m/pro_sg/ --batch_size 1024	-n	1	1538	832094.000000	1
ResNet-50 (batch size 64)	cd %s/gpusched/workloads/pytorch/image_classification/imagenet && python3 main.py -j 4 -a resnet50 -b 64 %s/data/imagenet/pytorch	--num_minibatches	1	134693	835575.000000	4
Recommendation (batch size 8192)	cd %s/gpusched/workloads/pytorch/recommendation/scripts/ml-20m && python3 train.py --data_dir %s/data/ml-20m/pro_sg/ --batch_size 8192	-n	1	77085	850218.000000	1
A3C	cd %s/gpusched/workloads/pytorch/rl && python3 main.py --env PongDeterministic-v4 --workers 4 --amsgrad True	--max-steps	0	23530	860395.000000	1
Transformer (batch size 16)	cd %s/gpusched/workloads/pytorch/translation && python3 train.py -data %s/data/translation/multi30k.atok.low.pt -batch_size 16 -proj_share_weight	-step	1	307409	863388.000000	4
ResNet-18 (batch size 16)	cd %s/gpusched/workloads/pytorch/image_classification/cifar10 && python3 main.py --data_dir=%s/data/cifar10 --batch_size 16 	--num_steps	1	46571114	875643.000000	1
Transformer (batch size 256)	cd %s/gpusched/workloads/pytorch/translation && python3 train.py -data %s/data/translation/multi30k.atok.low.pt -batch_size 256 -proj_share_weight	-step	1	12978	905784.000000	1
LM (batch size 20)	cd %s/gpusched/workloads/pytorch/language_modeling && python main.py --cuda --data %s/data/wikitext2 --batch_size 20	--steps	1	3793717	913581.000000	4
Recommendation (batch size 512)	cd %s/gpusched/workloads/pytorch/recommendation/scripts/ml-20m && python3 train.py --data_dir %s/data/ml-20m/pro_sg/ --batch_size 512	-n	1	1796	948890.000000	1
ResNet-18 (batch size 128)	cd %s/gpusched/workloads/pytorch/image_classification/cifar10 && python3 main.py --data_dir=%s/data/cifar10 --batch_size 128 	--num_steps	1	795137	954486.000000	4
ResNet-50 (batch size 16)	cd %s/gpusched/workloads/pytorch/image_classification/imagenet && python3 main.py -j 4 -a resnet50 -b 16 %s/data/imagenet/pytorch	--num_minibatches	1	897891	1656081.000000	1
Recommendation (batch size 512)	cd %s/gpusched/workloads/pytorch/recommendation/scripts/ml-20m && python3 train.py --data_dir %s/data/ml-20m/pro_sg/ --batch_size 512	-n	1	17040	1656081.000000	1
Recommendation (batch size 4096)	cd %s/gpusched/workloads/pytorch/recommendation/scripts/ml-20m && python3 train.py --data_dir %s/data/ml-20m/pro_sg/ --batch_size 4096	-n	1	31328	1656859.000000	1
Transformer (batch size 16)	cd %s/gpusched/workloads/pytorch/translation && python3 train.py -data %s/data/translation/multi30k.atok.low.pt -batch_size 16 -proj_share_weight	-step	1	846400	1658718.000000	1
ResNet-18 (batch size 128)	cd %s/gpusched/workloads/pytorch/image_classification/cifar10 && python3 main.py --data_dir=%s/data/cifar10 --batch_size 128 	--num_steps	1	1928253	1776761.000000	1
Recommendation (batch size 4096)	cd %s/gpusched/workloads/pytorch/recommendation/scripts/ml-20m && python3 train.py --data_dir %s/data/ml-20m/pro_sg/ --batch_size 4096	-n	1	11029	1826753.000000	1
Transformer (batch size 32)	cd %s/gpusched/workloads/pytorch/translation && python3 train.py -data %s/data/translation/multi30k.atok.low.pt -batch_size 32 -proj_share_weight	-step	1	503552	1842714.000000	1
Recommendation (batch size 4096)	cd %s/gpusched/workloads/pytorch/recommendation/scripts/ml-20m && python3 train.py --data_dir %s/data/ml-20m/pro_sg/ --batch_size 4096	-n	1	32627	1842805.000000	1
Recommendation (batch size 2048)	cd %s/gpusched/workloads/pytorch/recommendation/scripts/ml-20m && python3 train.py --data_dir %s/data/ml-20m/pro_sg/ --batch_size 2048	-n	1	1156	1854378.000000	1
LM (batch size 10)	cd %s/gpusched/workloads/pytorch/language_modeling && python main.py --cuda --data %s/data/wikitext2 --batch_size 10	--steps	1	2061667	1856588.000000	4
Transformer (batch size 256)	cd %s/gpusched/workloads/pytorch/translation && python3 train.py -data %s/data/translation/multi30k.atok.low.pt -batch_size 256 -proj_share_weight	-step	1	3694	1871151.000000	1
LM (batch size 10)	cd %s/gpusched/workloads/pytorch/language_modeling && python main.py --cuda --data %s/data/wikitext2 --batch_size 10	--steps	1	737876	1872003.000000	1
Recommendation (batch size 1024)	cd %s/gpusched/workloads/pytorch/recommendation/scripts/ml-20m && python3 train.py --data_dir %s/data/ml-20m/pro_sg/ --batch_size 1024	-n	1	15717	1884165.000000	4
ResNet-50 (batch size 32)	cd %s/gpusched/workloads/pytorch/image_classification/imagenet && python3 main.py -j 4 -a resnet50 -b 32 %s/data/imagenet/pytorch	--num_minibatches	1	92509	1892086.000000	4
Transformer (batch size 16)	cd %s/gpusched/workloads/pytorch/translation && python3 train.py -data %s/data/translation/multi30k.atok.low.pt -batch_size 16 -proj_share_weight	-step	1	1737991	1894388.000000	1
Transformer (batch size 16)	cd %s/gpusched/workloads/pytorch/translation && python3 train.py -data %s/data/translation/multi30k.atok.low.pt -batch_size 16 -proj_share_weight	-step	1	604850	1899602.000000	1
LM (batch size 40)	cd %s/gpusched/workloads/pytorch/language_modeling && python main.py --cuda --data %s/data/wikitext2 --batch_size 40	--steps	1	3010215	1902175.000000	4
LM (batch size 5)	cd %s/gpusched/workloads/pytorch/language_modeling && python main.py --cuda --data %s/data/wikitext2 --batch_size 5	--steps	1	5006833	1904317.000000	1
LM (batch size 10)	cd %s/gpusched/workloads/pytorch/language_modeling && python main.py --cuda --data %s/data/wikitext2 --batch_size 10	--steps	1	835648	1918724.000000	1
Transformer (batch size 128)	cd %s/gpusched/workloads/pytorch/translation && python3 train.py -data %s/data/translation/multi30k.atok.low.pt -batch_size 128 -proj_share_weight	-step	1	209979	1924709.000000	4
LM (batch size 40)	cd %s/gpusched/workloads/pytorch/language_modeling && python main.py --cuda --data %s/data/wikitext2 --batch_size 40	--steps	1	2307473	1928183.000000	1
ResNet-18 (batch size 32)	cd %s/gpusched/workloads/pytorch/image_classification/cifar10 && python3 main.py --data_dir=%s/data/cifar10 --batch_size 32 	--num_steps	1	5442962	1930505.000000	1
LM (batch size 5)	cd %s/gpusched/workloads/pytorch/language_modeling && python main.py --cuda --data %s/data/wikitext2 --batch_size 5	--steps	1	15794948	1932011.000000	1
ResNet-50 (batch size 64)	cd %s/gpusched/workloads/pytorch/image_classification/imagenet && python3 main.py -j 4 -a resnet50 -b 64 %s/data/imagenet/pytorch	--num_minibatches	1	78676	1953430.000000	4
Recommendation (batch size 4096)	cd %s/gpusched/workloads/pytorch/recommendation/scripts/ml-20m && python3 train.py --data_dir %s/data/ml-20m/pro_sg/ --batch_size 4096	-n	1	70732	1976107.000000	1
CycleGAN	cd %s/gpusched/workloads/pytorch/cyclegan && python3 cyclegan.py --dataset_path %s/data/monet2photo --decay_epoch 0	--n_steps	1	27868	1988818.000000	1
Transformer (batch size 128)	cd %s/gpusched/workloads/pytorch/translation && python3 train.py -data %s/data/translation/multi30k.atok.low.pt -batch_size 128 -proj_share_weight	-step	1	91566	1994671.000000	4
Transformer (batch size 256)	cd %s/gpusched/workloads/pytorch/translation && python3 train.py -data %s/data/translation/multi30k.atok.low.pt -batch_size 256 -proj_share_weight	-step	1	176402	1995484.000000	1
Recommendation (batch size 1024)	cd %s/gpusched/workloads/pytorch/recommendation/scripts/ml-20m && python3 train.py --data_dir %s/data/ml-20m/pro_sg/ --batch_size 1024	-n	1	47813	1998121.000000	1
ResNet-50 (batch size 16)	cd %s/gpusched/workloads/pytorch/image_classification/imagenet && python3 main.py -j 4 -a resnet50 -b 16 %s/data/imagenet/pytorch	--num_minibatches	1	85429	2010666.000000	1
Transformer (batch size 64)	cd %s/gpusched/workloads/pytorch/translation && python3 train.py -data %s/data/translation/multi30k.atok.low.pt -batch_size 64 -proj_share_weight	-step	1	132402	2015728.000000	4
LM (batch size 20)	cd %s/gpusched/workloads/pytorch/language_modeling && python main.py --cuda --data %s/data/wikitext2 --batch_size 20	--steps	1	20276520	2148838.000000	1
Recommendation (batch size 2048)	cd %s/gpusched/workloads/pytorch/recommendation/scripts/ml-20m && python3 train.py --data_dir %s/data/ml-20m/pro_sg/ --batch_size 2048	-n	1	66815	2162779.000000	1
Recommendation (batch size 8192)	cd %s/gpusched/workloads/pytorch/recommendation/scripts/ml-20m && python3 train.py --data_dir %s/data/ml-20m/pro_sg/ --batch_size 8192	-n	1	1654	2175091.000000	4
Recommendation (batch size 1024)	cd %s/gpusched/workloads/pytorch/recommendation/scripts/ml-20m && python3 train.py --data_dir %s/data/ml-20m/pro_sg/ --batch_size 1024	-n	1	2108	2175548.000000	4
Recommendation (batch size 4096)	cd %s/gpusched/workloads/pytorch/recommendation/scripts/ml-20m && python3 train.py --data_dir %s/data/ml-20m/pro_sg/ --batch_size 4096	-n	1	4623	2175974.000000	4
Transformer (batch size 64)	cd %s/gpusched/workloads/pytorch/translation && python3 train.py -data %s/data/translation/multi30k.atok.low.pt -batch_size 64 -proj_share_weight	-step	1	42883	2176375.000000	4
ResNet-18 (batch size 64)	cd %s/gpusched/workloads/pytorch/image_classification/cifar10 && python3 main.py --data_dir=%s/data/cifar10 --batch_size 64 	--num_steps	1	560017	2189751.000000	4
A3C	cd %s/gpusched/workloads/pytorch/rl && python3 main.py --env PongDeterministic-v4 --workers 4 --amsgrad True	--max-steps	0	38242	2197400.000000	1
Recommendation (batch size 1024)	cd %s/gpusched/workloads/pytorch/recommendation/scripts/ml-20m && python3 train.py --data_dir %s/data/ml-20m/pro_sg/ --batch_size 1024	-n	1	16897	2237893.000000	1
LM (batch size 10)	cd %s/gpusched/workloads/pytorch/language_modeling && python main.py --cuda --data %s/data/wikitext2 --batch_size 10	--steps	1	5801369	2237958.000000	1
ResNet-18 (batch size 128)	cd %s/gpusched/workloads/pytorch/image_classification/cifar10 && python3 main.py --data_dir=%s/data/cifar10 --batch_size 128 	--num_steps	1	481541	2319383.000000	1
Recommendation (batch size 8192)	cd %s/gpusched/workloads/pytorch/recommendation/scripts/ml-20m && python3 train.py --data_dir %s/data/ml-20m/pro_sg/ --batch_size 8192	-n	1	10568	2459083.000000	1
ResNet-50 (batch size 16)	cd %s/gpusched/workloads/pytorch/image_classification/imagenet && python3 main.py -j 4 -a resnet50 -b 16 %s/data/imagenet/pytorch	--num_minibatches	1	192056	2462427.000000	1
LM (batch size 10)	cd %s/gpusched/workloads/pytorch/language_modeling && python main.py --cuda --data %s/data/wikitext2 --batch_size 10	--steps	1	3929798	2473713.000000	4
Transformer (batch size 128)	cd %s/gpusched/workloads/pytorch/translation && python3 train.py -data %s/data/translation/multi30k.atok.low.pt -batch_size 128 -proj_share_weight	-step	1	208023	2476812.000000	4
Transformer (batch size 64)	cd %s/gpusched/workloads/pytorch/translation && python3 train.py -data %s/data/translation/multi30k.atok.low.pt -batch_size 64 -proj_share_weight	-step	1	118633	2501445.000000	1
LM (batch size 5)	cd %s/gpusched/workloads/pytorch/language_modeling && python main.py --cuda --data %s/data/wikitext2 --batch_size 5	--steps	1	2458711	2513099.000000	1
Recommendation (batch size 4096)	cd %s/gpusched/workloads/pytorch/recommendation/scripts/ml-20m && python3 train.py --data_dir %s/data/ml-20m/pro_sg/ --batch_size 4096	-n	1	19128	2514043.000000	4
ResNet-18 (batch size 16)	cd %s/gpusched/workloads/pytorch/image_classification/cifar10 && python3 main.py --data_dir=%s/data/cifar10 --batch_size 16 	--num_steps	1	2961100	2528140.000000	4
LM (batch size 5)	cd %s/gpusched/workloads/pytorch/language_modeling && python main.py --cuda --data %s/data/wikitext2 --batch_size 5	--steps	1	45319875	2546601.000000	8
ResNet-18 (batch size 32)	cd %s/gpusched/workloads/pytorch/image_classification/cifar10 && python3 main.py --data_dir=%s/data/cifar10 --batch_size 32 	--num_steps	1	9925363	2608653.000000	1
Transformer (batch size 16)	cd %s/gpusched/workloads/pytorch/translation && python3 train.py -data %s/data/translation/multi30k.atok.low.pt -batch_size 16 -proj_share_weight	-step	1	1029771	2864189.000000	8
Recommendation (batch size 2048)	cd %s/gpusched/workloads/pytorch/recommendation/scripts/ml-20m && python3 train.py --data_dir %s/data/ml-20m/pro_sg/ --batch_size 2048	-n	1	143063	2923274.000000	8
LM (batch size 80)	cd %s/gpusched/workloads/pytorch/language_modeling && python main.py --cuda --data %s/data/wikitext2 --batch_size 80	--steps	1	67962	2925215.000000	8
LM (batch size 40)	cd %s/gpusched/workloads/pytorch/language_modeling && python main.py --cuda --data %s/data/wikitext2 --batch_size 40	--steps	1	152483	2954185.000000	4
LM (batch size 40)	cd %s/gpusched/workloads/pytorch/language_modeling && python main.py --cuda --data %s/data/wikitext2 --batch_size 40	--steps	1	127595	3001313.000000	12
Transformer (batch size 128)	cd %s/gpusched/workloads/pytorch/translation && python3 train.py -data %s/data/translation/multi30k.atok.low.pt -batch_size 128 -proj_share_weight	-step	1	26033	3121192.000000	12
Recommendation (batch size 512)	cd %s/gpusched/workloads/pytorch/recommendation/scripts/ml-20m && python3 train.py --data_dir %s/data/ml-20m/pro_sg/ --batch_size 512	-n	1	416	3132197.000000	12
ResNet-50 (batch size 16)	cd %s/gpusched/workloads/pytorch/image_classification/imagenet && python3 main.py -j 4 -a resnet50 -b 16 %s/data/imagenet/pytorch	--num_minibatches	1	3492339	3137506.000000	1
ResNet-50 (batch size 16)	cd %s/gpusched/workloads/pytorch/image_classification/imagenet && python3 main.py -j 4 -a resnet50 -b 16 %s/data/imagenet/pytorch	--num_minibatches	1	2381577	3196570.000000	1
LM (batch size 10)	cd %s/gpusched/workloads/pytorch/language_modeling && python main.py --cuda --data %s/data/wikitext2 --batch_size 10	--steps	1	24913620	3217920.000000	1
ResNet-50 (batch size 64)	cd %s/gpusched/workloads/pytorch/image_classification/imagenet && python3 main.py -j 4 -a resnet50 -b 64 %s/data/imagenet/pytorch	--num_minibatches	1	1496462	3239916.000000	1
ResNet-18 (batch size 16)	cd %s/gpusched/workloads/pytorch/image_classification/cifar10 && python3 main.py --data_dir=%s/data/cifar10 --batch_size 16 	--num_steps	1	1186203	3408446.000000	1
Recommendation (batch size 8192)	cd %s/gpusched/workloads/pytorch/recommendation/scripts/ml-20m && python3 train.py --data_dir %s/data/ml-20m/pro_sg/ --batch_size 8192	-n	1	21785	3423978.000000	4
ResNet-50 (batch size 32)	cd %s/gpusched/workloads/pytorch/image_classification/imagenet && python3 main.py -j 4 -a resnet50 -b 32 %s/data/imagenet/pytorch	--num_minibatches	1	132717	3460408.000000	1
LM (batch size 20)	cd %s/gpusched/workloads/pytorch/language_modeling && python main.py --cuda --data %s/data/wikitext2 --batch_size 20	--steps	1	4538470	3474009.000000	4
LM (batch size 20)	cd %s/gpusched/workloads/pytorch/language_modeling && python main.py --cuda --data %s/data/wikitext2 --batch_size 20	--steps	1	23416487	3616615.000000	1
ResNet-50 (batch size 64)	cd %s/gpusched/workloads/pytorch/image_classification/imagenet && python3 main.py -j 4 -a resnet50 -b 64 %s/data/imagenet/pytorch	--num_minibatches	1	2339569	3639104.000000	1
Transformer (batch size 128)	cd %s/gpusched/workloads/pytorch/translation && python3 train.py -data %s/data/translation/multi30k.atok.low.pt -batch_size 128 -proj_share_weight	-step	1	264188	3779296.000000	1
LM (batch size 10)	cd %s/gpusched/workloads/pytorch/language_modeling && python main.py --cuda --data %s/data/wikitext2 --batch_size 10	--steps	1	6683753	3780153.000000	1
Transformer (batch size 64)	cd %s/gpusched/workloads/pytorch/translation && python3 train.py -data %s/data/translation/multi30k.atok.low.pt -batch_size 64 -proj_share_weight	-step	1	2409103	3798223.000000	1
LM (batch size 40)	cd %s/gpusched/workloads/pytorch/language_modeling && python main.py --cuda --data %s/data/wikitext2 --batch_size 40	--steps	1	3499080	3807786.000000	4
Transformer (batch size 64)	cd %s/gpusched/workloads/pytorch/translation && python3 train.py -data %s/data/translation/multi30k.atok.low.pt -batch_size 64 -proj_share_weight	-step	1	3934132	3902531.000000	1
A3C	cd %s/gpusched/workloads/pytorch/rl && python3 main.py --env PongDeterministic-v4 --workers 4 --amsgrad True	--max-steps	0	97034	4014186.000000	0
ResNet-50 (batch size 128)	cd %s/gpusched/workloads/pytorch/image_classification/imagenet && python3 main.py -j 4 -a resnet50 -b 128 %s/data/imagenet/pytorch	--num_minibatches	1	89748	4019602.000000	1
Recommendation (batch size 1024)	cd %s/gpusched/workloads/pytorch/recommendation/scripts/ml-20m && python3 train.py --data_dir %s/data/ml-20m/pro_sg/ --batch_size 1024	-n	1	2200	4027222.000000	4
LM (batch size 20)	cd %s/gpusched/workloads/pytorch/language_modeling && python main.py --cuda --data %s/data/wikitext2 --batch_size 20	--steps	1	5875010	4059434.000000	1
LM (batch size 80)	cd %s/gpusched/workloads/pytorch/language_modeling && python main.py --cuda --data %s/data/wikitext2 --batch_size 80	--steps	1	5865302	4065958.000000	1
Recommendation (batch size 4096)	cd %s/gpusched/workloads/pytorch/recommendation/scripts/ml-20m && python3 train.py --data_dir %s/data/ml-20m/pro_sg/ --batch_size 4096	-n	1	4951	4077353.000000	4
ResNet-18 (batch size 16)	cd %s/gpusched/workloads/pytorch/image_classification/cifar10 && python3 main.py --data_dir=%s/data/cifar10 --batch_size 16 	--num_steps	1	1934789	4086889.000000	4
Transformer (batch size 128)	cd %s/gpusched/workloads/pytorch/translation && python3 train.py -data %s/data/translation/multi30k.atok.low.pt -batch_size 128 -proj_share_weight	-step	1	329057	4134129.000000	1
CycleGAN	cd %s/gpusched/workloads/pytorch/cyclegan && python3 cyclegan.py --dataset_path %s/data/monet2photo --decay_epoch 0	--n_steps	1	277796	4162101.000000	1
Recommendation (batch size 4096)	cd %s/gpusched/workloads/pytorch/recommendation/scripts/ml-20m && python3 train.py --data_dir %s/data/ml-20m/pro_sg/ --batch_size 4096	-n	1	23367	4163083.000000	1
LM (batch size 10)	cd %s/gpusched/workloads/pytorch/language_modeling && python main.py --cuda --data %s/data/wikitext2 --batch_size 10	--steps	1	25084219	4164732.000000	1
CycleGAN	cd %s/gpusched/workloads/pytorch/cyclegan && python3 cyclegan.py --dataset_path %s/data/monet2photo --decay_epoch 0	--n_steps	1	334280	4165826.000000	1
ResNet-18 (batch size 256)	cd %s/gpusched/workloads/pytorch/image_classification/cifar10 && python3 main.py --data_dir=%s/data/cifar10 --batch_size 256 	--num_steps	1	29286	4167022.000000	1
LM (batch size 10)	cd %s/gpusched/workloads/pytorch/language_modeling && python main.py --cuda --data %s/data/wikitext2 --batch_size 10	--steps	1	870341	4169101.000000	4
Recommendation (batch size 8192)	cd %s/gpusched/workloads/pytorch/recommendation/scripts/ml-20m && python3 train.py --data_dir %s/data/ml-20m/pro_sg/ --batch_size 8192	-n	1	4215	4176798.000000	4
LM (batch size 20)	cd %s/gpusched/workloads/pytorch/language_modeling && python main.py --cuda --data %s/data/wikitext2 --batch_size 20	--steps	1	21430514	4215881.000000	1
ResNet-50 (batch size 32)	cd %s/gpusched/workloads/pytorch/image_classification/imagenet && python3 main.py -j 4 -a resnet50 -b 32 %s/data/imagenet/pytorch	--num_minibatches	1	1999840	4220247.000000	1
Transformer (batch size 256)	cd %s/gpusched/workloads/pytorch/translation && python3 train.py -data %s/data/translation/multi30k.atok.low.pt -batch_size 256 -proj_share_weight	-step	1	20754	4249251.000000	1
ResNet-18 (batch size 32)	cd %s/gpusched/workloads/pytorch/image_classification/cifar10 && python3 main.py --data_dir=%s/data/cifar10 --batch_size 32 	--num_steps	1	579614	4352303.000000	4
LM (batch size 5)	cd %s/gpusched/workloads/pytorch/language_modeling && python main.py --cuda --data %s/data/wikitext2 --batch_size 5	--steps	1	1069419	4366614.000000	4
Transformer (batch size 64)	cd %s/gpusched/workloads/pytorch/translation && python3 train.py -data %s/data/translation/multi30k.atok.low.pt -batch_size 64 -proj_share_weight	-step	1	1931468	4381709.000000	1
LM (batch size 40)	cd %s/gpusched/workloads/pytorch/language_modeling && python main.py --cuda --data %s/data/wikitext2 --batch_size 40	--steps	1	257772	4383960.000000	1
LM (batch size 20)	cd %s/gpusched/workloads/pytorch/language_modeling && python main.py --cuda --data %s/data/wikitext2 --batch_size 20	--steps	1	397691	4383973.000000	1
ResNet-50 (batch size 32)	cd %s/gpusched/workloads/pytorch/image_classification/imagenet && python3 main.py -j 4 -a resnet50 -b 32 %s/data/imagenet/pytorch	--num_minibatches	1	243927	4388422.000000	4
LM (batch size 10)	cd %s/gpusched/workloads/pytorch/language_modeling && python main.py --cuda --data %s/data/wikitext2 --batch_size 10	--steps	1	1259422	4388839.000000	4
Transformer (batch size 256)	cd %s/gpusched/workloads/pytorch/translation && python3 train.py -data %s/data/translation/multi30k.atok.low.pt -batch_size 256 -proj_share_weight	-step	1	4552	4397894.000000	1
LM (batch size 5)	cd %s/gpusched/workloads/pytorch/language_modeling && python main.py --cuda --data %s/data/wikitext2 --batch_size 5	--steps	1	2114939	4400888.000000	4
Transformer (batch size 64)	cd %s/gpusched/workloads/pytorch/translation && python3 train.py -data %s/data/translation/multi30k.atok.low.pt -batch_size 64 -proj_share_weight	-step	1	32158	4413169.000000	1
Transformer (batch size 256)	cd %s/gpusched/workloads/pytorch/translation && python3 train.py -data %s/data/translation/multi30k.atok.low.pt -batch_size 256 -proj_share_weight	-step	1	54770	4416689.000000	4
Transformer (batch size 64)	cd %s/gpusched/workloads/pytorch/translation && python3 train.py -data %s/data/translation/multi30k.atok.low.pt -batch_size 64 -proj_share_weight	-step	1	82772	4460882.000000	1
ResNet-18 (batch size 16)	cd %s/gpusched/workloads/pytorch/image_classification/cifar10 && python3 main.py --data_dir=%s/data/cifar10 --batch_size 16 	--num_steps	1	1344394	4469854.000000	4
LM (batch size 20)	cd %s/gpusched/workloads/pytorch/language_modeling && python main.py --cuda --data %s/data/wikitext2 --batch_size 20	--steps	1	15858846	4482581.000000	1
LM (batch size 20)	cd %s/gpusched/workloads/pytorch/language_modeling && python main.py --cuda --data %s/data/wikitext2 --batch_size 20	--steps	1	675016	4487834.000000	1
LM (batch size 80)	cd %s/gpusched/workloads/pytorch/language_modeling && python main.py --cuda --data %s/data/wikitext2 --batch_size 80	--steps	1	10628493	4491695.000000	1
CycleGAN	cd %s/gpusched/workloads/pytorch/cyclegan && python3 cyclegan.py --dataset_path %s/data/monet2photo --decay_epoch 0	--n_steps	1	40198	4491743.000000	1
LM (batch size 80)	cd %s/gpusched/workloads/pytorch/language_modeling && python main.py --cuda --data %s/data/wikitext2 --batch_size 80	--steps	1	762913	4494352.000000	4
Transformer (batch size 32)	cd %s/gpusched/workloads/pytorch/translation && python3 train.py -data %s/data/translation/multi30k.atok.low.pt -batch_size 32 -proj_share_weight	-step	1	207713	4500295.000000	4
A3C	cd %s/gpusched/workloads/pytorch/rl && python3 main.py --env PongDeterministic-v4 --workers 4 --amsgrad True	--max-steps	0	50295	4517152.000000	1
LM (batch size 80)	cd %s/gpusched/workloads/pytorch/language_modeling && python main.py --cuda --data %s/data/wikitext2 --batch_size 80	--steps	1	747415	4523500.000000	4
ResNet-18 (batch size 16)	cd %s/gpusched/workloads/pytorch/image_classification/cifar10 && python3 main.py --data_dir=%s/data/cifar10 --batch_size 16 	--num_steps	1	331459	4574425.000000	1
CycleGAN	cd %s/gpusched/workloads/pytorch/cyclegan && python3 cyclegan.py --dataset_path %s/data/monet2photo --decay_epoch 0	--n_steps	1	10835	4596224.000000	8
ResNet-50 (batch size 64)	cd %s/gpusched/workloads/pytorch/image_classification/imagenet && python3 main.py -j 4 -a resnet50 -b 64 %s/data/imagenet/pytorch	--num_minibatches	1	36123	4603400.000000	1
Recommendation (batch size 512)	cd %s/gpusched/workloads/pytorch/recommendation/scripts/ml-20m && python3 train.py --data_dir %s/data/ml-20m/pro_sg/ --batch_size 512	-n	1	5537	4610421.000000	4
ResNet-50 (batch size 16)	cd %s/gpusched/workloads/pytorch/image_classification/imagenet && python3 main.py -j 4 -a resnet50 -b 16 %s/data/imagenet/pytorch	--num_minibatches	1	104767	4627517.000000	1
LM (batch size 20)	cd %s/gpusched/workloads/pytorch/language_modeling && python main.py --cuda --data %s/data/wikitext2 --batch_size 20	--steps	1	2109899	4633765.000000	4
LM (batch size 40)	cd %s/gpusched/workloads/pytorch/language_modeling && python main.py --cuda --data %s/data/wikitext2 --batch_size 40	--steps	1	16261262	4656005.000000	8
ResNet-50 (batch size 16)	cd %s/gpusched/workloads/pytorch/image_classification/imagenet && python3 main.py -j 4 -a resnet50 -b 16 %s/data/imagenet/pytorch	--num_minibatches	1	77976	4665293.000000	1
ResNet-18 (batch size 64)	cd %s/gpusched/workloads/pytorch/image_classification/cifar10 && python3 main.py --data_dir=%s/data/cifar10 --batch_size 64 	--num_steps	1	571113	4670306.000000	4
CycleGAN	cd %s/gpusched/workloads/pytorch/cyclegan && python3 cyclegan.py --dataset_path %s/data/monet2photo --decay_epoch 0	--n_steps	1	1044653	4672136.000000	8
LM (batch size 20)	cd %s/gpusched/workloads/pytorch/language_modeling && python main.py --cuda --data %s/data/wikitext2 --batch_size 20	--steps	1	474875	4682533.000000	1
CycleGAN	cd %s/gpusched/workloads/pytorch/cyclegan && python3 cyclegan.py --dataset_path %s/data/monet2photo --decay_epoch 0	--n_steps	1	69178	4687303.000000	4
ResNet-50 (batch size 128)	cd %s/gpusched/workloads/pytorch/image_classification/imagenet && python3 main.py -j 4 -a resnet50 -b 128 %s/data/imagenet/pytorch	--num_minibatches	1	459509	4687803.000000	1
ResNet-18 (batch size 32)	cd %s/gpusched/workloads/pytorch/image_classification/cifar10 && python3 main.py --data_dir=%s/data/cifar10 --batch_size 32 	--num_steps	1	4886446	4705635.000000	1
Recommendation (batch size 1024)	cd %s/gpusched/workloads/pytorch/recommendation/scripts/ml-20m && python3 train.py --data_dir %s/data/ml-20m/pro_sg/ --batch_size 1024	-n	1	23841	4737428.000000	1
ResNet-18 (batch size 64)	cd %s/gpusched/workloads/pytorch/image_classification/cifar10 && python3 main.py --data_dir=%s/data/cifar10 --batch_size 64 	--num_steps	1	7572697	4759163.000000	8
ResNet-18 (batch size 64)	cd %s/gpusched/workloads/pytorch/image_classification/cifar10 && python3 main.py --data_dir=%s/data/cifar10 --batch_size 64 	--num_steps	1	227751	4802626.000000	1
ResNet-18 (batch size 16)	cd %s/gpusched/workloads/pytorch/image_classification/cifar10 && python3 main.py --data_dir=%s/data/cifar10 --batch_size 16 	--num_steps	1	369808	4803888.000000	1
A3C	cd %s/gpusched/workloads/pytorch/rl && python3 main.py --env PongDeterministic-v4 --workers 4 --amsgrad True	--max-steps	0	105728	4808965.000000	4
ResNet-18 (batch size 16)	cd %s/gpusched/workloads/pytorch/image_classification/cifar10 && python3 main.py --data_dir=%s/data/cifar10 --batch_size 16 	--num_steps	1	948220	4809174.000000	4
Recommendation (batch size 8192)	cd %s/gpusched/workloads/pytorch/recommendation/scripts/ml-20m && python3 train.py --data_dir %s/data/ml-20m/pro_sg/ --batch_size 8192	-n	1	2650	4822017.000000	1
Recommendation (batch size 8192)	cd %s/gpusched/workloads/pytorch/recommendation/scripts/ml-20m && python3 train.py --data_dir %s/data/ml-20m/pro_sg/ --batch_size 8192	-n	1	2795	4823333.000000	1
ResNet-50 (batch size 128)	cd %s/gpusched/workloads/pytorch/image_classification/imagenet && python3 main.py -j 4 -a resnet50 -b 128 %s/data/imagenet/pytorch	--num_minibatches	1	40202	4827248.000000	4
ResNet-50 (batch size 64)	cd %s/gpusched/workloads/pytorch/image_classification/imagenet && python3 main.py -j 4 -a resnet50 -b 64 %s/data/imagenet/pytorch	--num_minibatches	1	268710	4827686.000000	1
ResNet-50 (batch size 128)	cd %s/gpusched/workloads/pytorch/image_classification/imagenet && python3 main.py -j 4 -a resnet50 -b 128 %s/data/imagenet/pytorch	--num_minibatches	1	38972	4828399.000000	4
ResNet-18 (batch size 128)	cd %s/gpusched/workloads/pytorch/image_classification/cifar10 && python3 main.py --data_dir=%s/data/cifar10 --batch_size 128 	--num_steps	1	6078247	4842667.000000	2
CycleGAN	cd %s/gpusched/workloads/pytorch/cyclegan && python3 cyclegan.py --dataset_path %s/data/monet2photo --decay_epoch 0	--n_steps	1	1711513	4850225.000000	8
LM (batch size 80)	cd %s/gpusched/workloads/pytorch/language_modeling && python main.py --cuda --data %s/data/wikitext2 --batch_size 80	--steps	1	21926692	5191085.000000	8
ResNet-50 (batch size 16)	cd %s/gpusched/workloads/pytorch/image_classification/imagenet && python3 main.py -j 4 -a resnet50 -b 16 %s/data/imagenet/pytorch	--num_minibatches	1	7498994	5191127.000000	8
Transformer (batch size 64)	cd %s/gpusched/workloads/pytorch/translation && python3 train.py -data %s/data/translation/multi30k.atok.low.pt -batch_size 64 -proj_share_weight	-step	1	3070799	5191385.000000	8
Transformer (batch size 16)	cd %s/gpusched/workloads/pytorch/translation && python3 train.py -data %s/data/translation/multi30k.atok.low.pt -batch_size 16 -proj_share_weight	-step	1	4878470	5192642.000000	8
ResNet-18 (batch size 64)	cd %s/gpusched/workloads/pytorch/image_classification/cifar10 && python3 main.py --data_dir=%s/data/cifar10 --batch_size 64 	--num_steps	1	2398160	5225649.000000	1
ResNet-50 (batch size 16)	cd %s/gpusched/workloads/pytorch/image_classification/imagenet && python3 main.py -j 4 -a resnet50 -b 16 %s/data/imagenet/pytorch	--num_minibatches	1	78497	5251012.000000	1
ResNet-50 (batch size 16)	cd %s/gpusched/workloads/pytorch/image_classification/imagenet && python3 main.py -j 4 -a resnet50 -b 16 %s/data/imagenet/pytorch	--num_minibatches	1	78671	5253126.000000	1
ResNet-50 (batch size 128)	cd %s/gpusched/workloads/pytorch/image_classification/imagenet && python3 main.py -j 4 -a resnet50 -b 128 %s/data/imagenet/pytorch	--num_minibatches	1	33500	5257856.000000	4
LM (batch size 10)	cd %s/gpusched/workloads/pytorch/language_modeling && python main.py --cuda --data %s/data/wikitext2 --batch_size 10	--steps	1	17738999	5276895.000000	8
ResNet-50 (batch size 16)	cd %s/gpusched/workloads/pytorch/image_classification/imagenet && python3 main.py -j 4 -a resnet50 -b 16 %s/data/imagenet/pytorch	--num_minibatches	1	1645928	5286677.000000	8
Recommendation (batch size 1024)	cd %s/gpusched/workloads/pytorch/recommendation/scripts/ml-20m && python3 train.py --data_dir %s/data/ml-20m/pro_sg/ --batch_size 1024	-n	1	44768	5286924.000000	8
ResNet-50 (batch size 128)	cd %s/gpusched/workloads/pytorch/image_classification/imagenet && python3 main.py -j 4 -a resnet50 -b 128 %s/data/imagenet/pytorch	--num_minibatches	1	13043	5342462.000000	1
Recommendation (batch size 512)	cd %s/gpusched/workloads/pytorch/recommendation/scripts/ml-20m && python3 train.py --data_dir %s/data/ml-20m/pro_sg/ --batch_size 512	-n	1	3895	5342493.000000	4
Recommendation (batch size 2048)	cd %s/gpusched/workloads/pytorch/recommendation/scripts/ml-20m && python3 train.py --data_dir %s/data/ml-20m/pro_sg/ --batch_size 2048	-n	1	6887	5347297.000000	4
Transformer (batch size 16)	cd %s/gpusched/workloads/pytorch/translation && python3 train.py -data %s/data/translation/multi30k.atok.low.pt -batch_size 16 -proj_share_weight	-step	1	70946	5355399.000000	1
A3C	cd %s/gpusched/workloads/pytorch/rl && python3 main.py --env PongDeterministic-v4 --workers 4 --amsgrad True	--max-steps	0	109309	5361092.000000	4
Recommendation (batch size 2048)	cd %s/gpusched/workloads/pytorch/recommendation/scripts/ml-20m && python3 train.py --data_dir %s/data/ml-20m/pro_sg/ --batch_size 2048	-n	1	12506	5368937.000000	8
Transformer (batch size 32)	cd %s/gpusched/workloads/pytorch/translation && python3 train.py -data %s/data/translation/multi30k.atok.low.pt -batch_size 32 -proj_share_weight	-step	1	162453	5368975.000000	8
LM (batch size 5)	cd %s/gpusched/workloads/pytorch/language_modeling && python main.py --cuda --data %s/data/wikitext2 --batch_size 5	--steps	1	2190646	5428346.000000	8
LM (batch size 5)	cd %s/gpusched/workloads/pytorch/language_modeling && python main.py --cuda --data %s/data/wikitext2 --batch_size 5	--steps	1	616850	5526404.000000	8
ResNet-18 (batch size 128)	cd %s/gpusched/workloads/pytorch/image_classification/cifar10 && python3 main.py --data_dir=%s/data/cifar10 --batch_size 128 	--num_steps	1	160675	5595272.000000	1
ResNet-18 (batch size 16)	cd %s/gpusched/workloads/pytorch/image_classification/cifar10 && python3 main.py --data_dir=%s/data/cifar10 --batch_size 16 	--num_steps	1	371355	5596647.000000	1
Transformer (batch size 16)	cd %s/gpusched/workloads/pytorch/translation && python3 train.py -data %s/data/translation/multi30k.atok.low.pt -batch_size 16 -proj_share_weight	-step	1	223283	5600810.000000	4
Transformer (batch size 128)	cd %s/gpusched/workloads/pytorch/translation && python3 train.py -data %s/data/translation/multi30k.atok.low.pt -batch_size 128 -proj_share_weight	-step	1	94526	5601661.000000	4
Transformer (batch size 32)	cd %s/gpusched/workloads/pytorch/translation && python3 train.py -data %s/data/translation/multi30k.atok.low.pt -batch_size 32 -proj_share_weight	-step	1	76423	5700612.000000	1
Transformer (batch size 256)	cd %s/gpusched/workloads/pytorch/translation && python3 train.py -data %s/data/translation/multi30k.atok.low.pt -batch_size 256 -proj_share_weight	-step	1	9839	5702457.000000	1
CycleGAN	cd %s/gpusched/workloads/pytorch/cyclegan && python3 cyclegan.py --dataset_path %s/data/monet2photo --decay_epoch 0	--n_steps	1	78912	5707032.000000	4
ResNet-50 (batch size 32)	cd %s/gpusched/workloads/pytorch/image_classification/imagenet && python3 main.py -j 4 -a resnet50 -b 32 %s/data/imagenet/pytorch	--num_minibatches	1	127558	5708442.000000	4
ResNet-50 (batch size 128)	cd %s/gpusched/workloads/pytorch/image_classification/imagenet && python3 main.py -j 4 -a resnet50 -b 128 %s/data/imagenet/pytorch	--num_minibatches	1	89247	5778841.000000	1
ResNet-18 (batch size 128)	cd %s/gpusched/workloads/pytorch/image_classification/cifar10 && python3 main.py --data_dir=%s/data/cifar10 --batch_size 128 	--num_steps	1	3433845	5791684.000000	1
ResNet-50 (batch size 128)	cd %s/gpusched/workloads/pytorch/image_classification/imagenet && python3 main.py -j 4 -a resnet50 -b 128 %s/data/imagenet/pytorch	--num_minibatches	1	8079	5793333.000000	4
Recommendation (batch size 4096)	cd %s/gpusched/workloads/pytorch/recommendation/scripts/ml-20m && python3 train.py --data_dir %s/data/ml-20m/pro_sg/ --batch_size 4096	-n	1	214404	5797043.000000	1
LM (batch size 10)	cd %s/gpusched/workloads/pytorch/language_modeling && python main.py --cuda --data %s/data/wikitext2 --batch_size 10	--steps	1	38195971	5797523.000000	1
ResNet-50 (batch size 32)	cd %s/gpusched/workloads/pytorch/image_classification/imagenet && python3 main.py -j 4 -a resnet50 -b 32 %s/data/imagenet/pytorch	--num_minibatches	1	27232	5798233.000000	4
LM (batch size 80)	cd %s/gpusched/workloads/pytorch/language_modeling && python main.py --cuda --data %s/data/wikitext2 --batch_size 80	--steps	1	489174	5810936.000000	1
Transformer (batch size 256)	cd %s/gpusched/workloads/pytorch/translation && python3 train.py -data %s/data/translation/multi30k.atok.low.pt -batch_size 256 -proj_share_weight	-step	1	4605	5811581.000000	4
ResNet-18 (batch size 16)	cd %s/gpusched/workloads/pytorch/image_classification/cifar10 && python3 main.py --data_dir=%s/data/cifar10 --batch_size 16 	--num_steps	1	430271	5815637.000000	4
ResNet-50 (batch size 64)	cd %s/gpusched/workloads/pytorch/image_classification/imagenet && python3 main.py -j 4 -a resnet50 -b 64 %s/data/imagenet/pytorch	--num_minibatches	1	35196	5851054.000000	1
ResNet-18 (batch size 16)	cd %s/gpusched/workloads/pytorch/image_classification/cifar10 && python3 main.py --data_dir=%s/data/cifar10 --batch_size 16 	--num_steps	1	1059557	5857843.000000	4
Transformer (batch size 128)	cd %s/gpusched/workloads/pytorch/translation && python3 train.py -data %s/data/translation/multi30k.atok.low.pt -batch_size 128 -proj_share_weight	-step	1	98935	5862253.000000	1
ResNet-18 (batch size 256)	cd %s/gpusched/workloads/pytorch/image_classification/cifar10 && python3 main.py --data_dir=%s/data/cifar10 --batch_size 256 	--num_steps	1	135763	5871764.000000	1
ResNet-18 (batch size 32)	cd %s/gpusched/workloads/pytorch/image_classification/cifar10 && python3 main.py --data_dir=%s/data/cifar10 --batch_size 32 	--num_steps	1	882055	5880007.000000	4
Recommendation (batch size 4096)	cd %s/gpusched/workloads/pytorch/recommendation/scripts/ml-20m && python3 train.py --data_dir %s/data/ml-20m/pro_sg/ --batch_size 4096	-n	1	10870	5882197.000000	1
ResNet-50 (batch size 16)	cd %s/gpusched/workloads/pytorch/image_classification/imagenet && python3 main.py -j 4 -a resnet50 -b 16 %s/data/imagenet/pytorch	--num_minibatches	1	1025349	5886194.000000	1
A3C	cd %s/gpusched/workloads/pytorch/rl && python3 main.py --env PongDeterministic-v4 --workers 4 --amsgrad True	--max-steps	0	31170	5944998.000000	1
Recommendation (batch size 2048)	cd %s/gpusched/workloads/pytorch/recommendation/scripts/ml-20m && python3 train.py --data_dir %s/data/ml-20m/pro_sg/ --batch_size 2048	-n	1	5537	5948959.000000	4
LM (batch size 10)	cd %s/gpusched/workloads/pytorch/language_modeling && python main.py --cuda --data %s/data/wikitext2 --batch_size 10	--steps	1	623904	5958884.000000	1
Recommendation (batch size 1024)	cd %s/gpusched/workloads/pytorch/recommendation/scripts/ml-20m && python3 train.py --data_dir %s/data/ml-20m/pro_sg/ --batch_size 1024	-n	1	2191	5958987.000000	1
Transformer (batch size 256)	cd %s/gpusched/workloads/pytorch/translation && python3 train.py -data %s/data/translation/multi30k.atok.low.pt -batch_size 256 -proj_share_weight	-step	1	273264	5962099.000000	1
LM (batch size 20)	cd %s/gpusched/workloads/pytorch/language_modeling && python main.py --cuda --data %s/data/wikitext2 --batch_size 20	--steps	1	1198146	5963581.000000	4
ResNet-50 (batch size 64)	cd %s/gpusched/workloads/pytorch/image_classification/imagenet && python3 main.py -j 4 -a resnet50 -b 64 %s/data/imagenet/pytorch	--num_minibatches	1	840585	5987939.000000	1
Recommendation (batch size 512)	cd %s/gpusched/workloads/pytorch/recommendation/scripts/ml-20m && python3 train.py --data_dir %s/data/ml-20m/pro_sg/ --batch_size 512	-n	1	1597	6011345.000000	1
CycleGAN	cd %s/gpusched/workloads/pytorch/cyclegan && python3 cyclegan.py --dataset_path %s/data/monet2photo --decay_epoch 0	--n_steps	1	64043	6016364.000000	4
Recommendation (batch size 2048)	cd %s/gpusched/workloads/pytorch/recommendation/scripts/ml-20m && python3 train.py --data_dir %s/data/ml-20m/pro_sg/ --batch_size 2048	-n	1	10717	6018962.000000	4
LM (batch size 10)	cd %s/gpusched/workloads/pytorch/language_modeling && python main.py --cuda --data %s/data/wikitext2 --batch_size 10	--steps	1	665336	6029564.000000	1
A3C	cd %s/gpusched/workloads/pytorch/rl && python3 main.py --env PongDeterministic-v4 --workers 4 --amsgrad True	--max-steps	0	105481	6034413.000000	4
ResNet-50 (batch size 64)	cd %s/gpusched/workloads/pytorch/image_classification/imagenet && python3 main.py -j 4 -a resnet50 -b 64 %s/data/imagenet/pytorch	--num_minibatches	1	795194	6194368.000000	1
LM (batch size 10)	cd %s/gpusched/workloads/pytorch/language_modeling && python main.py --cuda --data %s/data/wikitext2 --batch_size 10	--steps	1	20170824	6194627.000000	1
Recommendation (batch size 512)	cd %s/gpusched/workloads/pytorch/recommendation/scripts/ml-20m && python3 train.py --data_dir %s/data/ml-20m/pro_sg/ --batch_size 512	-n	1	3050	6220192.000000	1
ResNet-18 (batch size 16)	cd %s/gpusched/workloads/pytorch/image_classification/cifar10 && python3 main.py --data_dir=%s/data/cifar10 --batch_size 16 	--num_steps	1	1433773	6229580.000000	4
Transformer (batch size 128)	cd %s/gpusched/workloads/pytorch/translation && python3 train.py -data %s/data/translation/multi30k.atok.low.pt -batch_size 128 -proj_share_weight	-step	1	37836	6248338.000000	1
Recommendation (batch size 1024)	cd %s/gpusched/workloads/pytorch/recommendation/scripts/ml-20m && python3 train.py --data_dir %s/data/ml-20m/pro_sg/ --batch_size 1024	-n	1	10421	6255088.000000	4
LM (batch size 40)	cd %s/gpusched/workloads/pytorch/language_modeling && python main.py --cuda --data %s/data/wikitext2 --batch_size 40	--steps	1	41432676	6498622.000000	8
CycleGAN	cd %s/gpusched/workloads/pytorch/cyclegan && python3 cyclegan.py --dataset_path %s/data/monet2photo --decay_epoch 0	--n_steps	1	114591	6559995.000000	4
Transformer (batch size 32)	cd %s/gpusched/workloads/pytorch/translation && python3 train.py -data %s/data/translation/multi30k.atok.low.pt -batch_size 32 -proj_share_weight	-step	1	20896	6568501.000000	4
Recommendation (batch size 1024)	cd %s/gpusched/workloads/pytorch/recommendation/scripts/ml-20m && python3 train.py --data_dir %s/data/ml-20m/pro_sg/ --batch_size 1024	-n	1	72264	6574159.000000	1
Recommendation (batch size 512)	cd %s/gpusched/workloads/pytorch/recommendation/scripts/ml-20m && python3 train.py --data_dir %s/data/ml-20m/pro_sg/ --batch_size 512	-n	1	51271	6574940.000000	1
Transformer (batch size 256)	cd %s/gpusched/workloads/pytorch/translation && python3 train.py -data %s/data/translation/multi30k.atok.low.pt -batch_size 256 -proj_share_weight	-step	1	285591	6656261.000000	1
ResNet-18 (batch size 32)	cd %s/gpusched/workloads/pytorch/image_classification/cifar10 && python3 main.py --data_dir=%s/data/cifar10 --batch_size 32 	--num_steps	1	14245686	6673017.000000	8
Recommendation (batch size 4096)	cd %s/gpusched/workloads/pytorch/recommendation/scripts/ml-20m && python3 train.py --data_dir %s/data/ml-20m/pro_sg/ --batch_size 4096	-n	1	134137	6742142.000000	1
Transformer (batch size 16)	cd %s/gpusched/workloads/pytorch/translation && python3 train.py -data %s/data/translation/multi30k.atok.low.pt -batch_size 16 -proj_share_weight	-step	1	22043	6916858.000000	1
ResNet-18 (batch size 256)	cd %s/gpusched/workloads/pytorch/image_classification/cifar10 && python3 main.py --data_dir=%s/data/cifar10 --batch_size 256 	--num_steps	1	382385	6987521.000000	8
ResNet-50 (batch size 32)	cd %s/gpusched/workloads/pytorch/image_classification/imagenet && python3 main.py -j 4 -a resnet50 -b 32 %s/data/imagenet/pytorch	--num_minibatches	1	168253	6993675.000000	8
ResNet-18 (batch size 32)	cd %s/gpusched/workloads/pytorch/image_classification/cifar10 && python3 main.py --data_dir=%s/data/cifar10 --batch_size 32 	--num_steps	1	1493848	6998504.000000	8
Transformer (batch size 16)	cd %s/gpusched/workloads/pytorch/translation && python3 train.py -data %s/data/translation/multi30k.atok.low.pt -batch_size 16 -proj_share_weight	-step	1	311712	7018786.000000	8
ResNet-18 (batch size 64)	cd %s/gpusched/workloads/pytorch/image_classification/cifar10 && python3 main.py --data_dir=%s/data/cifar10 --batch_size 64 	--num_steps	1	63402	7066224.000000	8
ResNet-18 (batch size 64)	cd %s/gpusched/workloads/pytorch/image_classification/cifar10 && python3 main.py --data_dir=%s/data/cifar10 --batch_size 64 	--num_steps	1	3982251	7069146.000000	8
Transformer (batch size 16)	cd %s/gpusched/workloads/pytorch/translation && python3 train.py -data %s/data/translation/multi30k.atok.low.pt -batch_size 16 -proj_share_weight	-step	1	99052	7070488.000000	1
Transformer (batch size 16)	cd %s/gpusched/workloads/pytorch/translation && python3 train.py -data %s/data/translation/multi30k.atok.low.pt -batch_size 16 -proj_share_weight	-step	1	1259670	7072684.000000	1
Recommendation (batch size 4096)	cd %s/gpusched/workloads/pytorch/recommendation/scripts/ml-20m && python3 train.py --data_dir %s/data/ml-20m/pro_sg/ --batch_size 4096	-n	1	61015	7072917.000000	1
ResNet-50 (batch size 16)	cd %s/gpusched/workloads/pytorch/image_classification/imagenet && python3 main.py -j 4 -a resnet50 -b 16 %s/data/imagenet/pytorch	--num_minibatches	1	295520	7078470.000000	4
Transformer (batch size 256)	cd %s/gpusched/workloads/pytorch/translation && python3 train.py -data %s/data/translation/multi30k.atok.low.pt -batch_size 256 -proj_share_weight	-step	1	148375	7086458.000000	8
LM (batch size 40)	cd %s/gpusched/workloads/pytorch/language_modeling && python main.py --cuda --data %s/data/wikitext2 --batch_size 40	--steps	1	1466807	7090173.000000	1
ResNet-50 (batch size 128)	cd %s/gpusched/workloads/pytorch/image_classification/imagenet && python3 main.py -j 4 -a resnet50 -b 128 %s/data/imagenet/pytorch	--num_minibatches	1	107498	7108442.000000	1
ResNet-18 (batch size 256)	cd %s/gpusched/workloads/pytorch/image_classification/cifar10 && python3 main.py --data_dir=%s/data/cifar10 --batch_size 256 	--num_steps	1	123769	7158204.000000	1
ResNet-18 (batch size 16)	cd %s/gpusched/workloads/pytorch/image_classification/cifar10 && python3 main.py --data_dir=%s/data/cifar10 --batch_size 16 	--num_steps	1	733277	7161738.000000	8
LM (batch size 20)	cd %s/gpusched/workloads/pytorch/language_modeling && python main.py --cuda --data %s/data/wikitext2 --batch_size 20	--steps	1	18351432	7273750.000000	1
ResNet-18 (batch size 32)	cd %s/gpusched/workloads/pytorch/image_classification/cifar10 && python3 main.py --data_dir=%s/data/cifar10 --batch_size 32 	--num_steps	1	7747862	7294486.000000	1
LM (batch size 40)	cd %s/gpusched/workloads/pytorch/language_modeling && python main.py --cuda --data %s/data/wikitext2 --batch_size 40	--steps	1	6043311	7371078.000000	1
ResNet-50 (batch size 32)	cd %s/gpusched/workloads/pytorch/image_classification/imagenet && python3 main.py -j 4 -a resnet50 -b 32 %s/data/imagenet/pytorch	--num_minibatches	1	229909	7371765.000000	4
LM (batch size 40)	cd %s/gpusched/workloads/pytorch/language_modeling && python main.py --cuda --data %s/data/wikitext2 --batch_size 40	--steps	1	1010864	7410341.000000	1
A3C	cd %s/gpusched/workloads/pytorch/rl && python3 main.py --env PongDeterministic-v4 --workers 4 --amsgrad True	--max-steps	0	369934	7666551.000000	4
ResNet-50 (batch size 16)	cd %s/gpusched/workloads/pytorch/image_classification/imagenet && python3 main.py -j 4 -a resnet50 -b 16 %s/data/imagenet/pytorch	--num_minibatches	1	2011763	7737258.000000	1
Recommendation (batch size 8192)	cd %s/gpusched/workloads/pytorch/recommendation/scripts/ml-20m && python3 train.py --data_dir %s/data/ml-20m/pro_sg/ --batch_size 8192	-n	1	15061	7796379.000000	1
Recommendation (batch size 2048)	cd %s/gpusched/workloads/pytorch/recommendation/scripts/ml-20m && python3 train.py --data_dir %s/data/ml-20m/pro_sg/ --batch_size 2048	-n	1	12002	7800205.000000	1
LM (batch size 80)	cd %s/gpusched/workloads/pytorch/language_modeling && python main.py --cuda --data %s/data/wikitext2 --batch_size 80	--steps	1	3803018	7832134.000000	1
LM (batch size 10)	cd %s/gpusched/workloads/pytorch/language_modeling && python main.py --cuda --data %s/data/wikitext2 --batch_size 10	--steps	1	567134	7850188.000000	1
ResNet-18 (batch size 32)	cd %s/gpusched/workloads/pytorch/image_classification/cifar10 && python3 main.py --data_dir=%s/data/cifar10 --batch_size 32 	--num_steps	1	295071	7850840.000000	1
Transformer (batch size 128)	cd %s/gpusched/workloads/pytorch/translation && python3 train.py -data %s/data/translation/multi30k.atok.low.pt -batch_size 128 -proj_share_weight	-step	1	121841	7854372.000000	4
ResNet-50 (batch size 32)	cd %s/gpusched/workloads/pytorch/image_classification/imagenet && python3 main.py -j 4 -a resnet50 -b 32 %s/data/imagenet/pytorch	--num_minibatches	1	45852	7875681.000000	1
Transformer (batch size 64)	cd %s/gpusched/workloads/pytorch/translation && python3 train.py -data %s/data/translation/multi30k.atok.low.pt -batch_size 64 -proj_share_weight	-step	1	91833	7939057.000000	1
